Log file open, 10/19/19 18:35:13
LogWindows: Failed to load 'aqProf.dll' (GetLastError=126)
LogWindows: File 'aqProf.dll' does not exist
LogWindows: Failed to load 'VtuneApi.dll' (GetLastError=126)
LogWindows: File 'VtuneApi.dll' does not exist
LogWindows: Failed to load 'VtuneApi32e.dll' (GetLastError=126)
LogWindows: File 'VtuneApi32e.dll' does not exist
LogConsoleResponse: Display: Failed to find resolution value strings in scalability ini. Falling back to default.
LogInit: Display: Running engine for game: shootemup
LogPlatformFile: Not using cached read wrapper
LogTaskGraph: Started task graph with 5 named threads and 14 total threads with 3 sets of task threads.
LogStats: Stats thread started at 0.237999
LogD3D11RHI: Loaded GFSDK_Aftermath_Lib.x64.dll
LogICUInternationalization: ICU TimeZone Detection - Raw Offset: +1:00, Platform Override: ''
LogPluginManager: Mounting plugin Paper2D
LogPluginManager: Mounting plugin AISupport
LogPluginManager: Mounting plugin LightPropagationVolume
LogPluginManager: Mounting plugin ActorLayerUtilities
LogPluginManager: Mounting plugin AnimationSharing
LogPluginManager: Mounting plugin CLionSourceCodeAccess
LogPluginManager: Mounting plugin CodeLiteSourceCodeAccess
LogPluginManager: Mounting plugin GitSourceControl
LogPluginManager: Mounting plugin KDevelopSourceCodeAccess
LogPluginManager: Mounting plugin NullSourceCodeAccess
LogPluginManager: Mounting plugin PerforceSourceControl
LogPluginManager: Mounting plugin SubversionSourceControl
LogPluginManager: Mounting plugin UObjectPlugin
LogPluginManager: Mounting plugin VisualStudioCodeSourceCodeAccess
LogPluginManager: Mounting plugin VisualStudioSourceCodeAccess
LogPluginManager: Mounting plugin XCodeSourceCodeAccess
LogPluginManager: Mounting plugin AssetManagerEditor
LogPluginManager: Mounting plugin CryptoKeys
LogPluginManager: Mounting plugin CurveEditorTools
LogPluginManager: Mounting plugin DataValidation
LogPluginManager: Mounting plugin FacialAnimation
LogPluginManager: Mounting plugin GameplayTagsEditor
LogPluginManager: Mounting plugin MacGraphicsSwitching
LogPluginManager: Mounting plugin MaterialAnalyzer
LogPluginManager: Mounting plugin MobileLauncherProfileWizard
LogPluginManager: Mounting plugin PluginBrowser
LogPluginManager: Mounting plugin SpeedTreeImporter
LogPluginManager: Mounting plugin DatasmithContent
LogPluginManager: Mounting plugin VariantManagerContent
LogPluginManager: Mounting plugin AlembicImporter
LogPluginManager: Mounting plugin AutomationUtils
LogPluginManager: Mounting plugin BackChannel
LogPluginManager: Mounting plugin CharacterAI
LogPluginManager: Mounting plugin GeometryCache
LogPluginManager: Mounting plugin HTML5Networking
LogPluginManager: Mounting plugin PlatformCrypto
LogPluginManager: Mounting plugin ProxyLODPlugin
LogPluginManager: Mounting plugin SkeletalReduction
LogPluginManager: Mounting plugin MagicLeap
LogPluginManager: Mounting plugin MagicLeapMedia
LogPluginManager: Mounting plugin AndroidMedia
LogPluginManager: Mounting plugin AvfMedia
LogPluginManager: Mounting plugin ImgMedia
LogPluginManager: Mounting plugin MediaCompositing
LogPluginManager: Mounting plugin MediaPlayerEditor
LogPluginManager: Mounting plugin WebMMedia
LogPluginManager: Mounting plugin WmfMedia
LogPluginManager: Mounting plugin TcpMessaging
LogPluginManager: Mounting plugin UdpMessaging
LogPluginManager: Mounting plugin ActorSequence
LogPluginManager: Mounting plugin LevelSequenceEditor
LogPluginManager: Mounting plugin MatineeToLevelSequence
LogPluginManager: Mounting plugin NetcodeUnitTest
LogPluginManager: Mounting plugin NUTUnrealEngine4
LogPluginManager: Mounting plugin OnlineSubsystemGooglePlay
LogPluginManager: Mounting plugin OnlineSubsystemIOS
LogPluginManager: Mounting plugin OnlineSubsystem
LogPluginManager: Mounting plugin OnlineSubsystemNull
LogPluginManager: Mounting plugin OnlineSubsystemUtils
LogPluginManager: Mounting plugin LauncherChunkInstaller
LogPluginManager: Mounting plugin AndroidDeviceProfileSelector
LogPluginManager: Mounting plugin AndroidMoviePlayer
LogPluginManager: Mounting plugin AndroidPermission
LogPluginManager: Mounting plugin AppleImageUtils
LogPluginManager: Mounting plugin AppleMoviePlayer
LogPluginManager: Mounting plugin ArchVisCharacter
LogPluginManager: Mounting plugin AudioCapture
LogPluginManager: Mounting plugin CableComponent
LogPluginManager: Mounting plugin CustomMeshComponent
LogPluginManager: Mounting plugin EditableMesh
LogPluginManager: Mounting plugin ExampleDeviceProfileSelector
LogPluginManager: Mounting plugin GoogleCloudMessaging
LogPluginManager: Mounting plugin IOSDeviceProfileSelector
LogPluginManager: Mounting plugin LinuxDeviceProfileSelector
LogPluginManager: Mounting plugin LocationServicesBPLibrary
LogPluginManager: Mounting plugin MobilePatchingUtils
LogPluginManager: Mounting plugin OculusVR
LogPluginManager: Mounting plugin PhysXVehicles
LogPluginManager: Mounting plugin ProceduralMeshComponent
LogPluginManager: Mounting plugin RuntimePhysXCooking
LogPluginManager: Mounting plugin SignificanceManager
LogPluginManager: Mounting plugin SteamVR
LogPluginManager: Mounting plugin WebMMoviePlayer
LogPluginManager: Mounting plugin WindowsMoviePlayer
LogPluginManager: Mounting plugin ScreenshotTools
LogInit: Using libcurl 7.55.1-DEV
LogInit:  - built for x86_64-pc-win32
LogInit:  - supports SSL with OpenSSL/1.1.1
LogInit:  - supports HTTP deflate (compression) using libz 1.2.8
LogInit:  - other features:
LogInit:      CURL_VERSION_SSL
LogInit:      CURL_VERSION_LIBZ
LogInit:      CURL_VERSION_IPV6
LogInit:      CURL_VERSION_ASYNCHDNS
LogInit:      CURL_VERSION_LARGEFILE
LogInit:      CURL_VERSION_IDN
LogInit:  CurlRequestOptions (configurable via config and command line):
LogInit:  - bVerifyPeer = true  - Libcurl will verify peer certificate
LogInit:  - bUseHttpProxy = false  - Libcurl will NOT use HTTP proxy
LogInit:  - bDontReuseConnections = false  - Libcurl will reuse connections
LogInit:  - MaxHostConnections = 16  - Libcurl will limit the number of connections to a host
LogInit:  - LocalHostAddr = Default
LogInit:  - BufferSize = 65536
LogOnline: OSS: Creating online subsystem instance for: NULL
LogInit: WinSock: version 1.1 (2.2), MaxSocks=32767, MaxUdp=65467
LogInit: Build: ++UE4+Release-4.23-CL-8386587
LogInit: Engine Version: 4.23.0-8386587+++UE4+Release-4.23
LogInit: Compatible Engine Version: 4.23.0-8386587+++UE4+Release-4.23
LogInit: Net CL: 8386587
LogInit: OS: Windows 10 (Release 1903) (), CPU: Intel(R) Core(TM) i5-7400 CPU @ 3.00GHz, GPU: NVIDIA GeForce GTX 1060 6GB
LogInit: Compiled (64-bit): Aug 31 2019 02:04:44
LogInit: Compiled with Visual C++: 19.16.27030.01
LogInit: Build Configuration: Development
LogInit: Branch Name: ++UE4+Release-4.23
LogInit: Command Line:  /Game/AdvancedVillagePack/Maps/AdvancedVillagePack_Showcase -game -PIEVIACONSOLE -ResX=1280 -ResY=720 -Multiprocess -messaging -SessionName="Play in Standalone Game" -windowed
LogInit: Base Directory: D:/Yukinoshita/Epic Games/UE_4.23/Engine/Binaries/Win64/
LogInit: Installed Engine Build: 1
LogDevObjectVersion: Number of dev versions registered: 23
LogDevObjectVersion:   Dev-Blueprints (B0D832E4-1F89-4F0D-ACCF-7EB736FD4AA2): 10
LogDevObjectVersion:   Dev-Build (E1C64328-A22C-4D53-A36C-8E866417BD8C): 0
LogDevObjectVersion:   Dev-Core (375EC13C-06E4-48FB-B500-84F0262A717E): 3
LogDevObjectVersion:   Dev-Editor (E4B068ED-F494-42E9-A231-DA0B2E46BB41): 34
LogDevObjectVersion:   Dev-Framework (CFFC743F-43B0-4480-9391-14DF171D2073): 35
LogDevObjectVersion:   Dev-Mobile (B02B49B5-BB20-44E9-A304-32B752E40360): 2
LogDevObjectVersion:   Dev-Networking (A4E4105C-59A1-49B5-A7C5-40C4547EDFEE): 0
LogDevObjectVersion:   Dev-Online (39C831C9-5AE6-47DC-9A44-9C173E1C8E7C): 0
LogDevObjectVersion:   Dev-Physics (78F01B33-EBEA-4F98-B9B4-84EACCB95AA2): 0
LogDevObjectVersion:   Dev-Platform (6631380F-2D4D-43E0-8009-CF276956A95A): 0
LogDevObjectVersion:   Dev-Rendering (12F88B9F-8875-4AFC-A67C-D90C383ABD29): 31
LogDevObjectVersion:   Dev-Sequencer (7B5AE74C-D270-4C10-A958-57980B212A5A): 11
LogDevObjectVersion:   Dev-VR (D7296918-1DD6-4BDD-9DE2-64A83CC13884): 2
LogDevObjectVersion:   Dev-LoadTimes (C2A15278-BFE7-4AFE-6C17-90FF531DF755): 1
LogDevObjectVersion:   Private-Geometry (6EACA3D4-40EC-4CC1-B786-8BED09428FC5): 3
LogDevObjectVersion:   Dev-AnimPhys (29E575DD-E0A3-4627-9D10-D276232CDCEA): 17
LogDevObjectVersion:   Dev-Anim (AF43A65D-7FD3-4947-9873-3E8ED9C1BB05): 2
LogDevObjectVersion:   Dev-ReflectionCapture (6B266CEC-1EC7-4B8F-A30B-E4D90942FC07): 1
LogDevObjectVersion:   Dev-Automation (0DF73D61-A23F-47EA-B727-89E90C41499A): 1
LogDevObjectVersion:   FortniteMain (601D1886-AC64-4F84-AA16-D3DE0DEAC7D6): 27
LogDevObjectVersion:   Dev-Enterprise (9DFFBCD6-494F-0158-E221-12823C92A888): 6
LogDevObjectVersion:   Dev-Niagara (F2AED0AC-9AFE-416F-8664-AA7FFA26D6FC): 1
LogDevObjectVersion:   Dev-Destruction (174F1F0B-B4C6-45A5-B13F-2EE8D0FB917D): 9
LogInit: Presizing for max 16777216 objects, including 0 objects not considered by GC, pre-allocating 0 bytes for permanent pool.
LogInit: Object subsystem initialized
LogConfig: Setting CVar [[con.DebugEarlyDefault:1]]
LogConfig: Setting CVar [[r.setres:1280x720]]
[2019.10.19-16.35.13:671][  0]LogConfig: Setting CVar [[con.DebugEarlyDefault:1]]
[2019.10.19-16.35.13:671][  0]LogConfig: Setting CVar [[r.setres:1280x720]]
[2019.10.19-16.35.13:671][  0]LogConfig: Applying CVar settings from Section [/Script/Engine.RendererSettings] File [D:/Yukinoshita/Documents/Projets/Unreal Engine project/Shootemup/shootemup/Saved/Config/Windows/Engine.ini]
[2019.10.19-16.35.13:671][  0]LogConfig: Setting CVar [[r.GPUCrashDebugging:0]]
[2019.10.19-16.35.13:671][  0]LogConfig: Setting CVar [[r.MobileHDR:1]]
[2019.10.19-16.35.13:671][  0]LogConfig: Setting CVar [[r.Mobile.DisableVertexFog:1]]
[2019.10.19-16.35.13:671][  0]LogConfig: Setting CVar [[r.Shadow.CSM.MaxMobileCascades:2]]
[2019.10.19-16.35.13:671][  0]LogConfig: Setting CVar [[r.MobileMSAA:1]]
[2019.10.19-16.35.13:671][  0]LogConfig: Setting CVar [[r.Mobile.UseLegacyShadingModel:0]]
[2019.10.19-16.35.13:671][  0]LogConfig: Setting CVar [[r.Mobile.UseHWsRGBEncoding:0]]
[2019.10.19-16.35.13:671][  0]LogConfig: Setting CVar [[r.Mobile.AllowDitheredLODTransition:0]]
[2019.10.19-16.35.13:672][  0]LogConfig: Setting CVar [[r.Mobile.AllowSoftwareOcclusion:0]]
[2019.10.19-16.35.13:672][  0]LogConfig: Setting CVar [[r.DiscardUnusedQuality:0]]
[2019.10.19-16.35.13:672][  0]LogConfig: Setting CVar [[r.AllowOcclusionQueries:1]]
[2019.10.19-16.35.13:672][  0]LogConfig: Setting CVar [[r.MinScreenRadiusForLights:0.030000]]
[2019.10.19-16.35.13:672][  0]LogConfig: Setting CVar [[r.MinScreenRadiusForDepthPrepass:0.030000]]
[2019.10.19-16.35.13:672][  0]LogConfig: Setting CVar [[r.MinScreenRadiusForCSMDepth:0.010000]]
[2019.10.19-16.35.13:672][  0]LogConfig: Setting CVar [[r.PrecomputedVisibilityWarning:0]]
[2019.10.19-16.35.13:672][  0]LogConfig: Setting CVar [[r.TextureStreaming:1]]
[2019.10.19-16.35.13:672][  0]LogConfig: Setting CVar [[Compat.UseDXT5NormalMaps:0]]
[2019.10.19-16.35.13:672][  0]LogConfig: Setting CVar [[r.VirtualTextures:0]]
[2019.10.19-16.35.13:672][  0]LogConfig: Setting CVar [[r.VirtualTexturedLightmaps:0]]
[2019.10.19-16.35.13:672][  0]LogConfig: Setting CVar [[r.VT.TileSize:128]]
[2019.10.19-16.35.13:672][  0]LogConfig: Setting CVar [[r.VT.TileBorderSize:4]]
[2019.10.19-16.35.13:672][  0]LogConfig: Setting CVar [[r.vt.FeedbackFactor:16]]
[2019.10.19-16.35.13:672][  0]LogConfig: Setting CVar [[r.VT.EnableCompressZlib:1]]
[2019.10.19-16.35.13:672][  0]LogConfig: Setting CVar [[r.VT.EnableCompressCrunch:0]]
[2019.10.19-16.35.13:672][  0]LogConfig: Setting CVar [[r.ClearCoatNormal:0]]
[2019.10.19-16.35.13:672][  0]LogConfig: Setting CVar [[r.ReflectionCaptureResolution:128]]
[2019.10.19-16.35.13:672][  0]LogConfig: Setting CVar [[r.ReflectionEnvironmentLightmapMixBasedOnRoughness:1]]
[2019.10.19-16.35.13:672][  0]LogConfig: Setting CVar [[r.ForwardShading:0]]
[2019.10.19-16.35.13:672][  0]LogConfig: Setting CVar [[r.VertexFoggingForOpaque:1]]
[2019.10.19-16.35.13:672][  0]LogConfig: Setting CVar [[r.AllowStaticLighting:1]]
[2019.10.19-16.35.13:672][  0]LogConfig: Setting CVar [[r.NormalMapsForStaticLighting:0]]
[2019.10.19-16.35.13:672][  0]LogConfig: Setting CVar [[r.GenerateMeshDistanceFields:0]]
[2019.10.19-16.35.13:672][  0]LogConfig: Setting CVar [[r.DistanceFieldBuild.EightBit:0]]
[2019.10.19-16.35.13:672][  0]LogConfig: Setting CVar [[r.GenerateLandscapeGIData:0]]
[2019.10.19-16.35.13:672][  0]LogConfig: Setting CVar [[r.DistanceFieldBuild.Compress:0]]
[2019.10.19-16.35.13:672][  0]LogConfig: Setting CVar [[r.TessellationAdaptivePixelsPerTriangle:48.000000]]
[2019.10.19-16.35.13:672][  0]LogConfig: Setting CVar [[r.SeparateTranslucency:1]]
[2019.10.19-16.35.13:672][  0]LogConfig: Setting CVar [[r.TranslucentSortPolicy:0]]
[2019.10.19-16.35.13:672][  0]LogConfig: Setting CVar [[r.CustomDepth:1]]
[2019.10.19-16.35.13:672][  0]LogConfig: Setting CVar [[r.CustomDepthTemporalAAJitter:1]]
[2019.10.19-16.35.13:672][  0]LogConfig: Setting CVar [[r.PostProcessing.PropagateAlpha:0]]
[2019.10.19-16.35.13:672][  0]LogConfig: Setting CVar [[r.DefaultFeature.Bloom:1]]
[2019.10.19-16.35.13:672][  0]LogConfig: Setting CVar [[r.DefaultFeature.AmbientOcclusion:1]]
[2019.10.19-16.35.13:672][  0]LogConfig: Setting CVar [[r.DefaultFeature.AmbientOcclusionStaticFraction:1]]
[2019.10.19-16.35.13:672][  0]LogConfig: Setting CVar [[r.DefaultFeature.AutoExposure:0]]
[2019.10.19-16.35.13:672][  0]LogConfig: Setting CVar [[r.DefaultFeature.AutoExposure.Method:0]]
[2019.10.19-16.35.13:672][  0]LogConfig: Setting CVar [[r.DefaultFeature.AutoExposure.ExtendDefaultLuminanceRange:0]]
[2019.10.19-16.35.13:672][  0]LogConfig: Setting CVar [[r.UsePreExposure:1]]
[2019.10.19-16.35.13:672][  0]LogConfig: Setting CVar [[r.EyeAdaptation.EditorOnly:1]]
[2019.10.19-16.35.13:672][  0]LogConfig: Setting CVar [[r.DefaultFeature.MotionBlur:0]]
[2019.10.19-16.35.13:672][  0]LogConfig: Setting CVar [[r.DefaultFeature.LensFlare:0]]
[2019.10.19-16.35.13:672][  0]LogConfig: Setting CVar [[r.TemporalAA.Upsampling:0]]
[2019.10.19-16.35.13:672][  0]LogConfig: Setting CVar [[r.DefaultFeature.AntiAliasing:0]]
[2019.10.19-16.35.13:672][  0]LogConfig: Setting CVar [[r.DefaultFeature.LightUnits:1]]
[2019.10.19-16.35.13:672][  0]LogConfig: Setting CVar [[r.DefaultBackBufferPixelFormat:4]]
[2019.10.19-16.35.13:672][  0]LogConfig: Setting CVar [[r.Shadow.UnbuiltPreviewInGame:1]]
[2019.10.19-16.35.13:672][  0]LogConfig: Setting CVar [[r.StencilForLODDither:0]]
[2019.10.19-16.35.13:672][  0]LogConfig: Setting CVar [[r.EarlyZPass:3]]
[2019.10.19-16.35.13:672][  0]LogConfig: Setting CVar [[r.EarlyZPassOnlyMaterialMasking:0]]
[2019.10.19-16.35.13:672][  0]LogConfig: Setting CVar [[r.DBuffer:1]]
[2019.10.19-16.35.13:672][  0]LogConfig: Setting CVar [[r.ClearSceneMethod:1]]
[2019.10.19-16.35.13:672][  0]LogConfig: Setting CVar [[r.BasePassOutputsVelocity:0]]
[2019.10.19-16.35.13:672][  0]LogConfig: Setting CVar [[r.SelectiveBasePassOutputs:0]]
[2019.10.19-16.35.13:672][  0]LogConfig: Setting CVar [[fx.GPUSimulationTextureSizeX:1024]]
[2019.10.19-16.35.13:672][  0]LogConfig: Setting CVar [[fx.GPUSimulationTextureSizeY:1024]]
[2019.10.19-16.35.13:672][  0]LogConfig: Setting CVar [[r.AllowGlobalClipPlane:0]]
[2019.10.19-16.35.13:672][  0]LogConfig: Setting CVar [[r.GBufferFormat:1]]
[2019.10.19-16.35.13:672][  0]LogConfig: Setting CVar [[r.MorphTarget.Mode:1]]
[2019.10.19-16.35.13:672][  0]LogConfig: Setting CVar [[vr.InstancedStereo:0]]
[2019.10.19-16.35.13:672][  0]LogConfig: Setting CVar [[vr.MultiView:0]]
[2019.10.19-16.35.13:672][  0]LogConfig: Setting CVar [[vr.MobileMultiView:0]]
[2019.10.19-16.35.13:673][  0]LogConfig: Setting CVar [[vr.MobileMultiView.Direct:0]]
[2019.10.19-16.35.13:673][  0]LogConfig: Setting CVar [[vr.RoundRobinOcclusion:0]]
[2019.10.19-16.35.13:673][  0]LogConfig: Setting CVar [[vr.ODSCapture:0]]
[2019.10.19-16.35.13:673][  0]LogConfig: Setting CVar [[r.WireframeCullThreshold:5.000000]]
[2019.10.19-16.35.13:673][  0]LogConfig: Setting CVar [[r.RayTracing:0]]
[2019.10.19-16.35.13:673][  0]LogConfig: Setting CVar [[r.SupportStationarySkylight:1]]
[2019.10.19-16.35.13:673][  0]LogConfig: Setting CVar [[r.SupportLowQualityLightmaps:1]]
[2019.10.19-16.35.13:673][  0]LogConfig: Setting CVar [[r.SupportPointLightWholeSceneShadows:1]]
[2019.10.19-16.35.13:673][  0]LogConfig: Setting CVar [[r.SupportAtmosphericFog:1]]
[2019.10.19-16.35.13:673][  0]LogConfig: Setting CVar [[r.SkinCache.CompileShaders:0]]
[2019.10.19-16.35.13:673][  0]LogConfig: Setting CVar [[r.Mobile.EnableStaticAndCSMShadowReceivers:1]]
[2019.10.19-16.35.13:673][  0]LogConfig: Setting CVar [[r.Mobile.EnableMovableLightCSMShaderCulling:1]]
[2019.10.19-16.35.13:673][  0]LogConfig: Setting CVar [[r.Mobile.AllowDistanceFieldShadows:1]]
[2019.10.19-16.35.13:673][  0]LogConfig: Setting CVar [[r.Mobile.AllowMovableDirectionalLights:1]]
[2019.10.19-16.35.13:673][  0]LogConfig: Setting CVar [[r.MobileNumDynamicPointLights:4]]
[2019.10.19-16.35.13:673][  0]LogConfig: Setting CVar [[r.MobileDynamicPointLightsUseStaticBranch:1]]
[2019.10.19-16.35.13:673][  0]LogConfig: Setting CVar [[r.Mobile.EnableMovableSpotlights:0]]
[2019.10.19-16.35.13:673][  0]LogConfig: Setting CVar [[r.SkinCache.SceneMemoryLimitInMB:128.000000]]
[2019.10.19-16.35.13:673][  0]LogConfig: Setting CVar [[r.GPUSkin.Limit2BoneInfluences:0]]
[2019.10.19-16.35.13:673][  0]LogConfig: Setting CVar [[r.SupportDepthOnlyIndexBuffers:1]]
[2019.10.19-16.35.13:673][  0]LogConfig: Setting CVar [[r.SupportReversedIndexBuffers:1]]
[2019.10.19-16.35.13:673][  0]LogConfig: Setting CVar [[r.SupportMaterialLayers:0]]
[2019.10.19-16.35.13:673][  0]LogConfig: Applying CVar settings from Section [/Script/Engine.RendererOverrideSettings] File [D:/Yukinoshita/Documents/Projets/Unreal Engine project/Shootemup/shootemup/Saved/Config/Windows/Engine.ini]
[2019.10.19-16.35.13:673][  0]LogConfig: Applying CVar settings from Section [/Script/Engine.StreamingSettings] File [D:/Yukinoshita/Documents/Projets/Unreal Engine project/Shootemup/shootemup/Saved/Config/Windows/Engine.ini]
[2019.10.19-16.35.13:673][  0]LogConfig: Setting CVar [[s.MinBulkDataSizeForAsyncLoading:131072]]
[2019.10.19-16.35.13:673][  0]LogConfig: Setting CVar [[s.AsyncLoadingThreadEnabled:0]]
[2019.10.19-16.35.13:673][  0]LogConfig: Setting CVar [[s.EventDrivenLoaderEnabled:1]]
[2019.10.19-16.35.13:673][  0]LogConfig: Setting CVar [[s.WarnIfTimeLimitExceeded:0]]
[2019.10.19-16.35.13:673][  0]LogConfig: Setting CVar [[s.TimeLimitExceededMultiplier:1.5]]
[2019.10.19-16.35.13:673][  0]LogConfig: Setting CVar [[s.TimeLimitExceededMinTime:0.005]]
[2019.10.19-16.35.13:673][  0]LogConfig: Setting CVar [[s.UseBackgroundLevelStreaming:1]]
[2019.10.19-16.35.13:673][  0]LogConfig: Setting CVar [[s.PriorityAsyncLoadingExtraTime:15.0]]
[2019.10.19-16.35.13:673][  0]LogConfig: Setting CVar [[s.LevelStreamingActorsUpdateTimeLimit:5.0]]
[2019.10.19-16.35.13:673][  0]LogConfig: Setting CVar [[s.PriorityLevelStreamingActorsUpdateExtraTime:5.0]]
[2019.10.19-16.35.13:673][  0]LogConfig: Setting CVar [[s.LevelStreamingComponentsRegistrationGranularity:10]]
[2019.10.19-16.35.13:673][  0]LogConfig: Setting CVar [[s.UnregisterComponentsTimeLimit:1.0]]
[2019.10.19-16.35.13:673][  0]LogConfig: Setting CVar [[s.LevelStreamingComponentsUnregistrationGranularity:5]]
[2019.10.19-16.35.13:673][  0]LogConfig: Applying CVar settings from Section [/Script/Engine.GarbageCollectionSettings] File [D:/Yukinoshita/Documents/Projets/Unreal Engine project/Shootemup/shootemup/Saved/Config/Windows/Engine.ini]
[2019.10.19-16.35.13:673][  0]LogConfig: Setting CVar [[gc.MaxObjectsNotConsideredByGC:1]]
[2019.10.19-16.35.13:673][  0]LogConfig: Setting CVar [[gc.SizeOfPermanentObjectPool:0]]
[2019.10.19-16.35.13:673][  0]LogConfig: Setting CVar [[gc.FlushStreamingOnGC:0]]
[2019.10.19-16.35.13:673][  0]LogConfig: Setting CVar [[gc.NumRetriesBeforeForcingGC:10]]
[2019.10.19-16.35.13:673][  0]LogConfig: Setting CVar [[gc.AllowParallelGC:1]]
[2019.10.19-16.35.13:673][  0]LogConfig: Setting CVar [[gc.TimeBetweenPurgingPendingKillObjects:61.1]]
[2019.10.19-16.35.13:673][  0]LogConfig: Setting CVar [[gc.MaxObjectsInEditor:16777216]]
[2019.10.19-16.35.13:673][  0]LogConfig: Setting CVar [[gc.IncrementalBeginDestroyEnabled:1]]
[2019.10.19-16.35.13:673][  0]LogConfig: Setting CVar [[gc.CreateGCClusters:1]]
[2019.10.19-16.35.13:673][  0]LogConfig: Setting CVar [[gc.MinGCClusterSize:5]]
[2019.10.19-16.35.13:673][  0]LogConfig: Setting CVar [[gc.ActorClusteringEnabled:0]]
[2019.10.19-16.35.13:673][  0]LogConfig: Setting CVar [[gc.BlueprintClusteringEnabled:0]]
[2019.10.19-16.35.13:673][  0]LogConfig: Setting CVar [[gc.UseDisregardForGCOnDedicatedServers:0]]
[2019.10.19-16.35.13:673][  0]LogConfig: Applying CVar settings from Section [/Script/Engine.NetworkSettings] File [D:/Yukinoshita/Documents/Projets/Unreal Engine project/Shootemup/shootemup/Saved/Config/Windows/Engine.ini]
[2019.10.19-16.35.13:673][  0]LogConfig: Applying CVar settings from Section [/Script/UnrealEd.CookerSettings] File [D:/Yukinoshita/Documents/Projets/Unreal Engine project/Shootemup/shootemup/Saved/Config/Windows/Engine.ini]
[2019.10.19-16.35.13:679][  0]LogConfig: Applying CVar settings from Section [ViewDistanceQuality@3] File [D:/Yukinoshita/Documents/Projets/Unreal Engine project/Shootemup/shootemup/Saved/Config/Windows/Scalability.ini]
[2019.10.19-16.35.13:679][  0]LogConfig: Setting CVar [[r.SkeletalMeshLODBias:0]]
[2019.10.19-16.35.13:679][  0]LogConfig: Setting CVar [[r.ViewDistanceScale:1.0]]
[2019.10.19-16.35.13:679][  0]LogConfig: Applying CVar settings from Section [AntiAliasingQuality@3] File [D:/Yukinoshita/Documents/Projets/Unreal Engine project/Shootemup/shootemup/Saved/Config/Windows/Scalability.ini]
[2019.10.19-16.35.13:679][  0]LogConfig: Setting CVar [[r.PostProcessAAQuality:4]]
[2019.10.19-16.35.13:679][  0]LogConfig: Applying CVar settings from Section [ShadowQuality@3] File [D:/Yukinoshita/Documents/Projets/Unreal Engine project/Shootemup/shootemup/Saved/Config/Windows/Scalability.ini]
[2019.10.19-16.35.13:679][  0]LogConfig: Setting CVar [[r.LightFunctionQuality:1]]
[2019.10.19-16.35.13:679][  0]LogConfig: Setting CVar [[r.ShadowQuality:5]]
[2019.10.19-16.35.13:679][  0]LogConfig: Setting CVar [[r.Shadow.CSM.MaxCascades:10]]
[2019.10.19-16.35.13:679][  0]LogConfig: Setting CVar [[r.Shadow.MaxResolution:2048]]
[2019.10.19-16.35.13:679][  0]LogConfig: Setting CVar [[r.Shadow.MaxCSMResolution:2048]]
[2019.10.19-16.35.13:680][  0]LogConfig: Setting CVar [[r.Shadow.RadiusThreshold:0.01]]
[2019.10.19-16.35.13:680][  0]LogConfig: Setting CVar [[r.Shadow.DistanceScale:1.0]]
[2019.10.19-16.35.13:680][  0]LogConfig: Setting CVar [[r.Shadow.CSM.TransitionScale:1.0]]
[2019.10.19-16.35.13:680][  0]LogConfig: Setting CVar [[r.Shadow.PreShadowResolutionFactor:1.0]]
[2019.10.19-16.35.13:680][  0]LogConfig: Setting CVar [[r.DistanceFieldShadowing:1]]
[2019.10.19-16.35.13:680][  0]LogConfig: Setting CVar [[r.DistanceFieldAO:1]]
[2019.10.19-16.35.13:680][  0]LogConfig: Setting CVar [[r.AOQuality:2]]
[2019.10.19-16.35.13:680][  0]LogConfig: Setting CVar [[r.VolumetricFog:1]]
[2019.10.19-16.35.13:680][  0]LogConfig: Setting CVar [[r.VolumetricFog.GridPixelSize:8]]
[2019.10.19-16.35.13:680][  0]LogConfig: Setting CVar [[r.VolumetricFog.GridSizeZ:128]]
[2019.10.19-16.35.13:680][  0]LogConfig: Setting CVar [[r.VolumetricFog.HistoryMissSupersampleCount:4]]
[2019.10.19-16.35.13:680][  0]LogConfig: Setting CVar [[r.LightMaxDrawDistanceScale:1]]
[2019.10.19-16.35.13:680][  0]LogConfig: Setting CVar [[r.CapsuleShadows:1]]
[2019.10.19-16.35.13:680][  0]LogConfig: Applying CVar settings from Section [PostProcessQuality@3] File [D:/Yukinoshita/Documents/Projets/Unreal Engine project/Shootemup/shootemup/Saved/Config/Windows/Scalability.ini]
[2019.10.19-16.35.13:680][  0]LogConfig: Setting CVar [[r.MotionBlurQuality:4]]
[2019.10.19-16.35.13:680][  0]LogConfig: Setting CVar [[r.AmbientOcclusionMipLevelFactor:0.4]]
[2019.10.19-16.35.13:680][  0]LogConfig: Setting CVar [[r.AmbientOcclusionMaxQuality:100]]
[2019.10.19-16.35.13:680][  0]LogConfig: Setting CVar [[r.AmbientOcclusionLevels:-1]]
[2019.10.19-16.35.13:680][  0]LogConfig: Setting CVar [[r.AmbientOcclusionRadiusScale:1.0]]
[2019.10.19-16.35.13:680][  0]LogConfig: Setting CVar [[r.DepthOfFieldQuality:2]]
[2019.10.19-16.35.13:680][  0]LogConfig: Setting CVar [[r.RenderTargetPoolMin:400]]
[2019.10.19-16.35.13:680][  0]LogConfig: Setting CVar [[r.LensFlareQuality:2]]
[2019.10.19-16.35.13:680][  0]LogConfig: Setting CVar [[r.SceneColorFringeQuality:1]]
[2019.10.19-16.35.13:680][  0]LogConfig: Setting CVar [[r.EyeAdaptationQuality:2]]
[2019.10.19-16.35.13:680][  0]LogConfig: Setting CVar [[r.BloomQuality:5]]
[2019.10.19-16.35.13:680][  0]LogConfig: Setting CVar [[r.FastBlurThreshold:100]]
[2019.10.19-16.35.13:680][  0]LogConfig: Setting CVar [[r.Upscale.Quality:3]]
[2019.10.19-16.35.13:680][  0]LogConfig: Setting CVar [[r.Tonemapper.GrainQuantization:1]]
[2019.10.19-16.35.13:680][  0]LogConfig: Setting CVar [[r.LightShaftQuality:1]]
[2019.10.19-16.35.13:680][  0]LogConfig: Setting CVar [[r.Filter.SizeScale:1]]
[2019.10.19-16.35.13:680][  0]LogConfig: Setting CVar [[r.Tonemapper.Quality:5]]
[2019.10.19-16.35.13:680][  0]LogConfig: Setting CVar [[r.DOF.Gather.AccumulatorQuality:1        ; higher gathering accumulator quality]]
[2019.10.19-16.35.13:680][  0]LogConfig: Setting CVar [[r.DOF.Gather.PostfilterMethod:1          ; Median3x3 postfilering method]]
[2019.10.19-16.35.13:680][  0]LogConfig: Setting CVar [[r.DOF.Gather.EnableBokehSettings:0       ; no bokeh simulation when gathering]]
[2019.10.19-16.35.13:680][  0]LogConfig: Setting CVar [[r.DOF.Gather.RingCount:4                 ; medium number of samples when gathering]]
[2019.10.19-16.35.13:680][  0]LogConfig: Setting CVar [[r.DOF.Scatter.ForegroundCompositing:1    ; additive foreground scattering]]
[2019.10.19-16.35.13:680][  0]LogConfig: Setting CVar [[r.DOF.Scatter.BackgroundCompositing:2    ; additive background scattering]]
[2019.10.19-16.35.13:680][  0]LogConfig: Setting CVar [[r.DOF.Scatter.EnableBokehSettings:1      ; bokeh simulation when scattering]]
[2019.10.19-16.35.13:680][  0]LogConfig: Setting CVar [[r.DOF.Scatter.MaxSpriteRatio:0.1         ; only a maximum of 10% of scattered bokeh]]
[2019.10.19-16.35.13:680][  0]LogConfig: Setting CVar [[r.DOF.Recombine.Quality:1                ; cheap slight out of focus]]
[2019.10.19-16.35.13:680][  0]LogConfig: Setting CVar [[r.DOF.Recombine.EnableBokehSettings:0    ; no bokeh simulation on slight out of focus]]
[2019.10.19-16.35.13:680][  0]LogConfig: Setting CVar [[r.DOF.TemporalAAQuality:1                ; more stable temporal accumulation]]
[2019.10.19-16.35.13:680][  0]LogConfig: Setting CVar [[r.DOF.Kernel.MaxForegroundRadius:0.025]]
[2019.10.19-16.35.13:680][  0]LogConfig: Setting CVar [[r.DOF.Kernel.MaxBackgroundRadius:0.025]]
[2019.10.19-16.35.13:680][  0]LogConfig: Applying CVar settings from Section [TextureQuality@3] File [D:/Yukinoshita/Documents/Projets/Unreal Engine project/Shootemup/shootemup/Saved/Config/Windows/Scalability.ini]
[2019.10.19-16.35.13:680][  0]LogConfig: Setting CVar [[r.Streaming.MipBias:0]]
[2019.10.19-16.35.13:680][  0]LogConfig: Setting CVar [[r.Streaming.AmortizeCPUToGPUCopy:0]]
[2019.10.19-16.35.13:680][  0]LogConfig: Setting CVar [[r.Streaming.MaxNumTexturesToStreamPerFrame:0]]
[2019.10.19-16.35.13:680][  0]LogConfig: Setting CVar [[r.Streaming.Boost:1]]
[2019.10.19-16.35.13:680][  0]LogConfig: Setting CVar [[r.MaxAnisotropy:8]]
[2019.10.19-16.35.13:680][  0]LogConfig: Setting CVar [[r.Streaming.LimitPoolSizeToVRAM:0]]
[2019.10.19-16.35.13:680][  0]LogConfig: Setting CVar [[r.Streaming.PoolSize:1000]]
[2019.10.19-16.35.13:680][  0]LogConfig: Setting CVar [[r.Streaming.MaxEffectiveScreenSize:0]]
[2019.10.19-16.35.13:680][  0]LogConfig: Applying CVar settings from Section [EffectsQuality@3] File [D:/Yukinoshita/Documents/Projets/Unreal Engine project/Shootemup/shootemup/Saved/Config/Windows/Scalability.ini]
[2019.10.19-16.35.13:680][  0]LogConfig: Setting CVar [[r.TranslucencyLightingVolumeDim:64]]
[2019.10.19-16.35.13:680][  0]LogConfig: Setting CVar [[r.RefractionQuality:2]]
[2019.10.19-16.35.13:680][  0]LogConfig: Setting CVar [[r.SSR.Quality:3]]
[2019.10.19-16.35.13:680][  0]LogConfig: Setting CVar [[r.SceneColorFormat:4]]
[2019.10.19-16.35.13:680][  0]LogConfig: Setting CVar [[r.DetailMode:2]]
[2019.10.19-16.35.13:680][  0]LogConfig: Setting CVar [[r.TranslucencyVolumeBlur:1]]
[2019.10.19-16.35.13:680][  0]LogConfig: Setting CVar [[r.MaterialQualityLevel:1 ; High quality]]
[2019.10.19-16.35.13:680][  0]LogConfig: Setting CVar [[r.SSS.Scale:1]]
[2019.10.19-16.35.13:680][  0]LogConfig: Setting CVar [[r.SSS.SampleSet:2]]
[2019.10.19-16.35.13:680][  0]LogConfig: Setting CVar [[r.SSS.Quality:1]]
[2019.10.19-16.35.13:680][  0]LogConfig: Setting CVar [[r.SSS.HalfRes:1]]
[2019.10.19-16.35.13:681][  0]LogConfig: Setting CVar [[r.EmitterSpawnRateScale:1.0]]
[2019.10.19-16.35.13:681][  0]LogConfig: Setting CVar [[r.ParticleLightQuality:2]]
[2019.10.19-16.35.13:681][  0]LogConfig: Applying CVar settings from Section [FoliageQuality@3] File [D:/Yukinoshita/Documents/Projets/Unreal Engine project/Shootemup/shootemup/Saved/Config/Windows/Scalability.ini]
[2019.10.19-16.35.13:681][  0]LogConfig: Setting CVar [[foliage.DensityScale:1.0]]
[2019.10.19-16.35.13:681][  0]LogConfig: Setting CVar [[grass.DensityScale:1.0]]
[2019.10.19-16.35.13:681][  0]LogInit: Selected Device Profile: [Windows]
[2019.10.19-16.35.13:681][  0]LogInit: Applying CVar settings loaded from the selected device profile: [Windows]
[2019.10.19-16.35.13:684][  0]LogHAL: Display: Platform has ~ 8 GB [8521310208 / 8589934592 / 8], which maps to Default [LargestMinGB=32, LargerMinGB=12, DefaultMinGB=8, SmallerMinGB=6, SmallestMinGB=0)
[2019.10.19-16.35.13:684][  0]LogInit: Going up to parent DeviceProfile []
[2019.10.19-16.35.13:684][  0]LogConfig: Applying CVar settings from Section [ViewDistanceQuality@3] File [D:/Yukinoshita/Documents/Projets/Unreal Engine project/Shootemup/shootemup/Saved/Config/Windows/Scalability.ini]
[2019.10.19-16.35.13:684][  0]LogConfig: Setting CVar [[r.SkeletalMeshLODBias:0]]
[2019.10.19-16.35.13:684][  0]LogConfig: Setting CVar [[r.ViewDistanceScale:1.0]]
[2019.10.19-16.35.13:684][  0]LogConfig: Applying CVar settings from Section [AntiAliasingQuality@3] File [D:/Yukinoshita/Documents/Projets/Unreal Engine project/Shootemup/shootemup/Saved/Config/Windows/Scalability.ini]
[2019.10.19-16.35.13:684][  0]LogConfig: Setting CVar [[r.PostProcessAAQuality:4]]
[2019.10.19-16.35.13:684][  0]LogConfig: Applying CVar settings from Section [ShadowQuality@3] File [D:/Yukinoshita/Documents/Projets/Unreal Engine project/Shootemup/shootemup/Saved/Config/Windows/Scalability.ini]
[2019.10.19-16.35.13:684][  0]LogConfig: Setting CVar [[r.LightFunctionQuality:1]]
[2019.10.19-16.35.13:684][  0]LogConfig: Setting CVar [[r.ShadowQuality:5]]
[2019.10.19-16.35.13:684][  0]LogConfig: Setting CVar [[r.Shadow.CSM.MaxCascades:10]]
[2019.10.19-16.35.13:684][  0]LogConfig: Setting CVar [[r.Shadow.MaxResolution:2048]]
[2019.10.19-16.35.13:684][  0]LogConfig: Setting CVar [[r.Shadow.MaxCSMResolution:2048]]
[2019.10.19-16.35.13:684][  0]LogConfig: Setting CVar [[r.Shadow.RadiusThreshold:0.01]]
[2019.10.19-16.35.13:684][  0]LogConfig: Setting CVar [[r.Shadow.DistanceScale:1.0]]
[2019.10.19-16.35.13:684][  0]LogConfig: Setting CVar [[r.Shadow.CSM.TransitionScale:1.0]]
[2019.10.19-16.35.13:684][  0]LogConfig: Setting CVar [[r.Shadow.PreShadowResolutionFactor:1.0]]
[2019.10.19-16.35.13:684][  0]LogConfig: Setting CVar [[r.DistanceFieldShadowing:1]]
[2019.10.19-16.35.13:684][  0]LogConfig: Setting CVar [[r.DistanceFieldAO:1]]
[2019.10.19-16.35.13:684][  0]LogConfig: Setting CVar [[r.AOQuality:2]]
[2019.10.19-16.35.13:684][  0]LogConfig: Setting CVar [[r.VolumetricFog:1]]
[2019.10.19-16.35.13:684][  0]LogConfig: Setting CVar [[r.VolumetricFog.GridPixelSize:8]]
[2019.10.19-16.35.13:684][  0]LogConfig: Setting CVar [[r.VolumetricFog.GridSizeZ:128]]
[2019.10.19-16.35.13:684][  0]LogConfig: Setting CVar [[r.VolumetricFog.HistoryMissSupersampleCount:4]]
[2019.10.19-16.35.13:684][  0]LogConfig: Setting CVar [[r.LightMaxDrawDistanceScale:1]]
[2019.10.19-16.35.13:684][  0]LogConfig: Setting CVar [[r.CapsuleShadows:1]]
[2019.10.19-16.35.13:684][  0]LogConfig: Applying CVar settings from Section [PostProcessQuality@3] File [D:/Yukinoshita/Documents/Projets/Unreal Engine project/Shootemup/shootemup/Saved/Config/Windows/Scalability.ini]
[2019.10.19-16.35.13:684][  0]LogConfig: Setting CVar [[r.MotionBlurQuality:4]]
[2019.10.19-16.35.13:684][  0]LogConfig: Setting CVar [[r.AmbientOcclusionMipLevelFactor:0.4]]
[2019.10.19-16.35.13:684][  0]LogConfig: Setting CVar [[r.AmbientOcclusionMaxQuality:100]]
[2019.10.19-16.35.13:684][  0]LogConfig: Setting CVar [[r.AmbientOcclusionLevels:-1]]
[2019.10.19-16.35.13:684][  0]LogConfig: Setting CVar [[r.AmbientOcclusionRadiusScale:1.0]]
[2019.10.19-16.35.13:684][  0]LogConfig: Setting CVar [[r.DepthOfFieldQuality:2]]
[2019.10.19-16.35.13:684][  0]LogConfig: Setting CVar [[r.RenderTargetPoolMin:400]]
[2019.10.19-16.35.13:684][  0]LogConfig: Setting CVar [[r.LensFlareQuality:2]]
[2019.10.19-16.35.13:684][  0]LogConfig: Setting CVar [[r.SceneColorFringeQuality:1]]
[2019.10.19-16.35.13:684][  0]LogConfig: Setting CVar [[r.EyeAdaptationQuality:2]]
[2019.10.19-16.35.13:684][  0]LogConfig: Setting CVar [[r.BloomQuality:5]]
[2019.10.19-16.35.13:684][  0]LogConfig: Setting CVar [[r.FastBlurThreshold:100]]
[2019.10.19-16.35.13:684][  0]LogConfig: Setting CVar [[r.Upscale.Quality:3]]
[2019.10.19-16.35.13:684][  0]LogConfig: Setting CVar [[r.Tonemapper.GrainQuantization:1]]
[2019.10.19-16.35.13:684][  0]LogConfig: Setting CVar [[r.LightShaftQuality:1]]
[2019.10.19-16.35.13:684][  0]LogConfig: Setting CVar [[r.Filter.SizeScale:1]]
[2019.10.19-16.35.13:684][  0]LogConfig: Setting CVar [[r.Tonemapper.Quality:5]]
[2019.10.19-16.35.13:685][  0]LogConfig: Setting CVar [[r.DOF.Gather.AccumulatorQuality:1        ; higher gathering accumulator quality]]
[2019.10.19-16.35.13:685][  0]LogConfig: Setting CVar [[r.DOF.Gather.PostfilterMethod:1          ; Median3x3 postfilering method]]
[2019.10.19-16.35.13:685][  0]LogConfig: Setting CVar [[r.DOF.Gather.EnableBokehSettings:0       ; no bokeh simulation when gathering]]
[2019.10.19-16.35.13:685][  0]LogConfig: Setting CVar [[r.DOF.Gather.RingCount:4                 ; medium number of samples when gathering]]
[2019.10.19-16.35.13:685][  0]LogConfig: Setting CVar [[r.DOF.Scatter.ForegroundCompositing:1    ; additive foreground scattering]]
[2019.10.19-16.35.13:685][  0]LogConfig: Setting CVar [[r.DOF.Scatter.BackgroundCompositing:2    ; additive background scattering]]
[2019.10.19-16.35.13:685][  0]LogConfig: Setting CVar [[r.DOF.Scatter.EnableBokehSettings:1      ; bokeh simulation when scattering]]
[2019.10.19-16.35.13:685][  0]LogConfig: Setting CVar [[r.DOF.Scatter.MaxSpriteRatio:0.1         ; only a maximum of 10% of scattered bokeh]]
[2019.10.19-16.35.13:685][  0]LogConfig: Setting CVar [[r.DOF.Recombine.Quality:1                ; cheap slight out of focus]]
[2019.10.19-16.35.13:685][  0]LogConfig: Setting CVar [[r.DOF.Recombine.EnableBokehSettings:0    ; no bokeh simulation on slight out of focus]]
[2019.10.19-16.35.13:685][  0]LogConfig: Setting CVar [[r.DOF.TemporalAAQuality:1                ; more stable temporal accumulation]]
[2019.10.19-16.35.13:685][  0]LogConfig: Setting CVar [[r.DOF.Kernel.MaxForegroundRadius:0.025]]
[2019.10.19-16.35.13:685][  0]LogConfig: Setting CVar [[r.DOF.Kernel.MaxBackgroundRadius:0.025]]
[2019.10.19-16.35.13:685][  0]LogConfig: Applying CVar settings from Section [TextureQuality@3] File [D:/Yukinoshita/Documents/Projets/Unreal Engine project/Shootemup/shootemup/Saved/Config/Windows/Scalability.ini]
[2019.10.19-16.35.13:685][  0]LogConfig: Setting CVar [[r.Streaming.MipBias:0]]
[2019.10.19-16.35.13:685][  0]LogConfig: Setting CVar [[r.Streaming.AmortizeCPUToGPUCopy:0]]
[2019.10.19-16.35.13:685][  0]LogConfig: Setting CVar [[r.Streaming.MaxNumTexturesToStreamPerFrame:0]]
[2019.10.19-16.35.13:685][  0]LogConfig: Setting CVar [[r.Streaming.Boost:1]]
[2019.10.19-16.35.13:685][  0]LogConfig: Setting CVar [[r.MaxAnisotropy:8]]
[2019.10.19-16.35.13:685][  0]LogConfig: Setting CVar [[r.Streaming.LimitPoolSizeToVRAM:0]]
[2019.10.19-16.35.13:685][  0]LogConfig: Setting CVar [[r.Streaming.PoolSize:1000]]
[2019.10.19-16.35.13:685][  0]LogConfig: Setting CVar [[r.Streaming.MaxEffectiveScreenSize:0]]
[2019.10.19-16.35.13:685][  0]LogConfig: Applying CVar settings from Section [EffectsQuality@3] File [D:/Yukinoshita/Documents/Projets/Unreal Engine project/Shootemup/shootemup/Saved/Config/Windows/Scalability.ini]
[2019.10.19-16.35.13:685][  0]LogConfig: Setting CVar [[r.TranslucencyLightingVolumeDim:64]]
[2019.10.19-16.35.13:685][  0]LogConfig: Setting CVar [[r.RefractionQuality:2]]
[2019.10.19-16.35.13:685][  0]LogConfig: Setting CVar [[r.SSR.Quality:3]]
[2019.10.19-16.35.13:685][  0]LogConfig: Setting CVar [[r.SceneColorFormat:4]]
[2019.10.19-16.35.13:685][  0]LogConfig: Setting CVar [[r.DetailMode:2]]
[2019.10.19-16.35.13:685][  0]LogConfig: Setting CVar [[r.TranslucencyVolumeBlur:1]]
[2019.10.19-16.35.13:685][  0]LogConfig: Setting CVar [[r.MaterialQualityLevel:1 ; High quality]]
[2019.10.19-16.35.13:685][  0]LogConfig: Setting CVar [[r.SSS.Scale:1]]
[2019.10.19-16.35.13:685][  0]LogConfig: Setting CVar [[r.SSS.SampleSet:2]]
[2019.10.19-16.35.13:685][  0]LogConfig: Setting CVar [[r.SSS.Quality:1]]
[2019.10.19-16.35.13:685][  0]LogConfig: Setting CVar [[r.SSS.HalfRes:1]]
[2019.10.19-16.35.13:685][  0]LogConfig: Setting CVar [[r.EmitterSpawnRateScale:1.0]]
[2019.10.19-16.35.13:685][  0]LogConfig: Setting CVar [[r.ParticleLightQuality:2]]
[2019.10.19-16.35.13:685][  0]LogConfig: Applying CVar settings from Section [FoliageQuality@3] File [D:/Yukinoshita/Documents/Projets/Unreal Engine project/Shootemup/shootemup/Saved/Config/Windows/Scalability.ini]
[2019.10.19-16.35.13:685][  0]LogConfig: Setting CVar [[foliage.DensityScale:1.0]]
[2019.10.19-16.35.13:685][  0]LogConfig: Setting CVar [[grass.DensityScale:1.0]]
[2019.10.19-16.35.13:685][  0]LogConfig: Applying CVar settings from Section [Startup] File [../../../Engine/Config/ConsoleVariables.ini]
[2019.10.19-16.35.13:685][  0]LogConfig: Setting CVar [[net.UseAdaptiveNetUpdateFrequency:0]]
[2019.10.19-16.35.13:686][  0]LogConfig: Setting CVar [[p.chaos.AllowCreatePhysxBodies:1]]
[2019.10.19-16.35.13:686][  0]LogConfig: Applying CVar settings from Section [ConsoleVariables] File [D:/Yukinoshita/Documents/Projets/Unreal Engine project/Shootemup/shootemup/Saved/Config/Windows/Engine.ini]
[2019.10.19-16.35.13:686][  0]LogInit: Computer: DESKTOP-FEA62MM
[2019.10.19-16.35.13:686][  0]LogInit: User: Yukinoshita
[2019.10.19-16.35.13:686][  0]LogInit: CPU Page size=4096, Cores=4
[2019.10.19-16.35.13:686][  0]LogInit: High frequency timer resolution =10.000000 MHz
[2019.10.19-16.35.13:686][  0]LogMemory: Memory total: Physical=7.9GB (8GB approx)
[2019.10.19-16.35.13:686][  0]LogMemory: Platform Memory Stats for Windows
[2019.10.19-16.35.13:686][  0]LogMemory: Process Physical Memory: 100.37 MB used, 100.38 MB peak
[2019.10.19-16.35.13:686][  0]LogMemory: Process Virtual Memory: 88.01 MB used, 88.01 MB peak
[2019.10.19-16.35.13:686][  0]LogMemory: Physical Memory: 5726.74 MB used,  2399.81 MB free, 8126.55 MB total
[2019.10.19-16.35.13:686][  0]LogMemory: Virtual Memory: 4643.43 MB used,  134213088.00 MB free, 134217728.00 MB total
[2019.10.19-16.35.13:689][  0]LogWindows: WindowsPlatformFeatures enabled
[2019.10.19-16.35.13:716][  0]LogInit: Using OS detected language (fr-FR).
[2019.10.19-16.35.13:716][  0]LogInit: Using OS detected locale (fr-FR).
[2019.10.19-16.35.13:717][  0]LogTextLocalizationManager: No specific localization for 'fr-FR' exists, so the 'fr' localization will be used.
[2019.10.19-16.35.13:719][  0]LogTextLocalizationResource: LocRes '../../../Engine/Content/Localization/Editor/fr/Editor.locres' could not be opened for reading!
[2019.10.19-16.35.13:719][  0]LogTextLocalizationResource: LocRes '../../../Engine/Content/Localization/EditorTutorials/fr/EditorTutorials.locres' could not be opened for reading!
[2019.10.19-16.35.13:719][  0]LogTextLocalizationResource: LocRes '../../../Engine/Content/Localization/Keywords/fr/Keywords.locres' could not be opened for reading!
[2019.10.19-16.35.13:719][  0]LogTextLocalizationResource: LocRes '../../../Engine/Content/Localization/Category/fr/Category.locres' could not be opened for reading!
[2019.10.19-16.35.13:719][  0]LogTextLocalizationResource: LocRes '../../../Engine/Content/Localization/ToolTips/fr/ToolTips.locres' could not be opened for reading!
[2019.10.19-16.35.13:719][  0]LogTextLocalizationResource: LocRes '../../../Engine/Content/Localization/PropertyNames/fr/PropertyNames.locres' could not be opened for reading!
[2019.10.19-16.35.13:719][  0]LogTextLocalizationResource: LocRes '../../../Engine/Content/Localization/Engine/fr/Engine.locres' could not be opened for reading!
[2019.10.19-16.35.13:745][  0]LogSlate: New Slate User Created.  User Index 0, Is Virtual User: 0
[2019.10.19-16.35.13:745][  0]LogSlate: Slate User Registered.  User Index 0, Is Virtual User: 0
[2019.10.19-16.35.13:763][  0]LogHMD: Failed to initialize OpenVR with code 110
[2019.10.19-16.35.13:763][  0]LogD3D11RHI: D3D11 adapters:
[2019.10.19-16.35.13:824][  0]LogD3D11RHI:    0. 'NVIDIA GeForce GTX 1060 6GB' (Feature Level 11_0)
[2019.10.19-16.35.13:824][  0]LogD3D11RHI:       6052/0/4063 MB DedicatedVideo/DedicatedSystem/SharedSystem, Outputs:2, VendorId:0x10de
[2019.10.19-16.35.13:827][  0]LogD3D11RHI:    1. 'Microsoft Basic Render Driver' (Feature Level 11_0)
[2019.10.19-16.35.13:827][  0]LogD3D11RHI:       0/0/4063 MB DedicatedVideo/DedicatedSystem/SharedSystem, Outputs:0, VendorId:0x1414
[2019.10.19-16.35.13:827][  0]LogD3D11RHI: Chosen D3D11 Adapter: 0
[2019.10.19-16.35.13:833][  0]LogD3D11RHI: Creating new Direct3DDevice
[2019.10.19-16.35.13:833][  0]LogD3D11RHI:     GPU DeviceId: 0x1c03 (for the marketing name, search the web for "GPU Device Id")
[2019.10.19-16.35.13:833][  0]LogWindows: EnumDisplayDevices:
[2019.10.19-16.35.13:834][  0]LogWindows:    0. 'NVIDIA GeForce GTX 1060 6GB' (P:1 D:1)
[2019.10.19-16.35.13:834][  0]LogWindows:    1. 'NVIDIA GeForce GTX 1060 6GB' (P:0 D:1)
[2019.10.19-16.35.13:834][  0]LogWindows:    2. 'NVIDIA GeForce GTX 1060 6GB' (P:0 D:0)
[2019.10.19-16.35.13:834][  0]LogWindows:    3. 'NVIDIA GeForce GTX 1060 6GB' (P:0 D:0)
[2019.10.19-16.35.13:835][  0]LogWindows: DebugString: FoundDriverCount:4 
[2019.10.19-16.35.13:835][  0]LogD3D11RHI:     Adapter Name: NVIDIA GeForce GTX 1060 6GB
[2019.10.19-16.35.13:835][  0]LogD3D11RHI:   Driver Version: 436.30 (internal:26.21.14.3630, unified:436.30)
[2019.10.19-16.35.13:835][  0]LogD3D11RHI:      Driver Date: 9-5-2019
[2019.10.19-16.35.13:835][  0]LogRHI: Texture pool is 4236 MB (70% of 6052 MB)
[2019.10.19-16.35.13:873][  0]LogD3D11RHI: Async texture creation enabled
[2019.10.19-16.35.13:894][  0]LogD3D11RHI: GPU Timing Frequency: 1000.000000 (Debug: 2 1)
[2019.10.19-16.35.14:327][  0]LogTemp: Display: Module 'WindowsClientTargetPlatform' loaded TargetPlatform 'WindowsClient'
[2019.10.19-16.35.14:336][  0]LogTemp: Display: Module 'WindowsNoEditorTargetPlatform' loaded TargetPlatform 'WindowsNoEditor'
[2019.10.19-16.35.14:344][  0]LogTemp: Display: Module 'WindowsServerTargetPlatform' loaded TargetPlatform 'WindowsServer'
[2019.10.19-16.35.14:348][  0]LogTemp: Display: Module 'WindowsTargetPlatform' loaded TargetPlatform 'Windows'
[2019.10.19-16.35.14:348][  0]LogTargetPlatformManager: Display: Building Assets For Windows
[2019.10.19-16.35.14:355][  0]LogAudioDebug: Display: Lib vorbis DLL was dynamically loaded.
[2019.10.19-16.35.14:398][  0]LogShaderCompilers: Guid format shader working directory is -23 characters bigger than the processId version (../../../../../Documents/Projets/Unreal Engine project/Shootemup/shootemup/Intermediate/Shaders/WorkingDirectory/15320/).
[2019.10.19-16.35.14:398][  0]LogShaderCompilers: Cleaned the shader compiler working directory 'C:/Users/Yukinoshita/AppData/Local/Temp/UnrealShaderWorkingDir/47AA928446E227400D8C4BB9FBDFC906/'.
[2019.10.19-16.35.14:400][  0]LogXGEController: Cannot use XGE Controller as Incredibuild is not installed on this machine.
[2019.10.19-16.35.14:400][  0]LogShaderCompilers: Cannot use XGE Shader Compiler as Incredibuild is not installed on this machine.
[2019.10.19-16.35.14:400][  0]LogShaderCompilers: Display: Using Local Shader Compiler.
[2019.10.19-16.35.15:075][  0]LogDerivedDataCache: Display: Max Cache Size: 512 MB
[2019.10.19-16.35.15:140][  0]LogDerivedDataCache: Loaded boot cache 0.07s 73MB C:/Users/Yukinoshita/AppData/Local/UnrealEngine/4.23/DerivedDataCache/Boot.ddc.
[2019.10.19-16.35.15:140][  0]LogDerivedDataCache: Display: Loaded Boot cache: C:/Users/Yukinoshita/AppData/Local/UnrealEngine/4.23/DerivedDataCache/Boot.ddc
[2019.10.19-16.35.15:140][  0]LogDerivedDataCache: FDerivedDataBackendGraph:  Pak pak cache file ../../../../../Documents/Projets/Unreal Engine project/Shootemup/shootemup/DerivedDataCache/DDC.ddp not found, will not use a pak cache.
[2019.10.19-16.35.15:140][  0]LogDerivedDataCache: Unable to find inner node Pak for hierarchical cache Hierarchy.
[2019.10.19-16.35.15:140][  0]LogDerivedDataCache: FDerivedDataBackendGraph:  CompressedPak pak cache file ../../../../../Documents/Projets/Unreal Engine project/Shootemup/shootemup/DerivedDataCache/Compressed.ddp not found, will not use a pak cache.
[2019.10.19-16.35.15:140][  0]LogDerivedDataCache: Unable to find inner node CompressedPak for hierarchical cache Hierarchy.
[2019.10.19-16.35.15:153][  0]LogDerivedDataCache: Display: Pak cache opened for reading ../../../Engine/DerivedDataCache/Compressed.ddp.
[2019.10.19-16.35.15:153][  0]LogDerivedDataCache: FDerivedDataBackendGraph:  EnterprisePak pak cache file ../../../Enterprise/DerivedDataCache/Compressed.ddp not found, will not use a pak cache.
[2019.10.19-16.35.15:153][  0]LogDerivedDataCache: Unable to find inner node EnterprisePak for hierarchical cache Hierarchy.
[2019.10.19-16.35.15:154][  0]LogDerivedDataCache: Using Local data cache path C:/Users/Yukinoshita/AppData/Local/UnrealEngine/Common/DerivedDataCache: Writable
[2019.10.19-16.35.15:155][  0]LogDerivedDataCache: Shared data cache path not found in *engine.ini, will not use an Shared cache.
[2019.10.19-16.35.15:155][  0]LogDerivedDataCache: Unable to find inner node Shared for hierarchical cache Hierarchy.
[2019.10.19-16.35.15:177][  0]LogMaterial: Verifying Global Shaders for PCD3D_SM5
[2019.10.19-16.35.15:212][  0]LogSlate: Using FreeType 2.6.0
[2019.10.19-16.35.15:213][  0]LogSlate: SlateFontServices - WITH_FREETYPE: 1, WITH_HARFBUZZ: 1
[2019.10.19-16.35.15:392][  0]LogInit: Using OS detected language (fr-FR).
[2019.10.19-16.35.15:392][  0]LogInit: Using OS detected locale (fr-FR).
[2019.10.19-16.35.15:393][  0]LogTextLocalizationManager: No localization for 'fr-FR' exists, so 'en' will be used for the language.
[2019.10.19-16.35.15:393][  0]LogTextLocalizationManager: No localization for 'fr-FR' exists, so 'en' will be used for the locale.
[2019.10.19-16.35.15:393][  0]LogSlate: FontCache flush requested. Reason: Culture for localization was changed
[2019.10.19-16.35.15:393][  0]LogSlate: FontCache flush requested. Reason: Culture for localization was changed
[2019.10.19-16.35.15:393][  0]LogTextLocalizationManager: Compacting localization data took   0.00ms
[2019.10.19-16.35.15:397][  0]LogAssetRegistry: FAssetRegistry took 0.0019 seconds to start up
[2019.10.19-16.35.15:611][  0]LogPackageLocalizationCache: Processed 12 localized package path(s) for 1 prioritized culture(s) in 0.000621 seconds
[2019.10.19-16.35.15:669][  0]LogInit: Selected Device Profile: [Windows]
[2019.10.19-16.35.15:815][  0]LogMeshReduction: Using QuadricMeshReduction for automatic static mesh reduction
[2019.10.19-16.35.15:815][  0]LogMeshReduction: Using SimplygonMeshReduction for automatic skeletal mesh reduction
[2019.10.19-16.35.15:815][  0]LogMeshReduction: Using ProxyLODMeshReduction for automatic mesh merging
[2019.10.19-16.35.15:815][  0]LogMeshReduction: No distributed automatic mesh merging module available
[2019.10.19-16.35.15:815][  0]LogMeshMerging: No distributed automatic mesh merging module available
[2019.10.19-16.35.15:825][  0]LogNetVersion: shootemup 1.0.0, NetCL: 8386587, EngineNetVer: 11, GameNetVer: 0 (Checksum: 3219274609)
[2019.10.19-16.35.16:537][  0]LogMoviePlayer: Initializing movie player
[2019.10.19-16.35.16:639][  0]LogTcpMessaging: Initializing TcpMessaging bridge
[2019.10.19-16.35.16:641][  0]LogUdpMessaging: Initializing bridge on interface 0.0.0.0:0 to multicast group 230.0.0.1:6666.
[2019.10.19-16.35.16:693][  0]SourceControl: Source control is disabled
[2019.10.19-16.35.16:693][  0]SourceControl: Source control is disabled
[2019.10.19-16.35.16:694][  0]SourceControl: Source control is disabled
[2019.10.19-16.35.16:734][  0]LogAndroidPermission: UAndroidPermissionCallbackProxy::GetInstance
[2019.10.19-16.35.16:928][  0]LogOcInput: OculusInput pre-init called
[2019.10.19-16.35.16:938][  0]LogUObjectArray: 48866 objects as part of root set at end of initial load.
[2019.10.19-16.35.16:938][  0]LogUObjectAllocator: 8609784 out of 0 bytes used by permanent object pool.
[2019.10.19-16.35.16:938][  0]LogUObjectArray: CloseDisregardForGC: 0/0 objects in disregard for GC pool
[2019.10.19-16.35.16:997][  0]LogEngine: Initializing Engine...
[2019.10.19-16.35.16:998][  0]LogHMD: Failed to initialize OpenVR with code 110
[2019.10.19-16.35.17:015][  0]LogStats: UGameplayTagsManager::InitializeManager -  0.000 s
[2019.10.19-16.35.17:204][  0]LogInit: Initializing FReadOnlyCVARCache
[2019.10.19-16.35.17:237][  0]LogInit: XAudio2 using 'Casque pour téléphone (HyperX 7.1 Audio)' : 2 channels at 48 kHz using 16 bits per sample (channel mask 0x3)
[2019.10.19-16.35.17:253][  0]LogInit: FAudioDevice initialized.
[2019.10.19-16.35.17:254][  0]LogNetVersion: Set ProjectVersion to 1.0.0.0. Version Checksum will be recalculated on next use.
[2019.10.19-16.35.17:260][  0]LogInit: Texture streaming: Enabled
[2019.10.19-16.35.17:686][  0]LogSlate: Updating window title bar state: overlay mode, drag disabled, window buttons hidden, title bar hidden
[2019.10.19-16.35.17:704][  0]LogInit: Display: Game Engine Initialized.
[2019.10.19-16.35.17:773][  0]LogInit: Display: Starting Game.
[2019.10.19-16.35.17:836][  0]LogNet: Browse: /Game/AdvancedVillagePack/Maps/AdvancedVillagePack_Showcase?Name=Player
[2019.10.19-16.35.17:846][  0]LogLoad: LoadMap: /Game/AdvancedVillagePack/Maps/AdvancedVillagePack_Showcase?Name=Player
[2019.10.19-16.35.17:846][  0]LogWorld: BeginTearingDown for /Temp/Untitled_0
[2019.10.19-16.35.17:948][  0]LogWorld: UWorld::CleanupWorld for Untitled, bSessionEnded=true, bCleanupResources=true
[2019.10.19-16.35.17:976][  0]LogUObjectHash: Compacting FUObjectHashTables data took   1.70ms
[2019.10.19-16.35.18:383][  0]LogBlueprint: Warning: [Compiler BP_Butterfly] Function ' Play Animation ' is unsafe to call in a construction script.
[2019.10.19-16.35.18:383][  0]LogBlueprint: Warning: [Compiler BP_Butterfly] Function ' Set Play Rate ' is unsafe to call in a construction script.
[2019.10.19-16.35.19:023][  0]LoadErrors: Warning: Linear color curves now accurately handle RGB values > 1. If you were relying on HSV clamping, please update CurveLinearColor_0
[2019.10.19-16.35.19:309][  0]LogAIModule: Creating AISystem for world AdvancedVillagePack_Showcase
[2019.10.19-16.35.19:352][  0]LogLoad: Game class is 'TopDownGameMode_C'
[2019.10.19-16.35.19:742][  0]LogWorld: Bringing World /Game/AdvancedVillagePack/Maps/AdvancedVillagePack_Showcase.AdvancedVillagePack_Showcase up for play (max tick rate 0) at 2019.10.19-18.35.19
[2019.10.19-16.35.19:933][  0]LogWorld: Bringing up level for play took: 0.579054
[2019.10.19-16.35.19:971][  0]LogLevel: Warning: EnableInput on a LevelScript actor can not be specified for only one PlayerController.  Enabling for all PlayerControllers.
[2019.10.19-16.35.20:167][  0]LogLoad: Took 2.319842 seconds to LoadMap(/Game/AdvancedVillagePack/Maps/AdvancedVillagePack_Showcase)
[2019.10.19-16.35.20:209][  0]LogLoad: (Engine Initialization) Total time: 9.25 seconds
[2019.10.19-16.35.20:209][  0]LogLoad: (Engine Initialization) Total Blueprint compile time: 0.00 seconds
[2019.10.19-16.35.20:233][  0]LogRenderer: Reallocating scene render targets to support 1280x720 Format 10 NumSamples 1 (Frame:1).
[2019.10.19-16.35.20:475][  0]LogContentStreaming: Texture pool size now 1000 MB
[2019.10.19-16.35.20:525][  0]LogRenderer: Reallocating scene render targets to support 128x128 Format 10 NumSamples 1 (Frame:1).
[2019.10.19-16.35.20:525][  0]LogRenderer: Reallocating scene render targets to support 1280x720 Format 10 NumSamples 1 (Frame:2).
[2019.10.19-16.35.38:929][119]LogPhysics: Warning: Initialising Body : Scale3D is (nearly) zero: Component: '/Game/AdvancedVillagePack/Maps/AdvancedVillagePack_Showcase.AdvancedVillagePack_Showcase:PersistentLevel.Projectile_C_0.Projectile' 
[2019.10.19-16.35.39:224][138]LogPhysics: Warning: Initialising Body : Scale3D is (nearly) zero: Component: '/Game/AdvancedVillagePack/Maps/AdvancedVillagePack_Showcase.AdvancedVillagePack_Showcase:PersistentLevel.Projectile_C_1.Projectile' 
[2019.10.19-16.35.39:530][157]LogPhysics: Warning: Initialising Body : Scale3D is (nearly) zero: Component: '/Game/AdvancedVillagePack/Maps/AdvancedVillagePack_Showcase.AdvancedVillagePack_Showcase:PersistentLevel.Projectile_C_2.Projectile' 
[2019.10.19-16.35.39:837][176]LogPhysics: Warning: Initialising Body : Scale3D is (nearly) zero: Component: '/Game/AdvancedVillagePack/Maps/AdvancedVillagePack_Showcase.AdvancedVillagePack_Showcase:PersistentLevel.Projectile_C_3.Projectile' 
[2019.10.19-16.35.40:143][195]LogPhysics: Warning: Initialising Body : Scale3D is (nearly) zero: Component: '/Game/AdvancedVillagePack/Maps/AdvancedVillagePack_Showcase.AdvancedVillagePack_Showcase:PersistentLevel.Projectile_C_4.Projectile' 
[2019.10.19-16.35.40:450][214]LogPhysics: Warning: Initialising Body : Scale3D is (nearly) zero: Component: '/Game/AdvancedVillagePack/Maps/AdvancedVillagePack_Showcase.AdvancedVillagePack_Showcase:PersistentLevel.Projectile_C_5.Projectile' 
[2019.10.19-16.35.40:756][233]LogPhysics: Warning: Initialising Body : Scale3D is (nearly) zero: Component: '/Game/AdvancedVillagePack/Maps/AdvancedVillagePack_Showcase.AdvancedVillagePack_Showcase:PersistentLevel.Projectile_C_6.Projectile' 
[2019.10.19-16.35.41:064][252]LogPhysics: Warning: Initialising Body : Scale3D is (nearly) zero: Component: '/Game/AdvancedVillagePack/Maps/AdvancedVillagePack_Showcase.AdvancedVillagePack_Showcase:PersistentLevel.Projectile_C_7.Projectile' 
[2019.10.19-16.35.41:369][271]LogPhysics: Warning: Initialising Body : Scale3D is (nearly) zero: Component: '/Game/AdvancedVillagePack/Maps/AdvancedVillagePack_Showcase.AdvancedVillagePack_Showcase:PersistentLevel.Projectile_C_8.Projectile' 
[2019.10.19-16.35.41:675][290]LogPhysics: Warning: Initialising Body : Scale3D is (nearly) zero: Component: '/Game/AdvancedVillagePack/Maps/AdvancedVillagePack_Showcase.AdvancedVillagePack_Showcase:PersistentLevel.Projectile_C_9.Projectile' 
[2019.10.19-16.35.41:983][309]LogPhysics: Warning: Initialising Body : Scale3D is (nearly) zero: Component: '/Game/AdvancedVillagePack/Maps/AdvancedVillagePack_Showcase.AdvancedVillagePack_Showcase:PersistentLevel.Projectile_C_10.Projectile' 
[2019.10.19-16.35.42:289][328]LogPhysics: Warning: Initialising Body : Scale3D is (nearly) zero: Component: '/Game/AdvancedVillagePack/Maps/AdvancedVillagePack_Showcase.AdvancedVillagePack_Showcase:PersistentLevel.Projectile_C_11.Projectile' 
[2019.10.19-16.35.42:596][347]LogPhysics: Warning: Initialising Body : Scale3D is (nearly) zero: Component: '/Game/AdvancedVillagePack/Maps/AdvancedVillagePack_Showcase.AdvancedVillagePack_Showcase:PersistentLevel.Projectile_C_12.Projectile' 
[2019.10.19-16.35.42:902][366]LogPhysics: Warning: Initialising Body : Scale3D is (nearly) zero: Component: '/Game/AdvancedVillagePack/Maps/AdvancedVillagePack_Showcase.AdvancedVillagePack_Showcase:PersistentLevel.Projectile_C_13.Projectile' 
[2019.10.19-16.35.43:209][385]LogPhysics: Warning: Initialising Body : Scale3D is (nearly) zero: Component: '/Game/AdvancedVillagePack/Maps/AdvancedVillagePack_Showcase.AdvancedVillagePack_Showcase:PersistentLevel.Projectile_C_14.Projectile' 
[2019.10.19-16.35.43:516][404]LogPhysics: Warning: Initialising Body : Scale3D is (nearly) zero: Component: '/Game/AdvancedVillagePack/Maps/AdvancedVillagePack_Showcase.AdvancedVillagePack_Showcase:PersistentLevel.Projectile_C_15.Projectile' 
[2019.10.19-16.35.43:822][423]LogPhysics: Warning: Initialising Body : Scale3D is (nearly) zero: Component: '/Game/AdvancedVillagePack/Maps/AdvancedVillagePack_Showcase.AdvancedVillagePack_Showcase:PersistentLevel.Projectile_C_16.Projectile' 
[2019.10.19-16.35.44:128][442]LogPhysics: Warning: Initialising Body : Scale3D is (nearly) zero: Component: '/Game/AdvancedVillagePack/Maps/AdvancedVillagePack_Showcase.AdvancedVillagePack_Showcase:PersistentLevel.Projectile_C_17.Projectile' 
[2019.10.19-16.35.44:435][461]LogPhysics: Warning: Initialising Body : Scale3D is (nearly) zero: Component: '/Game/AdvancedVillagePack/Maps/AdvancedVillagePack_Showcase.AdvancedVillagePack_Showcase:PersistentLevel.Projectile_C_18.Projectile' 
[2019.10.19-16.35.44:741][480]LogPhysics: Warning: Initialising Body : Scale3D is (nearly) zero: Component: '/Game/AdvancedVillagePack/Maps/AdvancedVillagePack_Showcase.AdvancedVillagePack_Showcase:PersistentLevel.Projectile_C_19.Projectile' 
[2019.10.19-16.35.45:047][499]LogPhysics: Warning: Initialising Body : Scale3D is (nearly) zero: Component: '/Game/AdvancedVillagePack/Maps/AdvancedVillagePack_Showcase.AdvancedVillagePack_Showcase:PersistentLevel.Projectile_C_20.Projectile' 
[2019.10.19-16.35.45:354][518]LogPhysics: Warning: Initialising Body : Scale3D is (nearly) zero: Component: '/Game/AdvancedVillagePack/Maps/AdvancedVillagePack_Showcase.AdvancedVillagePack_Showcase:PersistentLevel.Projectile_C_21.Projectile' 
[2019.10.19-16.35.45:661][537]LogPhysics: Warning: Initialising Body : Scale3D is (nearly) zero: Component: '/Game/AdvancedVillagePack/Maps/AdvancedVillagePack_Showcase.AdvancedVillagePack_Showcase:PersistentLevel.Projectile_C_22.Projectile' 
[2019.10.19-16.35.45:967][556]LogPhysics: Warning: Initialising Body : Scale3D is (nearly) zero: Component: '/Game/AdvancedVillagePack/Maps/AdvancedVillagePack_Showcase.AdvancedVillagePack_Showcase:PersistentLevel.Projectile_C_23.Projectile' 
[2019.10.19-16.35.46:274][575]LogPhysics: Warning: Initialising Body : Scale3D is (nearly) zero: Component: '/Game/AdvancedVillagePack/Maps/AdvancedVillagePack_Showcase.AdvancedVillagePack_Showcase:PersistentLevel.Projectile_C_24.Projectile' 
[2019.10.19-16.35.46:580][594]LogPhysics: Warning: Initialising Body : Scale3D is (nearly) zero: Component: '/Game/AdvancedVillagePack/Maps/AdvancedVillagePack_Showcase.AdvancedVillagePack_Showcase:PersistentLevel.Projectile_C_25.Projectile' 
[2019.10.19-16.35.46:886][613]LogPhysics: Warning: Initialising Body : Scale3D is (nearly) zero: Component: '/Game/AdvancedVillagePack/Maps/AdvancedVillagePack_Showcase.AdvancedVillagePack_Showcase:PersistentLevel.Projectile_C_26.Projectile' 
[2019.10.19-16.35.47:194][632]LogPhysics: Warning: Initialising Body : Scale3D is (nearly) zero: Component: '/Game/AdvancedVillagePack/Maps/AdvancedVillagePack_Showcase.AdvancedVillagePack_Showcase:PersistentLevel.Projectile_C_27.Projectile' 
[2019.10.19-16.35.47:500][651]LogPhysics: Warning: Initialising Body : Scale3D is (nearly) zero: Component: '/Game/AdvancedVillagePack/Maps/AdvancedVillagePack_Showcase.AdvancedVillagePack_Showcase:PersistentLevel.Projectile_C_28.Projectile' 
[2019.10.19-16.35.47:807][670]LogPhysics: Warning: Initialising Body : Scale3D is (nearly) zero: Component: '/Game/AdvancedVillagePack/Maps/AdvancedVillagePack_Showcase.AdvancedVillagePack_Showcase:PersistentLevel.Projectile_C_29.Projectile' 
[2019.10.19-16.35.48:113][689]LogPhysics: Warning: Initialising Body : Scale3D is (nearly) zero: Component: '/Game/AdvancedVillagePack/Maps/AdvancedVillagePack_Showcase.AdvancedVillagePack_Showcase:PersistentLevel.Projectile_C_30.Projectile' 
[2019.10.19-16.35.48:419][708]LogPhysics: Warning: Initialising Body : Scale3D is (nearly) zero: Component: '/Game/AdvancedVillagePack/Maps/AdvancedVillagePack_Showcase.AdvancedVillagePack_Showcase:PersistentLevel.Projectile_C_31.Projectile' 
[2019.10.19-16.35.48:726][727]LogPhysics: Warning: Initialising Body : Scale3D is (nearly) zero: Component: '/Game/AdvancedVillagePack/Maps/AdvancedVillagePack_Showcase.AdvancedVillagePack_Showcase:PersistentLevel.Projectile_C_32.Projectile' 
[2019.10.19-16.35.49:032][746]LogPhysics: Warning: Initialising Body : Scale3D is (nearly) zero: Component: '/Game/AdvancedVillagePack/Maps/AdvancedVillagePack_Showcase.AdvancedVillagePack_Showcase:PersistentLevel.Projectile_C_33.Projectile' 
[2019.10.19-16.35.49:339][765]LogPhysics: Warning: Initialising Body : Scale3D is (nearly) zero: Component: '/Game/AdvancedVillagePack/Maps/AdvancedVillagePack_Showcase.AdvancedVillagePack_Showcase:PersistentLevel.Projectile_C_34.Projectile' 
[2019.10.19-16.35.49:645][784]LogPhysics: Warning: Initialising Body : Scale3D is (nearly) zero: Component: '/Game/AdvancedVillagePack/Maps/AdvancedVillagePack_Showcase.AdvancedVillagePack_Showcase:PersistentLevel.Projectile_C_35.Projectile' 
[2019.10.19-16.35.49:952][803]LogPhysics: Warning: Initialising Body : Scale3D is (nearly) zero: Component: '/Game/AdvancedVillagePack/Maps/AdvancedVillagePack_Showcase.AdvancedVillagePack_Showcase:PersistentLevel.Projectile_C_36.Projectile' 
[2019.10.19-16.35.50:258][822]LogPhysics: Warning: Initialising Body : Scale3D is (nearly) zero: Component: '/Game/AdvancedVillagePack/Maps/AdvancedVillagePack_Showcase.AdvancedVillagePack_Showcase:PersistentLevel.Projectile_C_37.Projectile' 
[2019.10.19-16.35.54:534][ 87]LogPhysics: Warning: Initialising Body : Scale3D is (nearly) zero: Component: '/Game/AdvancedVillagePack/Maps/AdvancedVillagePack_Showcase.AdvancedVillagePack_Showcase:PersistentLevel.Projectile_C_38.Projectile' 
[2019.10.19-16.35.54:840][106]LogPhysics: Warning: Initialising Body : Scale3D is (nearly) zero: Component: '/Game/AdvancedVillagePack/Maps/AdvancedVillagePack_Showcase.AdvancedVillagePack_Showcase:PersistentLevel.Projectile_C_39.Projectile' 
[2019.10.19-16.35.55:146][125]LogPhysics: Warning: Initialising Body : Scale3D is (nearly) zero: Component: '/Game/AdvancedVillagePack/Maps/AdvancedVillagePack_Showcase.AdvancedVillagePack_Showcase:PersistentLevel.Projectile_C_40.Projectile' 
[2019.10.19-16.35.55:453][144]LogPhysics: Warning: Initialising Body : Scale3D is (nearly) zero: Component: '/Game/AdvancedVillagePack/Maps/AdvancedVillagePack_Showcase.AdvancedVillagePack_Showcase:PersistentLevel.Projectile_C_41.Projectile' 
[2019.10.19-16.35.55:759][163]LogPhysics: Warning: Initialising Body : Scale3D is (nearly) zero: Component: '/Game/AdvancedVillagePack/Maps/AdvancedVillagePack_Showcase.AdvancedVillagePack_Showcase:PersistentLevel.Projectile_C_42.Projectile' 
[2019.10.19-16.35.56:066][182]LogPhysics: Warning: Initialising Body : Scale3D is (nearly) zero: Component: '/Game/AdvancedVillagePack/Maps/AdvancedVillagePack_Showcase.AdvancedVillagePack_Showcase:PersistentLevel.Projectile_C_43.Projectile' 
[2019.10.19-16.35.56:372][201]LogPhysics: Warning: Initialising Body : Scale3D is (nearly) zero: Component: '/Game/AdvancedVillagePack/Maps/AdvancedVillagePack_Showcase.AdvancedVillagePack_Showcase:PersistentLevel.Projectile_C_44.Projectile' 
[2019.10.19-16.35.56:679][220]LogPhysics: Warning: Initialising Body : Scale3D is (nearly) zero: Component: '/Game/AdvancedVillagePack/Maps/AdvancedVillagePack_Showcase.AdvancedVillagePack_Showcase:PersistentLevel.Projectile_C_45.Projectile' 
[2019.10.19-16.35.56:985][239]LogPhysics: Warning: Initialising Body : Scale3D is (nearly) zero: Component: '/Game/AdvancedVillagePack/Maps/AdvancedVillagePack_Showcase.AdvancedVillagePack_Showcase:PersistentLevel.Projectile_C_46.Projectile' 
[2019.10.19-16.35.57:743][286]LogPhysics: Warning: Initialising Body : Scale3D is (nearly) zero: Component: '/Game/AdvancedVillagePack/Maps/AdvancedVillagePack_Showcase.AdvancedVillagePack_Showcase:PersistentLevel.Projectile_C_47.Projectile' 
[2019.10.19-16.35.58:052][305]LogPhysics: Warning: Initialising Body : Scale3D is (nearly) zero: Component: '/Game/AdvancedVillagePack/Maps/AdvancedVillagePack_Showcase.AdvancedVillagePack_Showcase:PersistentLevel.Projectile_C_48.Projectile' 
[2019.10.19-16.35.58:359][324]LogPhysics: Warning: Initialising Body : Scale3D is (nearly) zero: Component: '/Game/AdvancedVillagePack/Maps/AdvancedVillagePack_Showcase.AdvancedVillagePack_Showcase:PersistentLevel.Projectile_C_49.Projectile' 
[2019.10.19-16.35.59:391][388]LogPhysics: Warning: Initialising Body : Scale3D is (nearly) zero: Component: '/Game/AdvancedVillagePack/Maps/AdvancedVillagePack_Showcase.AdvancedVillagePack_Showcase:PersistentLevel.Projectile_C_50.Projectile' 
[2019.10.19-16.36.09:877][ 38]LogPhysics: Warning: Initialising Body : Scale3D is (nearly) zero: Component: '/Game/AdvancedVillagePack/Maps/AdvancedVillagePack_Showcase.AdvancedVillagePack_Showcase:PersistentLevel.Projectile_C_51.Projectile' 
[2019.10.19-16.36.10:184][ 57]LogPhysics: Warning: Initialising Body : Scale3D is (nearly) zero: Component: '/Game/AdvancedVillagePack/Maps/AdvancedVillagePack_Showcase.AdvancedVillagePack_Showcase:PersistentLevel.Projectile_C_52.Projectile' 
[2019.10.19-16.36.10:490][ 76]LogPhysics: Warning: Initialising Body : Scale3D is (nearly) zero: Component: '/Game/AdvancedVillagePack/Maps/AdvancedVillagePack_Showcase.AdvancedVillagePack_Showcase:PersistentLevel.Projectile_C_53.Projectile' 
[2019.10.19-16.36.10:797][ 95]LogPhysics: Warning: Initialising Body : Scale3D is (nearly) zero: Component: '/Game/AdvancedVillagePack/Maps/AdvancedVillagePack_Showcase.AdvancedVillagePack_Showcase:PersistentLevel.Projectile_C_54.Projectile' 
[2019.10.19-16.36.11:104][114]LogPhysics: Warning: Initialising Body : Scale3D is (nearly) zero: Component: '/Game/AdvancedVillagePack/Maps/AdvancedVillagePack_Showcase.AdvancedVillagePack_Showcase:PersistentLevel.Projectile_C_55.Projectile' 
[2019.10.19-16.36.11:410][133]LogPhysics: Warning: Initialising Body : Scale3D is (nearly) zero: Component: '/Game/AdvancedVillagePack/Maps/AdvancedVillagePack_Showcase.AdvancedVillagePack_Showcase:PersistentLevel.Projectile_C_56.Projectile' 
[2019.10.19-16.36.11:726][152]LogPhysics: Warning: Initialising Body : Scale3D is (nearly) zero: Component: '/Game/AdvancedVillagePack/Maps/AdvancedVillagePack_Showcase.AdvancedVillagePack_Showcase:PersistentLevel.Projectile_C_57.Projectile' 
[2019.10.19-16.36.12:033][171]LogPhysics: Warning: Initialising Body : Scale3D is (nearly) zero: Component: '/Game/AdvancedVillagePack/Maps/AdvancedVillagePack_Showcase.AdvancedVillagePack_Showcase:PersistentLevel.Projectile_C_58.Projectile' 
[2019.10.19-16.36.12:339][190]LogPhysics: Warning: Initialising Body : Scale3D is (nearly) zero: Component: '/Game/AdvancedVillagePack/Maps/AdvancedVillagePack_Showcase.AdvancedVillagePack_Showcase:PersistentLevel.Projectile_C_59.Projectile' 
[2019.10.19-16.36.12:646][209]LogPhysics: Warning: Initialising Body : Scale3D is (nearly) zero: Component: '/Game/AdvancedVillagePack/Maps/AdvancedVillagePack_Showcase.AdvancedVillagePack_Showcase:PersistentLevel.Projectile_C_60.Projectile' 
[2019.10.19-16.36.12:952][228]LogPhysics: Warning: Initialising Body : Scale3D is (nearly) zero: Component: '/Game/AdvancedVillagePack/Maps/AdvancedVillagePack_Showcase.AdvancedVillagePack_Showcase:PersistentLevel.Projectile_C_61.Projectile' 
[2019.10.19-16.36.13:259][247]LogPhysics: Warning: Initialising Body : Scale3D is (nearly) zero: Component: '/Game/AdvancedVillagePack/Maps/AdvancedVillagePack_Showcase.AdvancedVillagePack_Showcase:PersistentLevel.Projectile_C_62.Projectile' 
[2019.10.19-16.36.13:565][266]LogPhysics: Warning: Initialising Body : Scale3D is (nearly) zero: Component: '/Game/AdvancedVillagePack/Maps/AdvancedVillagePack_Showcase.AdvancedVillagePack_Showcase:PersistentLevel.Projectile_C_63.Projectile' 
[2019.10.19-16.36.13:871][285]LogPhysics: Warning: Initialising Body : Scale3D is (nearly) zero: Component: '/Game/AdvancedVillagePack/Maps/AdvancedVillagePack_Showcase.AdvancedVillagePack_Showcase:PersistentLevel.Projectile_C_64.Projectile' 
[2019.10.19-16.36.14:178][304]LogPhysics: Warning: Initialising Body : Scale3D is (nearly) zero: Component: '/Game/AdvancedVillagePack/Maps/AdvancedVillagePack_Showcase.AdvancedVillagePack_Showcase:PersistentLevel.Projectile_C_65.Projectile' 
[2019.10.19-16.36.14:485][323]LogPhysics: Warning: Initialising Body : Scale3D is (nearly) zero: Component: '/Game/AdvancedVillagePack/Maps/AdvancedVillagePack_Showcase.AdvancedVillagePack_Showcase:PersistentLevel.Projectile_C_66.Projectile' 
[2019.10.19-16.36.14:792][342]LogPhysics: Warning: Initialising Body : Scale3D is (nearly) zero: Component: '/Game/AdvancedVillagePack/Maps/AdvancedVillagePack_Showcase.AdvancedVillagePack_Showcase:PersistentLevel.Projectile_C_67.Projectile' 
[2019.10.19-16.36.15:083][360]LogPawn: Error: DisableInput can only be specified on a Pawn for its Controller
[2019.10.19-16.36.15:098][361]LogPhysics: Warning: Initialising Body : Scale3D is (nearly) zero: Component: '/Game/AdvancedVillagePack/Maps/AdvancedVillagePack_Showcase.AdvancedVillagePack_Showcase:PersistentLevel.Projectile_C_68.Projectile' 
[2019.10.19-16.36.15:406][380]LogPhysics: Warning: Initialising Body : Scale3D is (nearly) zero: Component: '/Game/AdvancedVillagePack/Maps/AdvancedVillagePack_Showcase.AdvancedVillagePack_Showcase:PersistentLevel.Projectile_C_69.Projectile' 
[2019.10.19-16.36.15:712][399]LogPhysics: Warning: Initialising Body : Scale3D is (nearly) zero: Component: '/Game/AdvancedVillagePack/Maps/AdvancedVillagePack_Showcase.AdvancedVillagePack_Showcase:PersistentLevel.Projectile_C_70.Projectile' 
[2019.10.19-16.36.19:332][617]LogSlate: Window 'shootemup (64-bit Development PCD3D_SM5) ' being destroyed
[2019.10.19-16.36.19:333][617]LogWindowsTextInputMethodSystem: Display: IME system now deactivated.
[2019.10.19-16.36.19:337][617]LogWindowsTextInputMethodSystem: Display: IME system now deactivated.
[2019.10.19-16.36.19:338][617]LogSlate: Updating window title bar state: overlay mode, drag disabled, window buttons hidden, title bar hidden
[2019.10.19-16.36.19:338][617]LogEngine: All Windows Closed
[2019.10.19-16.36.19:338][617]LogWindows: FPlatformMisc::RequestExit(0)
[2019.10.19-16.36.19:347][618]LogWorld: BeginTearingDown for /Game/AdvancedVillagePack/Maps/AdvancedVillagePack_Showcase
[2019.10.19-16.36.19:359][618]LogWorld: UWorld::CleanupWorld for AdvancedVillagePack_Showcase, bSessionEnded=true, bCleanupResources=true
[2019.10.19-16.36.20:052][618]LogExit: Preparing to exit.
[2019.10.19-16.36.20:052][618]LogMoviePlayer: Shutting down movie player
[2019.10.19-16.36.20:687][618]LogSlate: Updating window title bar state: overlay mode, drag disabled, window buttons hidden, title bar hidden
[2019.10.19-16.36.20:857][618]LogDemo: Cleaned up 0 splitscreen connections with owner deletion
[2019.10.19-16.36.20:862][618]LogExit: Game engine shut down
[2019.10.19-16.36.20:976][618]LogExit: Object subsystem successfully closed.
[2019.10.19-16.36.20:995][618]LogShaderCompilers: Display: Shaders left to compile 0
[2019.10.19-16.36.21:005][618]LogModuleManager: Shutting down and abandoning module SequenceRecorderSections (408)
[2019.10.19-16.36.21:005][618]LogModuleManager: Shutting down and abandoning module SequenceRecorder (406)
[2019.10.19-16.36.21:005][618]LogModuleManager: Shutting down and abandoning module AutomationController (404)
[2019.10.19-16.36.21:005][618]LogModuleManager: Shutting down and abandoning module AutomationWorker (402)
[2019.10.19-16.36.21:005][618]LogModuleManager: Shutting down and abandoning module Voice (400)
[2019.10.19-16.36.21:015][618]LogModuleManager: Shutting down and abandoning module AIModule (398)
[2019.10.19-16.36.21:015][618]LogModuleManager: Shutting down and abandoning module GameplayDebugger (397)
[2019.10.19-16.36.21:015][618]LogModuleManager: Shutting down and abandoning module AITestSuite (395)
[2019.10.19-16.36.21:015][618]LogModuleManager: Shutting down and abandoning module NavigationSystem (393)
[2019.10.19-16.36.21:015][618]LogModuleManager: Shutting down and abandoning module OculusMR (390)
[2019.10.19-16.36.21:015][618]LogModuleManager: Shutting down and abandoning module WmfMediaFactory (388)
[2019.10.19-16.36.21:015][618]LogModuleManager: Shutting down and abandoning module WebMMediaFactory (386)
[2019.10.19-16.36.21:015][618]LogModuleManager: Shutting down and abandoning module WebMMedia (384)
[2019.10.19-16.36.21:015][618]LogModuleManager: Shutting down and abandoning module OpenExrWrapper (382)
[2019.10.19-16.36.21:015][618]LogModuleManager: Shutting down and abandoning module ImgMediaFactory (380)
[2019.10.19-16.36.21:015][618]LogModuleManager: Shutting down and abandoning module AvfMediaFactory (378)
[2019.10.19-16.36.21:015][618]LogModuleManager: Shutting down and abandoning module MagicLeapCameraPreviewFactory (376)
[2019.10.19-16.36.21:015][618]LogModuleManager: Shutting down and abandoning module MagicLeapMediaCodecFactory (374)
[2019.10.19-16.36.21:015][618]LogModuleManager: Shutting down and abandoning module MagicLeapMediaFactory (372)
[2019.10.19-16.36.21:015][618]LogModuleManager: Shutting down and abandoning module CharacterAI (370)
[2019.10.19-16.36.21:015][618]LogModuleManager: Shutting down and abandoning module SessionServices (368)
[2019.10.19-16.36.21:015][618]LogModuleManager: Shutting down and abandoning module MovieSceneCapture (366)
[2019.10.19-16.36.21:015][618]LogModuleManager: Shutting down and abandoning module LiveCoding (364)
[2019.10.19-16.36.21:015][618]LogModuleManager: Shutting down and abandoning module LevelSequence (362)
[2019.10.19-16.36.21:015][618]LogModuleManager: Shutting down and abandoning module MovieSceneTracks (360)
[2019.10.19-16.36.21:015][618]LogModuleManager: Shutting down and abandoning module MovieScene (358)
[2019.10.19-16.36.21:015][618]LogModuleManager: Shutting down and abandoning module StreamingPauseRendering (356)
[2019.10.19-16.36.21:015][618]LogModuleManager: Shutting down and abandoning module PortalServices (354)
[2019.10.19-16.36.21:015][618]LogModuleManager: Shutting down and abandoning module PortalRpc (352)
[2019.10.19-16.36.21:015][618]LogModuleManager: Shutting down and abandoning module MessagingRpc (350)
[2019.10.19-16.36.21:015][618]LogModuleManager: Shutting down and abandoning module ImageWriteQueue (348)
[2019.10.19-16.36.21:017][618]LogModuleManager: Shutting down and abandoning module ProfilerService (346)
[2019.10.19-16.36.21:081][618]LogModuleManager: Shutting down and abandoning module TaskGraph (344)
[2019.10.19-16.36.21:081][618]LogModuleManager: Shutting down and abandoning module SteamVRController (342)
[2019.10.19-16.36.21:081][618]LogModuleManager: Shutting down and abandoning module ProceduralMeshComponent (340)
[2019.10.19-16.36.21:081][618]LogModuleManager: Shutting down and abandoning module OculusInput (338)
[2019.10.19-16.36.21:081][618]LogModuleManager: Shutting down and abandoning module MobilePatchingUtils (336)
[2019.10.19-16.36.21:081][618]LogModuleManager: Shutting down and abandoning module EditableMesh (334)
[2019.10.19-16.36.21:081][618]LogModuleManager: Shutting down and abandoning module CustomMeshComponent (332)
[2019.10.19-16.36.21:081][618]LogModuleManager: Shutting down and abandoning module CableComponent (330)
[2019.10.19-16.36.21:081][618]LogModuleManager: Shutting down and abandoning module AudioCapture (328)
[2019.10.19-16.36.21:081][618]LogModuleManager: Shutting down and abandoning module ArchVisCharacter (326)
[2019.10.19-16.36.21:081][618]LogModuleManager: Shutting down and abandoning module AppleImageUtilsBlueprintSupport (324)
[2019.10.19-16.36.21:081][618]LogModuleManager: Shutting down and abandoning module AppleImageUtils (322)
[2019.10.19-16.36.21:081][618]LogModuleManager: Shutting down and abandoning module AndroidPermission (320)
[2019.10.19-16.36.21:081][618]LogModuleManager: Shutting down and abandoning module NUTUnrealEngine4 (318)
[2019.10.19-16.36.21:081][618]LogModuleManager: Shutting down and abandoning module NetcodeUnitTest (316)
[2019.10.19-16.36.21:081][618]LogModuleManager: Shutting down and abandoning module MediaCompositing (314)
[2019.10.19-16.36.21:081][618]LogModuleManager: Shutting down and abandoning module ImgMedia (312)
[2019.10.19-16.36.21:081][618]LogModuleManager: Shutting down and abandoning module MagicLeapHelperVulkan (310)
[2019.10.19-16.36.21:081][618]LogModuleManager: Shutting down and abandoning module MagicLeapHelperOpenGL (308)
[2019.10.19-16.36.21:081][618]LogModuleManager: Shutting down and abandoning module MagicLeapAudio (306)
[2019.10.19-16.36.21:081][618]LogModuleManager: Shutting down and abandoning module HTML5Networking (304)
[2019.10.19-16.36.21:081][618]LogModuleManager: Shutting down and abandoning module GeometryCacheTracks (302)
[2019.10.19-16.36.21:081][618]LogModuleManager: Shutting down and abandoning module GeometryCacheSequencer (301)
[2019.10.19-16.36.21:081][618]LogModuleManager: Shutting down and abandoning module GeometryCache (298)
[2019.10.19-16.36.21:081][618]LogModuleManager: Shutting down and abandoning module GeometryCacheEd (297)
[2019.10.19-16.36.21:081][618]LogModuleManager: Shutting down and abandoning module BackChannel (294)
[2019.10.19-16.36.21:081][618]LogModuleManager: Shutting down and abandoning module AutomationUtils (292)
[2019.10.19-16.36.21:081][618]LogModuleManager: Shutting down and abandoning module VariantManagerContent (290)
[2019.10.19-16.36.21:081][618]LogModuleManager: Shutting down and abandoning module CryptoKeysOpenSSL (288)
[2019.10.19-16.36.21:082][618]LogModuleManager: Shutting down and abandoning module CryptoKeys (286)
[2019.10.19-16.36.21:082][618]LogModuleManager: Shutting down and abandoning module VisualStudioSourceCodeAccess (284)
[2019.10.19-16.36.21:082][618]LogModuleManager: Shutting down and abandoning module HotReload (283)
[2019.10.19-16.36.21:082][618]LogModuleManager: Shutting down and abandoning module DirectoryWatcher (282)
[2019.10.19-16.36.21:082][618]LogModuleManager: Shutting down and abandoning module VisualStudioCodeSourceCodeAccess (278)
[2019.10.19-16.36.21:082][618]LogModuleManager: Shutting down and abandoning module UObjectPlugin (276)
[2019.10.19-16.36.21:082][618]LogModuleManager: Shutting down and abandoning module SubversionSourceControl (274)
[2019.10.19-16.36.21:082][618]LogModuleManager: Shutting down and abandoning module PerforceSourceControl (272)
[2019.10.19-16.36.21:082][618]LogModuleManager: Shutting down and abandoning module SourceControl (271)
[2019.10.19-16.36.21:082][618]LogModuleManager: Shutting down and abandoning module CLionSourceCodeAccess (268)
[2019.10.19-16.36.21:082][618]LogModuleManager: Shutting down and abandoning module ActorLayerUtilities (266)
[2019.10.19-16.36.21:082][618]LogModuleManager: Shutting down and abandoning module SignificanceManager (264)
[2019.10.19-16.36.21:082][618]LogModuleManager: Shutting down and abandoning module RuntimePhysXCooking (262)
[2019.10.19-16.36.21:082][618]LogModuleManager: Shutting down and abandoning module PhysXVehiclesEditor (260)
[2019.10.19-16.36.21:082][618]LogModuleManager: Shutting down and abandoning module LocationServicesBPLibrary (256)
[2019.10.19-16.36.21:082][618]LogModuleManager: Shutting down and abandoning module ActorSequence (254)
[2019.10.19-16.36.21:082][618]LogModuleManager: Shutting down and abandoning module UdpMessaging (252)
[2019.10.19-16.36.21:183][618]LogModuleManager: Shutting down and abandoning module TcpMessaging (250)
[2019.10.19-16.36.21:675][618]LogModuleManager: Shutting down and abandoning module MagicLeapIdentity (248)
[2019.10.19-16.36.21:675][618]LogModuleManager: Shutting down and abandoning module MagicLeapSecureStorage (246)
[2019.10.19-16.36.21:675][618]LogModuleManager: Shutting down and abandoning module MagicLeapHandTracking (244)
[2019.10.19-16.36.21:675][618]LogModuleManager: Shutting down and abandoning module MagicLeapEyeTracker (242)
[2019.10.19-16.36.21:675][618]LogModuleManager: Shutting down and abandoning module MagicLeapController (240)
[2019.10.19-16.36.21:675][618]LogSlate: Slate User Destroyed.  User Index 0, Is Virtual User: 0
[2019.10.19-16.36.21:675][618]LogModuleManager: Shutting down and abandoning module MagicLeapAR (238)
[2019.10.19-16.36.21:675][618]LogModuleManager: Shutting down and abandoning module AugmentedReality (237)
[2019.10.19-16.36.21:675][618]LogModuleManager: Shutting down and abandoning module GameplayTagsEditor (234)
[2019.10.19-16.36.21:675][618]LogModuleManager: Shutting down and abandoning module FacialAnimation (232)
[2019.10.19-16.36.21:675][618]LogModuleManager: Shutting down and abandoning module AssetManagerEditor (230)
[2019.10.19-16.36.21:675][618]LogModuleManager: Shutting down and abandoning module TreeMap (229)
[2019.10.19-16.36.21:676][618]LogModuleManager: Shutting down and abandoning module AnimationSharing (226)
[2019.10.19-16.36.21:676][618]LogModuleManager: Shutting down and abandoning module LightPropagationVolumeRuntime (224)
[2019.10.19-16.36.21:676][618]LogModuleManager: Shutting down and abandoning module Paper2D (222)
[2019.10.19-16.36.21:676][618]LogModuleManager: Shutting down and abandoning module WindowsMoviePlayer (220)
[2019.10.19-16.36.21:678][618]LogModuleManager: Shutting down and abandoning module WebMMoviePlayer (218)
[2019.10.19-16.36.21:678][618]LogModuleManager: Shutting down and abandoning module NetworkReplayStreaming (216)
[2019.10.19-16.36.21:678][618]LogModuleManager: Shutting down and abandoning module PacketHandler (214)
[2019.10.19-16.36.21:678][618]LogModuleManager: Shutting down and abandoning module ClothingSystemEditor (212)
[2019.10.19-16.36.21:678][618]LogModuleManager: Shutting down and abandoning module ClothingSystemRuntime (210)
[2019.10.19-16.36.21:678][618]LogModuleManager: Shutting down and abandoning module MediaAssets (208)
[2019.10.19-16.36.21:678][618]LogModuleManager: Shutting down and abandoning module Overlay (206)
[2019.10.19-16.36.21:678][618]LogModuleManager: Shutting down and abandoning module OverlayEditor (205)
[2019.10.19-16.36.21:678][618]LogModuleManager: Shutting down and abandoning module VREditor (202)
[2019.10.19-16.36.21:678][618]LogModuleManager: Shutting down and abandoning module StringTableEditor (200)
[2019.10.19-16.36.21:678][618]LogModuleManager: Shutting down and abandoning module GameplayTasksEditor (198)
[2019.10.19-16.36.21:678][618]LogModuleManager: Shutting down and abandoning module BehaviorTreeEditor (196)
[2019.10.19-16.36.21:678][618]LogModuleManager: Shutting down and abandoning module FunctionalTesting (194)
[2019.10.19-16.36.21:678][618]LogModuleManager: Shutting down and abandoning module CollisionAnalyzer (192)
[2019.10.19-16.36.21:678][618]LogModuleManager: Shutting down and abandoning module WorkspaceMenuStructure (191)
[2019.10.19-16.36.21:678][618]LogModuleManager: Shutting down and abandoning module UMG (188)
[2019.10.19-16.36.21:678][618]LogModuleManager: Shutting down and abandoning module UMGEditor (187)
[2019.10.19-16.36.21:678][618]LogModuleManager: Shutting down and abandoning module Sequencer (186)
[2019.10.19-16.36.21:678][618]LogModuleManager: Shutting down and abandoning module MessageLog (183)
[2019.10.19-16.36.21:678][618]LogModuleManager: Shutting down and abandoning module SlateReflector (178)
[2019.10.19-16.36.21:678][618]LogModuleManager: Shutting down and abandoning module Slate (176)
[2019.10.19-16.36.21:678][618]LogModuleManager: Shutting down and abandoning module LandscapeEditorUtilities (174)
[2019.10.19-16.36.21:678][618]LogModuleManager: Shutting down and abandoning module EditorStyle (172)
[2019.10.19-16.36.21:679][618]LogModuleManager: Shutting down and abandoning module UnrealEd (170)
[2019.10.19-16.36.21:679][618]LogModuleManager: Shutting down and abandoning module MRMesh (168)
[2019.10.19-16.36.21:679][618]LogModuleManager: Shutting down and abandoning module Messaging (166)
[2019.10.19-16.36.21:679][618]LogModuleManager: Shutting down and abandoning module SourceCodeAccess (164)
[2019.10.19-16.36.21:679][618]LogModuleManager: Shutting down and abandoning module HeadMountedDisplay (162)
[2019.10.19-16.36.21:679][618]LogModuleManager: Shutting down and abandoning module XAudio2 (160)
[2019.10.19-16.36.21:679][618]LogModuleManager: Shutting down and abandoning module Networking (158)
[2019.10.19-16.36.21:679][618]LogModuleManager: Shutting down and abandoning module Core (156)
[2019.10.19-16.36.21:679][618]LogModuleManager: Shutting down and abandoning module KismetCompiler (154)
[2019.10.19-16.36.21:679][618]LogModuleManager: Shutting down and abandoning module MeshUtilities (152)
[2019.10.19-16.36.21:679][618]LogModuleManager: Shutting down and abandoning module MeshMergeUtilities (151)
[2019.10.19-16.36.21:679][618]LogModuleManager: Shutting down and abandoning module MeshReductionInterface (150)
[2019.10.19-16.36.21:679][618]LogModuleManager: Shutting down and abandoning module SkeletalMeshReduction (149)
[2019.10.19-16.36.21:679][618]LogModuleManager: Shutting down and abandoning module ProxyLODMeshReduction (147)
[2019.10.19-16.36.21:679][618]LogModuleManager: Shutting down and abandoning module QuadricMeshReduction (145)
[2019.10.19-16.36.21:679][618]LogModuleManager: Shutting down and abandoning module MaterialBaking (141)
[2019.10.19-16.36.21:679][618]LogModuleManager: Shutting down and abandoning module NullInstallBundleManager (136)
[2019.10.19-16.36.21:679][618]LogModuleManager: Shutting down and abandoning module PIEPreviewDeviceProfileSelector (134)
[2019.10.19-16.36.21:679][618]LogModuleManager: Shutting down and abandoning module DerivedDataCache (132)
[2019.10.19-16.36.21:733][618]LogDerivedDataCache: Shutdown
[2019.10.19-16.36.21:733][618]LogModuleManager: Shutting down and abandoning module XGEController (130)
[2019.10.19-16.36.21:733][618]LogModuleManager: Shutting down and abandoning module TargetPlatform (128)
[2019.10.19-16.36.21:733][618]LogModuleManager: Shutting down and abandoning module VulkanShaderFormat (127)
[2019.10.19-16.36.21:733][618]LogModuleManager: Shutting down and abandoning module ShaderFormatVectorVM (125)
[2019.10.19-16.36.21:733][618]LogModuleManager: Shutting down and abandoning module ShaderFormatOpenGL (123)
[2019.10.19-16.36.21:733][618]LogModuleManager: Shutting down and abandoning module ShaderFormatD3D (121)
[2019.10.19-16.36.21:734][618]LogModuleManager: Shutting down and abandoning module MetalShaderFormat (119)
[2019.10.19-16.36.21:734][618]LogModuleManager: Shutting down and abandoning module TextureFormatUncompressed (117)
[2019.10.19-16.36.21:734][618]LogModuleManager: Shutting down and abandoning module TextureFormatPVR (115)
[2019.10.19-16.36.21:734][618]LogModuleManager: Shutting down and abandoning module TextureFormatDXT (113)
[2019.10.19-16.36.21:734][618]LogModuleManager: Shutting down and abandoning module TextureFormatIntelISPCTexComp (111)
[2019.10.19-16.36.21:734][618]LogModuleManager: Shutting down and abandoning module TextureFormatASTC (109)
[2019.10.19-16.36.21:734][618]LogModuleManager: Shutting down and abandoning module ImageWrapper (108)
[2019.10.19-16.36.21:734][618]LogModuleManager: Shutting down and abandoning module TextureFormatAndroid (105)
[2019.10.19-16.36.21:734][618]LogModuleManager: Shutting down and abandoning module AudioFormatOpus (103)
[2019.10.19-16.36.21:734][618]LogModuleManager: Shutting down and abandoning module AudioFormatOgg (101)
[2019.10.19-16.36.21:734][618]LogModuleManager: Shutting down and abandoning module AudioFormatADPCM (99)
[2019.10.19-16.36.21:734][618]LogModuleManager: Shutting down and abandoning module WindowsTargetPlatform (97)
[2019.10.19-16.36.21:734][618]LogModuleManager: Shutting down and abandoning module WindowsServerTargetPlatform (95)
[2019.10.19-16.36.21:734][618]LogModuleManager: Shutting down and abandoning module WindowsNoEditorTargetPlatform (93)
[2019.10.19-16.36.21:734][618]LogModuleManager: Shutting down and abandoning module WindowsClientTargetPlatform (91)
[2019.10.19-16.36.21:734][618]LogModuleManager: Shutting down and abandoning module InputCore (88)
[2019.10.19-16.36.21:734][618]LogModuleManager: Shutting down and abandoning module Settings (86)
[2019.10.19-16.36.21:734][618]LogModuleManager: Shutting down and abandoning module PhysXCooking (84)
[2019.10.19-16.36.21:734][618]LogModuleManager: Shutting down and abandoning module WindowsPlatformFeatures (82)
[2019.10.19-16.36.21:734][618]LogModuleManager: Shutting down and abandoning module GameplayMediaEncoder (81)
[2019.10.19-16.36.21:734][618]LogModuleManager: Shutting down and abandoning module SteamVR (78)
[2019.10.19-16.36.21:734][618]LogHMD: Freeing OpenVRDLLHandle.
[2019.10.19-16.36.21:734][618]LogModuleManager: Shutting down and abandoning module OculusHMD (76)
[2019.10.19-16.36.21:734][618]LogModuleManager: Shutting down and abandoning module ExampleDeviceProfileSelector (74)
[2019.10.19-16.36.21:734][618]LogModuleManager: Shutting down and abandoning module LauncherChunkInstaller (72)
[2019.10.19-16.36.21:734][618]LogModuleManager: Shutting down and abandoning module OnlineBlueprintSupport (70)
[2019.10.19-16.36.21:734][618]LogModuleManager: Shutting down and abandoning module OnlineSubsystem (66)
[2019.10.19-16.36.21:734][618]LogModuleManager: Shutting down and abandoning module XMPP (61)
[2019.10.19-16.36.21:734][618]LogModuleManager: Shutting down and abandoning module WebSockets (60)
[2019.10.19-16.36.21:746][618]LogModuleManager: Shutting down and abandoning module HTTP (57)
[2019.10.19-16.36.21:756][618]LogModuleManager: Shutting down and abandoning module SSL (56)
[2019.10.19-16.36.21:757][618]LogModuleManager: Shutting down and abandoning module WmfMedia (52)
[2019.10.19-16.36.21:759][618]LogModuleManager: Shutting down and abandoning module Media (51)
[2019.10.19-16.36.21:759][618]LogModuleManager: Shutting down and abandoning module MagicLeap (48)
[2019.10.19-16.36.21:759][618]LogModuleManager: Shutting down and abandoning module DatasmithContent (46)
[2019.10.19-16.36.21:760][618]LogModuleManager: Shutting down and abandoning module AISupportModule (44)
[2019.10.19-16.36.21:760][618]LogModuleManager: Shutting down and abandoning module PlatformCryptoOpenSSL (42)
[2019.10.19-16.36.21:760][618]LogModuleManager: Shutting down and abandoning module PlatformCrypto (40)
[2019.10.19-16.36.21:760][618]LogModuleManager: Shutting down and abandoning module AnimationModifiers (38)
[2019.10.19-16.36.21:760][618]LogModuleManager: Shutting down and abandoning module PropertyEditor (37)
[2019.10.19-16.36.21:760][618]LogModuleManager: Shutting down and abandoning module AudioEditor (34)
[2019.10.19-16.36.21:760][618]LogModuleManager: Shutting down and abandoning module TextureCompressor (32)
[2019.10.19-16.36.21:760][618]LogModuleManager: Shutting down and abandoning module RenderCore (30)
[2019.10.19-16.36.21:760][618]LogModuleManager: Shutting down and abandoning module Landscape (28)
[2019.10.19-16.36.21:760][618]LogModuleManager: Shutting down and abandoning module SlateRHIRenderer (26)
[2019.10.19-16.36.21:761][618]LogModuleManager: Shutting down and abandoning module OpenGLDrv (24)
[2019.10.19-16.36.21:761][618]LogModuleManager: Shutting down and abandoning module D3D11RHI (22)
[2019.10.19-16.36.21:761][618]LogModuleManager: Shutting down and abandoning module AnimGraphRuntime (20)
[2019.10.19-16.36.21:761][618]LogModuleManager: Shutting down and abandoning module Renderer (18)
[2019.10.19-16.36.21:761][618]LogModuleManager: Shutting down and abandoning module Engine (16)
[2019.10.19-16.36.21:761][618]LogModuleManager: Shutting down and abandoning module CoreUObject (14)
[2019.10.19-16.36.21:761][618]LogModuleManager: Shutting down and abandoning module NetworkFile (12)
[2019.10.19-16.36.21:761][618]LogModuleManager: Shutting down and abandoning module CookedIterativeFile (10)
[2019.10.19-16.36.21:761][618]LogModuleManager: Shutting down and abandoning module StreamingFile (8)
[2019.10.19-16.36.21:761][618]LogModuleManager: Shutting down and abandoning module SandboxFile (6)
[2019.10.19-16.36.21:761][618]LogModuleManager: Shutting down and abandoning module PakFile (4)
[2019.10.19-16.36.21:761][618]LogModuleManager: Shutting down and abandoning module RSA (3)
[2019.10.19-16.36.21:762][618]LogD3D11RHI: Shutdown
[2019.10.19-16.36.21:762][618]LogD3D11RHI: CleanupD3DDevice
[2019.10.19-16.36.21:777][618]LogRendererCore: FGlobalDynamicReadBuffer::Cleanup()
[2019.10.19-16.36.21:777][618]LogRendererCore: FGlobalDynamicReadBuffer::Cleanup()
[2019.10.19-16.36.21:777][618]LogRendererCore: FGlobalDynamicReadBuffer::Cleanup()
[2019.10.19-16.36.21:858][618]LogD3D11RHI: ~FD3D11DynamicRHI
[2019.10.19-16.36.21:862][618]LogExit: Exiting.
[2019.10.19-16.36.21:901][618]Log file closed, 10/19/19 18:36:21
