Log file open, 09/18/19 16:25:11
LogWindows: Failed to load 'aqProf.dll' (GetLastError=126)
LogWindows: File 'aqProf.dll' does not exist
LogWindows: Failed to load 'VtuneApi.dll' (GetLastError=126)
LogWindows: File 'VtuneApi.dll' does not exist
LogWindows: Failed to load 'VtuneApi32e.dll' (GetLastError=126)
LogWindows: File 'VtuneApi32e.dll' does not exist
LogConsoleResponse: Display: Failed to find resolution value strings in scalability ini. Falling back to default.
LogInit: Display: Running engine for game: shootemup
LogPlatformFile: Not using cached read wrapper
LogTaskGraph: Started task graph with 5 named threads and 35 total threads with 3 sets of task threads.
LogStats: Stats thread started at 0.128601
LogD3D11RHI: Loaded GFSDK_Aftermath_Lib.x64.dll
LogICUInternationalization: ICU TimeZone Detection - Raw Offset: +1:00, Platform Override: ''
LogPluginManager: Mounting plugin Paper2D
LogPluginManager: Mounting plugin AISupport
LogPluginManager: Mounting plugin LightPropagationVolume
LogPluginManager: Mounting plugin ActorLayerUtilities
LogPluginManager: Mounting plugin AnimationSharing
LogPluginManager: Mounting plugin CLionSourceCodeAccess
LogPluginManager: Mounting plugin CodeLiteSourceCodeAccess
LogPluginManager: Mounting plugin GitSourceControl
LogPluginManager: Mounting plugin KDevelopSourceCodeAccess
LogPluginManager: Mounting plugin NullSourceCodeAccess
LogPluginManager: Mounting plugin PerforceSourceControl
LogPluginManager: Mounting plugin SubversionSourceControl
LogPluginManager: Mounting plugin UObjectPlugin
LogPluginManager: Mounting plugin VisualStudioCodeSourceCodeAccess
LogPluginManager: Mounting plugin VisualStudioSourceCodeAccess
LogPluginManager: Mounting plugin XCodeSourceCodeAccess
LogPluginManager: Mounting plugin AssetManagerEditor
LogPluginManager: Mounting plugin CryptoKeys
LogPluginManager: Mounting plugin CurveEditorTools
LogPluginManager: Mounting plugin DataValidation
LogPluginManager: Mounting plugin FacialAnimation
LogPluginManager: Mounting plugin GameplayTagsEditor
LogPluginManager: Mounting plugin MacGraphicsSwitching
LogPluginManager: Mounting plugin MaterialAnalyzer
LogPluginManager: Mounting plugin MobileLauncherProfileWizard
LogPluginManager: Mounting plugin PluginBrowser
LogPluginManager: Mounting plugin SpeedTreeImporter
LogPluginManager: Mounting plugin DatasmithContent
LogPluginManager: Mounting plugin VariantManagerContent
LogPluginManager: Mounting plugin AlembicImporter
LogPluginManager: Mounting plugin AutomationUtils
LogPluginManager: Mounting plugin BackChannel
LogPluginManager: Mounting plugin CharacterAI
LogPluginManager: Mounting plugin GeometryCache
LogPluginManager: Mounting plugin HTML5Networking
LogPluginManager: Mounting plugin PlatformCrypto
LogPluginManager: Mounting plugin ProxyLODPlugin
LogPluginManager: Mounting plugin SkeletalReduction
LogPluginManager: Mounting plugin MagicLeap
LogPluginManager: Mounting plugin MagicLeapMedia
LogPluginManager: Mounting plugin AndroidMedia
LogPluginManager: Mounting plugin AvfMedia
LogPluginManager: Mounting plugin ImgMedia
LogPluginManager: Mounting plugin MediaCompositing
LogPluginManager: Mounting plugin MediaPlayerEditor
LogPluginManager: Mounting plugin WebMMedia
LogPluginManager: Mounting plugin WmfMedia
LogPluginManager: Mounting plugin TcpMessaging
LogPluginManager: Mounting plugin UdpMessaging
LogPluginManager: Mounting plugin ActorSequence
LogPluginManager: Mounting plugin LevelSequenceEditor
LogPluginManager: Mounting plugin MatineeToLevelSequence
LogPluginManager: Mounting plugin NetcodeUnitTest
LogPluginManager: Mounting plugin NUTUnrealEngine4
LogPluginManager: Mounting plugin OnlineSubsystemGooglePlay
LogPluginManager: Mounting plugin OnlineSubsystemIOS
LogPluginManager: Mounting plugin OnlineSubsystem
LogPluginManager: Mounting plugin OnlineSubsystemNull
LogPluginManager: Mounting plugin OnlineSubsystemUtils
LogPluginManager: Mounting plugin LauncherChunkInstaller
LogPluginManager: Mounting plugin AndroidDeviceProfileSelector
LogPluginManager: Mounting plugin AndroidMoviePlayer
LogPluginManager: Mounting plugin AndroidPermission
LogPluginManager: Mounting plugin AppleImageUtils
LogPluginManager: Mounting plugin AppleMoviePlayer
LogPluginManager: Mounting plugin ArchVisCharacter
LogPluginManager: Mounting plugin AudioCapture
LogPluginManager: Mounting plugin CableComponent
LogPluginManager: Mounting plugin CustomMeshComponent
LogPluginManager: Mounting plugin EditableMesh
LogPluginManager: Mounting plugin ExampleDeviceProfileSelector
LogPluginManager: Mounting plugin GoogleCloudMessaging
LogPluginManager: Mounting plugin IOSDeviceProfileSelector
LogPluginManager: Mounting plugin LinuxDeviceProfileSelector
LogPluginManager: Mounting plugin LocationServicesBPLibrary
LogPluginManager: Mounting plugin MobilePatchingUtils
LogPluginManager: Mounting plugin OculusVR
LogPluginManager: Mounting plugin PhysXVehicles
LogPluginManager: Mounting plugin ProceduralMeshComponent
LogPluginManager: Mounting plugin RuntimePhysXCooking
LogPluginManager: Mounting plugin SignificanceManager
LogPluginManager: Mounting plugin SteamVR
LogPluginManager: Mounting plugin WebMMoviePlayer
LogPluginManager: Mounting plugin WindowsMoviePlayer
LogPluginManager: Mounting plugin ScreenshotTools
LogInit: Using libcurl 7.55.1-DEV
LogInit:  - built for x86_64-pc-win32
LogInit:  - supports SSL with OpenSSL/1.1.1
LogInit:  - supports HTTP deflate (compression) using libz 1.2.8
LogInit:  - other features:
LogInit:      CURL_VERSION_SSL
LogInit:      CURL_VERSION_LIBZ
LogInit:      CURL_VERSION_IPV6
LogInit:      CURL_VERSION_ASYNCHDNS
LogInit:      CURL_VERSION_LARGEFILE
LogInit:      CURL_VERSION_IDN
LogInit:  CurlRequestOptions (configurable via config and command line):
LogInit:  - bVerifyPeer = true  - Libcurl will verify peer certificate
LogInit:  - bUseHttpProxy = false  - Libcurl will NOT use HTTP proxy
LogInit:  - bDontReuseConnections = false  - Libcurl will reuse connections
LogInit:  - MaxHostConnections = 16  - Libcurl will limit the number of connections to a host
LogInit:  - LocalHostAddr = Default
LogInit:  - BufferSize = 65536
LogOnline: OSS: Creating online subsystem instance for: NULL
LogInit: WinSock: version 1.1 (2.2), MaxSocks=32767, MaxUdp=65467
LogInit: Build: ++UE4+Release-4.23-CL-8386587
LogInit: Engine Version: 4.23.0-8386587+++UE4+Release-4.23
LogInit: Compatible Engine Version: 4.23.0-8386587+++UE4+Release-4.23
LogInit: Net CL: 8386587
LogInit: OS: Windows 10 (Release 1903) (), CPU: Intel(R) Core(TM) i7-8750H CPU @ 2.20GHz, GPU: Intel(R) UHD Graphics 630
LogInit: Compiled (64-bit): Aug 31 2019 02:04:44
LogInit: Compiled with Visual C++: 19.16.27030.01
LogInit: Build Configuration: Development
LogInit: Branch Name: ++UE4+Release-4.23
LogInit: Command Line: 
LogInit: Base Directory: C:/Program Files/Epic Games/UE_4.23/Engine/Binaries/Win64/
LogInit: Installed Engine Build: 1
LogDevObjectVersion: Number of dev versions registered: 23
LogDevObjectVersion:   Dev-Blueprints (B0D832E4-1F89-4F0D-ACCF-7EB736FD4AA2): 10
LogDevObjectVersion:   Dev-Build (E1C64328-A22C-4D53-A36C-8E866417BD8C): 0
LogDevObjectVersion:   Dev-Core (375EC13C-06E4-48FB-B500-84F0262A717E): 3
LogDevObjectVersion:   Dev-Editor (E4B068ED-F494-42E9-A231-DA0B2E46BB41): 34
LogDevObjectVersion:   Dev-Framework (CFFC743F-43B0-4480-9391-14DF171D2073): 35
LogDevObjectVersion:   Dev-Mobile (B02B49B5-BB20-44E9-A304-32B752E40360): 2
LogDevObjectVersion:   Dev-Networking (A4E4105C-59A1-49B5-A7C5-40C4547EDFEE): 0
LogDevObjectVersion:   Dev-Online (39C831C9-5AE6-47DC-9A44-9C173E1C8E7C): 0
LogDevObjectVersion:   Dev-Physics (78F01B33-EBEA-4F98-B9B4-84EACCB95AA2): 0
LogDevObjectVersion:   Dev-Platform (6631380F-2D4D-43E0-8009-CF276956A95A): 0
LogDevObjectVersion:   Dev-Rendering (12F88B9F-8875-4AFC-A67C-D90C383ABD29): 31
LogDevObjectVersion:   Dev-Sequencer (7B5AE74C-D270-4C10-A958-57980B212A5A): 11
LogDevObjectVersion:   Dev-VR (D7296918-1DD6-4BDD-9DE2-64A83CC13884): 2
LogDevObjectVersion:   Dev-LoadTimes (C2A15278-BFE7-4AFE-6C17-90FF531DF755): 1
LogDevObjectVersion:   Private-Geometry (6EACA3D4-40EC-4CC1-B786-8BED09428FC5): 3
LogDevObjectVersion:   Dev-AnimPhys (29E575DD-E0A3-4627-9D10-D276232CDCEA): 17
LogDevObjectVersion:   Dev-Anim (AF43A65D-7FD3-4947-9873-3E8ED9C1BB05): 2
LogDevObjectVersion:   Dev-ReflectionCapture (6B266CEC-1EC7-4B8F-A30B-E4D90942FC07): 1
LogDevObjectVersion:   Dev-Automation (0DF73D61-A23F-47EA-B727-89E90C41499A): 1
LogDevObjectVersion:   FortniteMain (601D1886-AC64-4F84-AA16-D3DE0DEAC7D6): 27
LogDevObjectVersion:   Dev-Enterprise (9DFFBCD6-494F-0158-E221-12823C92A888): 6
LogDevObjectVersion:   Dev-Niagara (F2AED0AC-9AFE-416F-8664-AA7FFA26D6FC): 1
LogDevObjectVersion:   Dev-Destruction (174F1F0B-B4C6-45A5-B13F-2EE8D0FB917D): 9
LogInit: Presizing for max 16777216 objects, including 0 objects not considered by GC, pre-allocating 0 bytes for permanent pool.
LogInit: Object subsystem initialized
LogConfig: Setting CVar [[con.DebugEarlyDefault:1]]
LogConfig: Setting CVar [[r.setres:1280x720]]
[2019.09.18-14.25.11:458][  0]LogConfig: Setting CVar [[r.VSync:0]]
[2019.09.18-14.25.11:458][  0]LogConfig: Setting CVar [[r.RHICmdBypass:0]]
[2019.09.18-14.25.11:458][  0]LogConfig: Applying CVar settings from Section [/Script/Engine.RendererSettings] File [C:/Users/Mawie/Documents/Unreal Projects/shootemup/shootemup/Saved/Config/Windows/Engine.ini]
[2019.09.18-14.25.11:458][  0]LogConfig: Setting CVar [[r.GPUCrashDebugging:0]]
[2019.09.18-14.25.11:458][  0]LogConfig: Setting CVar [[r.MobileHDR:1]]
[2019.09.18-14.25.11:458][  0]LogConfig: Setting CVar [[r.Mobile.DisableVertexFog:1]]
[2019.09.18-14.25.11:458][  0]LogConfig: Setting CVar [[r.Shadow.CSM.MaxMobileCascades:2]]
[2019.09.18-14.25.11:458][  0]LogConfig: Setting CVar [[r.MobileMSAA:1]]
[2019.09.18-14.25.11:458][  0]LogConfig: Setting CVar [[r.Mobile.UseLegacyShadingModel:0]]
[2019.09.18-14.25.11:458][  0]LogConfig: Setting CVar [[r.Mobile.UseHWsRGBEncoding:0]]
[2019.09.18-14.25.11:458][  0]LogConfig: Setting CVar [[r.Mobile.AllowDitheredLODTransition:0]]
[2019.09.18-14.25.11:458][  0]LogConfig: Setting CVar [[r.Mobile.AllowSoftwareOcclusion:0]]
[2019.09.18-14.25.11:459][  0]LogConfig: Setting CVar [[r.DiscardUnusedQuality:0]]
[2019.09.18-14.25.11:459][  0]LogConfig: Setting CVar [[r.AllowOcclusionQueries:1]]
[2019.09.18-14.25.11:459][  0]LogConfig: Setting CVar [[r.MinScreenRadiusForLights:0.030000]]
[2019.09.18-14.25.11:459][  0]LogConfig: Setting CVar [[r.MinScreenRadiusForDepthPrepass:0.030000]]
[2019.09.18-14.25.11:459][  0]LogConfig: Setting CVar [[r.MinScreenRadiusForCSMDepth:0.010000]]
[2019.09.18-14.25.11:459][  0]LogConfig: Setting CVar [[r.PrecomputedVisibilityWarning:0]]
[2019.09.18-14.25.11:459][  0]LogConfig: Setting CVar [[r.TextureStreaming:1]]
[2019.09.18-14.25.11:459][  0]LogConfig: Setting CVar [[Compat.UseDXT5NormalMaps:0]]
[2019.09.18-14.25.11:459][  0]LogConfig: Setting CVar [[r.VirtualTextures:0]]
[2019.09.18-14.25.11:459][  0]LogConfig: Setting CVar [[r.VirtualTexturedLightmaps:0]]
[2019.09.18-14.25.11:459][  0]LogConfig: Setting CVar [[r.VT.TileSize:128]]
[2019.09.18-14.25.11:459][  0]LogConfig: Setting CVar [[r.VT.TileBorderSize:4]]
[2019.09.18-14.25.11:459][  0]LogConfig: Setting CVar [[r.vt.FeedbackFactor:16]]
[2019.09.18-14.25.11:459][  0]LogConfig: Setting CVar [[r.VT.EnableCompressZlib:1]]
[2019.09.18-14.25.11:459][  0]LogConfig: Setting CVar [[r.VT.EnableCompressCrunch:0]]
[2019.09.18-14.25.11:459][  0]LogConfig: Setting CVar [[r.ClearCoatNormal:0]]
[2019.09.18-14.25.11:459][  0]LogConfig: Setting CVar [[r.ReflectionCaptureResolution:128]]
[2019.09.18-14.25.11:459][  0]LogConfig: Setting CVar [[r.ReflectionEnvironmentLightmapMixBasedOnRoughness:1]]
[2019.09.18-14.25.11:459][  0]LogConfig: Setting CVar [[r.ForwardShading:0]]
[2019.09.18-14.25.11:459][  0]LogConfig: Setting CVar [[r.VertexFoggingForOpaque:1]]
[2019.09.18-14.25.11:459][  0]LogConfig: Setting CVar [[r.AllowStaticLighting:1]]
[2019.09.18-14.25.11:459][  0]LogConfig: Setting CVar [[r.NormalMapsForStaticLighting:0]]
[2019.09.18-14.25.11:459][  0]LogConfig: Setting CVar [[r.GenerateMeshDistanceFields:0]]
[2019.09.18-14.25.11:459][  0]LogConfig: Setting CVar [[r.DistanceFieldBuild.EightBit:0]]
[2019.09.18-14.25.11:459][  0]LogConfig: Setting CVar [[r.GenerateLandscapeGIData:0]]
[2019.09.18-14.25.11:459][  0]LogConfig: Setting CVar [[r.DistanceFieldBuild.Compress:0]]
[2019.09.18-14.25.11:459][  0]LogConfig: Setting CVar [[r.TessellationAdaptivePixelsPerTriangle:48.000000]]
[2019.09.18-14.25.11:459][  0]LogConfig: Setting CVar [[r.SeparateTranslucency:1]]
[2019.09.18-14.25.11:459][  0]LogConfig: Setting CVar [[r.TranslucentSortPolicy:0]]
[2019.09.18-14.25.11:459][  0]LogConfig: Setting CVar [[r.CustomDepth:1]]
[2019.09.18-14.25.11:459][  0]LogConfig: Setting CVar [[r.CustomDepthTemporalAAJitter:1]]
[2019.09.18-14.25.11:459][  0]LogConfig: Setting CVar [[r.PostProcessing.PropagateAlpha:0]]
[2019.09.18-14.25.11:459][  0]LogConfig: Setting CVar [[r.DefaultFeature.Bloom:1]]
[2019.09.18-14.25.11:459][  0]LogConfig: Setting CVar [[r.DefaultFeature.AmbientOcclusion:1]]
[2019.09.18-14.25.11:459][  0]LogConfig: Setting CVar [[r.DefaultFeature.AmbientOcclusionStaticFraction:1]]
[2019.09.18-14.25.11:459][  0]LogConfig: Setting CVar [[r.DefaultFeature.AutoExposure:0]]
[2019.09.18-14.25.11:459][  0]LogConfig: Setting CVar [[r.DefaultFeature.AutoExposure.Method:0]]
[2019.09.18-14.25.11:459][  0]LogConfig: Setting CVar [[r.DefaultFeature.AutoExposure.ExtendDefaultLuminanceRange:0]]
[2019.09.18-14.25.11:459][  0]LogConfig: Setting CVar [[r.UsePreExposure:1]]
[2019.09.18-14.25.11:459][  0]LogConfig: Setting CVar [[r.EyeAdaptation.EditorOnly:1]]
[2019.09.18-14.25.11:459][  0]LogConfig: Setting CVar [[r.DefaultFeature.MotionBlur:0]]
[2019.09.18-14.25.11:459][  0]LogConfig: Setting CVar [[r.DefaultFeature.LensFlare:0]]
[2019.09.18-14.25.11:459][  0]LogConfig: Setting CVar [[r.TemporalAA.Upsampling:0]]
[2019.09.18-14.25.11:459][  0]LogConfig: Setting CVar [[r.DefaultFeature.AntiAliasing:0]]
[2019.09.18-14.25.11:459][  0]LogConfig: Setting CVar [[r.DefaultFeature.LightUnits:1]]
[2019.09.18-14.25.11:459][  0]LogConfig: Setting CVar [[r.DefaultBackBufferPixelFormat:4]]
[2019.09.18-14.25.11:460][  0]LogConfig: Setting CVar [[r.Shadow.UnbuiltPreviewInGame:1]]
[2019.09.18-14.25.11:460][  0]LogConfig: Setting CVar [[r.StencilForLODDither:0]]
[2019.09.18-14.25.11:460][  0]LogConfig: Setting CVar [[r.EarlyZPass:3]]
[2019.09.18-14.25.11:460][  0]LogConfig: Setting CVar [[r.EarlyZPassOnlyMaterialMasking:0]]
[2019.09.18-14.25.11:460][  0]LogConfig: Setting CVar [[r.DBuffer:1]]
[2019.09.18-14.25.11:460][  0]LogConfig: Setting CVar [[r.ClearSceneMethod:1]]
[2019.09.18-14.25.11:460][  0]LogConfig: Setting CVar [[r.BasePassOutputsVelocity:0]]
[2019.09.18-14.25.11:460][  0]LogConfig: Setting CVar [[r.SelectiveBasePassOutputs:0]]
[2019.09.18-14.25.11:460][  0]LogConfig: Setting CVar [[fx.GPUSimulationTextureSizeX:1024]]
[2019.09.18-14.25.11:460][  0]LogConfig: Setting CVar [[fx.GPUSimulationTextureSizeY:1024]]
[2019.09.18-14.25.11:460][  0]LogConfig: Setting CVar [[r.AllowGlobalClipPlane:0]]
[2019.09.18-14.25.11:460][  0]LogConfig: Setting CVar [[r.GBufferFormat:1]]
[2019.09.18-14.25.11:460][  0]LogConfig: Setting CVar [[r.MorphTarget.Mode:1]]
[2019.09.18-14.25.11:460][  0]LogConfig: Setting CVar [[vr.InstancedStereo:0]]
[2019.09.18-14.25.11:460][  0]LogConfig: Setting CVar [[vr.MultiView:0]]
[2019.09.18-14.25.11:460][  0]LogConfig: Setting CVar [[vr.MobileMultiView:0]]
[2019.09.18-14.25.11:460][  0]LogConfig: Setting CVar [[vr.MobileMultiView.Direct:0]]
[2019.09.18-14.25.11:460][  0]LogConfig: Setting CVar [[vr.RoundRobinOcclusion:0]]
[2019.09.18-14.25.11:460][  0]LogConfig: Setting CVar [[vr.ODSCapture:0]]
[2019.09.18-14.25.11:460][  0]LogConfig: Setting CVar [[r.WireframeCullThreshold:5.000000]]
[2019.09.18-14.25.11:460][  0]LogConfig: Setting CVar [[r.RayTracing:0]]
[2019.09.18-14.25.11:460][  0]LogConfig: Setting CVar [[r.SupportStationarySkylight:1]]
[2019.09.18-14.25.11:460][  0]LogConfig: Setting CVar [[r.SupportLowQualityLightmaps:1]]
[2019.09.18-14.25.11:460][  0]LogConfig: Setting CVar [[r.SupportPointLightWholeSceneShadows:1]]
[2019.09.18-14.25.11:460][  0]LogConfig: Setting CVar [[r.SupportAtmosphericFog:1]]
[2019.09.18-14.25.11:460][  0]LogConfig: Setting CVar [[r.SkinCache.CompileShaders:0]]
[2019.09.18-14.25.11:460][  0]LogConfig: Setting CVar [[r.Mobile.EnableStaticAndCSMShadowReceivers:1]]
[2019.09.18-14.25.11:460][  0]LogConfig: Setting CVar [[r.Mobile.EnableMovableLightCSMShaderCulling:1]]
[2019.09.18-14.25.11:460][  0]LogConfig: Setting CVar [[r.Mobile.AllowDistanceFieldShadows:1]]
[2019.09.18-14.25.11:460][  0]LogConfig: Setting CVar [[r.Mobile.AllowMovableDirectionalLights:1]]
[2019.09.18-14.25.11:460][  0]LogConfig: Setting CVar [[r.MobileNumDynamicPointLights:4]]
[2019.09.18-14.25.11:460][  0]LogConfig: Setting CVar [[r.MobileDynamicPointLightsUseStaticBranch:1]]
[2019.09.18-14.25.11:460][  0]LogConfig: Setting CVar [[r.Mobile.EnableMovableSpotlights:0]]
[2019.09.18-14.25.11:460][  0]LogConfig: Setting CVar [[r.SkinCache.SceneMemoryLimitInMB:128.000000]]
[2019.09.18-14.25.11:460][  0]LogConfig: Setting CVar [[r.GPUSkin.Limit2BoneInfluences:0]]
[2019.09.18-14.25.11:460][  0]LogConfig: Setting CVar [[r.SupportDepthOnlyIndexBuffers:1]]
[2019.09.18-14.25.11:460][  0]LogConfig: Setting CVar [[r.SupportReversedIndexBuffers:1]]
[2019.09.18-14.25.11:460][  0]LogConfig: Setting CVar [[r.SupportMaterialLayers:0]]
[2019.09.18-14.25.11:460][  0]LogConfig: Applying CVar settings from Section [/Script/Engine.RendererOverrideSettings] File [C:/Users/Mawie/Documents/Unreal Projects/shootemup/shootemup/Saved/Config/Windows/Engine.ini]
[2019.09.18-14.25.11:460][  0]LogConfig: Applying CVar settings from Section [/Script/Engine.StreamingSettings] File [C:/Users/Mawie/Documents/Unreal Projects/shootemup/shootemup/Saved/Config/Windows/Engine.ini]
[2019.09.18-14.25.11:460][  0]LogConfig: Setting CVar [[s.MinBulkDataSizeForAsyncLoading:131072]]
[2019.09.18-14.25.11:460][  0]LogConfig: Setting CVar [[s.AsyncLoadingThreadEnabled:0]]
[2019.09.18-14.25.11:460][  0]LogConfig: Setting CVar [[s.EventDrivenLoaderEnabled:1]]
[2019.09.18-14.25.11:460][  0]LogConfig: Setting CVar [[s.WarnIfTimeLimitExceeded:0]]
[2019.09.18-14.25.11:460][  0]LogConfig: Setting CVar [[s.TimeLimitExceededMultiplier:1.5]]
[2019.09.18-14.25.11:460][  0]LogConfig: Setting CVar [[s.TimeLimitExceededMinTime:0.005]]
[2019.09.18-14.25.11:461][  0]LogConfig: Setting CVar [[s.UseBackgroundLevelStreaming:1]]
[2019.09.18-14.25.11:461][  0]LogConfig: Setting CVar [[s.PriorityAsyncLoadingExtraTime:15.0]]
[2019.09.18-14.25.11:461][  0]LogConfig: Setting CVar [[s.LevelStreamingActorsUpdateTimeLimit:5.0]]
[2019.09.18-14.25.11:461][  0]LogConfig: Setting CVar [[s.PriorityLevelStreamingActorsUpdateExtraTime:5.0]]
[2019.09.18-14.25.11:461][  0]LogConfig: Setting CVar [[s.LevelStreamingComponentsRegistrationGranularity:10]]
[2019.09.18-14.25.11:461][  0]LogConfig: Setting CVar [[s.UnregisterComponentsTimeLimit:1.0]]
[2019.09.18-14.25.11:461][  0]LogConfig: Setting CVar [[s.LevelStreamingComponentsUnregistrationGranularity:5]]
[2019.09.18-14.25.11:461][  0]LogConfig: Applying CVar settings from Section [/Script/Engine.GarbageCollectionSettings] File [C:/Users/Mawie/Documents/Unreal Projects/shootemup/shootemup/Saved/Config/Windows/Engine.ini]
[2019.09.18-14.25.11:461][  0]LogConfig: Setting CVar [[gc.MaxObjectsNotConsideredByGC:1]]
[2019.09.18-14.25.11:461][  0]LogConfig: Setting CVar [[gc.SizeOfPermanentObjectPool:0]]
[2019.09.18-14.25.11:461][  0]LogConfig: Setting CVar [[gc.FlushStreamingOnGC:0]]
[2019.09.18-14.25.11:461][  0]LogConfig: Setting CVar [[gc.NumRetriesBeforeForcingGC:10]]
[2019.09.18-14.25.11:461][  0]LogConfig: Setting CVar [[gc.AllowParallelGC:1]]
[2019.09.18-14.25.11:461][  0]LogConfig: Setting CVar [[gc.TimeBetweenPurgingPendingKillObjects:61.1]]
[2019.09.18-14.25.11:461][  0]LogConfig: Setting CVar [[gc.MaxObjectsInEditor:16777216]]
[2019.09.18-14.25.11:461][  0]LogConfig: Setting CVar [[gc.IncrementalBeginDestroyEnabled:1]]
[2019.09.18-14.25.11:461][  0]LogConfig: Setting CVar [[gc.CreateGCClusters:1]]
[2019.09.18-14.25.11:461][  0]LogConfig: Setting CVar [[gc.MinGCClusterSize:5]]
[2019.09.18-14.25.11:461][  0]LogConfig: Setting CVar [[gc.ActorClusteringEnabled:0]]
[2019.09.18-14.25.11:461][  0]LogConfig: Setting CVar [[gc.BlueprintClusteringEnabled:0]]
[2019.09.18-14.25.11:461][  0]LogConfig: Setting CVar [[gc.UseDisregardForGCOnDedicatedServers:0]]
[2019.09.18-14.25.11:461][  0]LogConfig: Applying CVar settings from Section [/Script/Engine.NetworkSettings] File [C:/Users/Mawie/Documents/Unreal Projects/shootemup/shootemup/Saved/Config/Windows/Engine.ini]
[2019.09.18-14.25.11:461][  0]LogConfig: Applying CVar settings from Section [/Script/UnrealEd.CookerSettings] File [C:/Users/Mawie/Documents/Unreal Projects/shootemup/shootemup/Saved/Config/Windows/Engine.ini]
[2019.09.18-14.25.11:465][  0]LogConfig: Applying CVar settings from Section [ViewDistanceQuality@3] File [C:/Users/Mawie/Documents/Unreal Projects/shootemup/shootemup/Saved/Config/Windows/Scalability.ini]
[2019.09.18-14.25.11:465][  0]LogConfig: Setting CVar [[r.SkeletalMeshLODBias:0]]
[2019.09.18-14.25.11:465][  0]LogConfig: Setting CVar [[r.ViewDistanceScale:1.0]]
[2019.09.18-14.25.11:465][  0]LogConfig: Applying CVar settings from Section [AntiAliasingQuality@3] File [C:/Users/Mawie/Documents/Unreal Projects/shootemup/shootemup/Saved/Config/Windows/Scalability.ini]
[2019.09.18-14.25.11:465][  0]LogConfig: Setting CVar [[r.PostProcessAAQuality:4]]
[2019.09.18-14.25.11:465][  0]LogConfig: Applying CVar settings from Section [ShadowQuality@3] File [C:/Users/Mawie/Documents/Unreal Projects/shootemup/shootemup/Saved/Config/Windows/Scalability.ini]
[2019.09.18-14.25.11:465][  0]LogConfig: Setting CVar [[r.LightFunctionQuality:1]]
[2019.09.18-14.25.11:465][  0]LogConfig: Setting CVar [[r.ShadowQuality:5]]
[2019.09.18-14.25.11:465][  0]LogConfig: Setting CVar [[r.Shadow.CSM.MaxCascades:10]]
[2019.09.18-14.25.11:465][  0]LogConfig: Setting CVar [[r.Shadow.MaxResolution:2048]]
[2019.09.18-14.25.11:465][  0]LogConfig: Setting CVar [[r.Shadow.MaxCSMResolution:2048]]
[2019.09.18-14.25.11:465][  0]LogConfig: Setting CVar [[r.Shadow.RadiusThreshold:0.01]]
[2019.09.18-14.25.11:465][  0]LogConfig: Setting CVar [[r.Shadow.DistanceScale:1.0]]
[2019.09.18-14.25.11:465][  0]LogConfig: Setting CVar [[r.Shadow.CSM.TransitionScale:1.0]]
[2019.09.18-14.25.11:465][  0]LogConfig: Setting CVar [[r.Shadow.PreShadowResolutionFactor:1.0]]
[2019.09.18-14.25.11:465][  0]LogConfig: Setting CVar [[r.DistanceFieldShadowing:1]]
[2019.09.18-14.25.11:465][  0]LogConfig: Setting CVar [[r.DistanceFieldAO:1]]
[2019.09.18-14.25.11:465][  0]LogConfig: Setting CVar [[r.AOQuality:2]]
[2019.09.18-14.25.11:465][  0]LogConfig: Setting CVar [[r.VolumetricFog:1]]
[2019.09.18-14.25.11:465][  0]LogConfig: Setting CVar [[r.VolumetricFog.GridPixelSize:8]]
[2019.09.18-14.25.11:465][  0]LogConfig: Setting CVar [[r.VolumetricFog.GridSizeZ:128]]
[2019.09.18-14.25.11:465][  0]LogConfig: Setting CVar [[r.VolumetricFog.HistoryMissSupersampleCount:4]]
[2019.09.18-14.25.11:465][  0]LogConfig: Setting CVar [[r.LightMaxDrawDistanceScale:1]]
[2019.09.18-14.25.11:465][  0]LogConfig: Setting CVar [[r.CapsuleShadows:1]]
[2019.09.18-14.25.11:465][  0]LogConfig: Applying CVar settings from Section [PostProcessQuality@3] File [C:/Users/Mawie/Documents/Unreal Projects/shootemup/shootemup/Saved/Config/Windows/Scalability.ini]
[2019.09.18-14.25.11:465][  0]LogConfig: Setting CVar [[r.MotionBlurQuality:4]]
[2019.09.18-14.25.11:465][  0]LogConfig: Setting CVar [[r.AmbientOcclusionMipLevelFactor:0.4]]
[2019.09.18-14.25.11:465][  0]LogConfig: Setting CVar [[r.AmbientOcclusionMaxQuality:100]]
[2019.09.18-14.25.11:465][  0]LogConfig: Setting CVar [[r.AmbientOcclusionLevels:-1]]
[2019.09.18-14.25.11:465][  0]LogConfig: Setting CVar [[r.AmbientOcclusionRadiusScale:1.0]]
[2019.09.18-14.25.11:465][  0]LogConfig: Setting CVar [[r.DepthOfFieldQuality:2]]
[2019.09.18-14.25.11:465][  0]LogConfig: Setting CVar [[r.RenderTargetPoolMin:400]]
[2019.09.18-14.25.11:465][  0]LogConfig: Setting CVar [[r.LensFlareQuality:2]]
[2019.09.18-14.25.11:465][  0]LogConfig: Setting CVar [[r.SceneColorFringeQuality:1]]
[2019.09.18-14.25.11:465][  0]LogConfig: Setting CVar [[r.EyeAdaptationQuality:2]]
[2019.09.18-14.25.11:465][  0]LogConfig: Setting CVar [[r.BloomQuality:5]]
[2019.09.18-14.25.11:465][  0]LogConfig: Setting CVar [[r.FastBlurThreshold:100]]
[2019.09.18-14.25.11:465][  0]LogConfig: Setting CVar [[r.Upscale.Quality:3]]
[2019.09.18-14.25.11:465][  0]LogConfig: Setting CVar [[r.Tonemapper.GrainQuantization:1]]
[2019.09.18-14.25.11:466][  0]LogConfig: Setting CVar [[r.LightShaftQuality:1]]
[2019.09.18-14.25.11:466][  0]LogConfig: Setting CVar [[r.Filter.SizeScale:1]]
[2019.09.18-14.25.11:466][  0]LogConfig: Setting CVar [[r.Tonemapper.Quality:5]]
[2019.09.18-14.25.11:466][  0]LogConfig: Setting CVar [[r.DOF.Gather.AccumulatorQuality:1        ; higher gathering accumulator quality]]
[2019.09.18-14.25.11:466][  0]LogConfig: Setting CVar [[r.DOF.Gather.PostfilterMethod:1          ; Median3x3 postfilering method]]
[2019.09.18-14.25.11:466][  0]LogConfig: Setting CVar [[r.DOF.Gather.EnableBokehSettings:0       ; no bokeh simulation when gathering]]
[2019.09.18-14.25.11:466][  0]LogConfig: Setting CVar [[r.DOF.Gather.RingCount:4                 ; medium number of samples when gathering]]
[2019.09.18-14.25.11:466][  0]LogConfig: Setting CVar [[r.DOF.Scatter.ForegroundCompositing:1    ; additive foreground scattering]]
[2019.09.18-14.25.11:466][  0]LogConfig: Setting CVar [[r.DOF.Scatter.BackgroundCompositing:2    ; additive background scattering]]
[2019.09.18-14.25.11:466][  0]LogConfig: Setting CVar [[r.DOF.Scatter.EnableBokehSettings:1      ; bokeh simulation when scattering]]
[2019.09.18-14.25.11:466][  0]LogConfig: Setting CVar [[r.DOF.Scatter.MaxSpriteRatio:0.1         ; only a maximum of 10% of scattered bokeh]]
[2019.09.18-14.25.11:466][  0]LogConfig: Setting CVar [[r.DOF.Recombine.Quality:1                ; cheap slight out of focus]]
[2019.09.18-14.25.11:466][  0]LogConfig: Setting CVar [[r.DOF.Recombine.EnableBokehSettings:0    ; no bokeh simulation on slight out of focus]]
[2019.09.18-14.25.11:466][  0]LogConfig: Setting CVar [[r.DOF.TemporalAAQuality:1                ; more stable temporal accumulation]]
[2019.09.18-14.25.11:466][  0]LogConfig: Setting CVar [[r.DOF.Kernel.MaxForegroundRadius:0.025]]
[2019.09.18-14.25.11:466][  0]LogConfig: Setting CVar [[r.DOF.Kernel.MaxBackgroundRadius:0.025]]
[2019.09.18-14.25.11:466][  0]LogConfig: Applying CVar settings from Section [TextureQuality@3] File [C:/Users/Mawie/Documents/Unreal Projects/shootemup/shootemup/Saved/Config/Windows/Scalability.ini]
[2019.09.18-14.25.11:466][  0]LogConfig: Setting CVar [[r.Streaming.MipBias:0]]
[2019.09.18-14.25.11:466][  0]LogConfig: Setting CVar [[r.Streaming.AmortizeCPUToGPUCopy:0]]
[2019.09.18-14.25.11:466][  0]LogConfig: Setting CVar [[r.Streaming.MaxNumTexturesToStreamPerFrame:0]]
[2019.09.18-14.25.11:466][  0]LogConfig: Setting CVar [[r.Streaming.Boost:1]]
[2019.09.18-14.25.11:466][  0]LogConfig: Setting CVar [[r.MaxAnisotropy:8]]
[2019.09.18-14.25.11:466][  0]LogConfig: Setting CVar [[r.Streaming.LimitPoolSizeToVRAM:0]]
[2019.09.18-14.25.11:466][  0]LogConfig: Setting CVar [[r.Streaming.PoolSize:1000]]
[2019.09.18-14.25.11:466][  0]LogConfig: Setting CVar [[r.Streaming.MaxEffectiveScreenSize:0]]
[2019.09.18-14.25.11:466][  0]LogConfig: Applying CVar settings from Section [EffectsQuality@3] File [C:/Users/Mawie/Documents/Unreal Projects/shootemup/shootemup/Saved/Config/Windows/Scalability.ini]
[2019.09.18-14.25.11:466][  0]LogConfig: Setting CVar [[r.TranslucencyLightingVolumeDim:64]]
[2019.09.18-14.25.11:466][  0]LogConfig: Setting CVar [[r.RefractionQuality:2]]
[2019.09.18-14.25.11:466][  0]LogConfig: Setting CVar [[r.SSR.Quality:3]]
[2019.09.18-14.25.11:466][  0]LogConfig: Setting CVar [[r.SceneColorFormat:4]]
[2019.09.18-14.25.11:466][  0]LogConfig: Setting CVar [[r.DetailMode:2]]
[2019.09.18-14.25.11:466][  0]LogConfig: Setting CVar [[r.TranslucencyVolumeBlur:1]]
[2019.09.18-14.25.11:466][  0]LogConfig: Setting CVar [[r.MaterialQualityLevel:1 ; High quality]]
[2019.09.18-14.25.11:466][  0]LogConfig: Setting CVar [[r.SSS.Scale:1]]
[2019.09.18-14.25.11:466][  0]LogConfig: Setting CVar [[r.SSS.SampleSet:2]]
[2019.09.18-14.25.11:466][  0]LogConfig: Setting CVar [[r.SSS.Quality:1]]
[2019.09.18-14.25.11:466][  0]LogConfig: Setting CVar [[r.SSS.HalfRes:1]]
[2019.09.18-14.25.11:466][  0]LogConfig: Setting CVar [[r.EmitterSpawnRateScale:1.0]]
[2019.09.18-14.25.11:466][  0]LogConfig: Setting CVar [[r.ParticleLightQuality:2]]
[2019.09.18-14.25.11:466][  0]LogConfig: Applying CVar settings from Section [FoliageQuality@3] File [C:/Users/Mawie/Documents/Unreal Projects/shootemup/shootemup/Saved/Config/Windows/Scalability.ini]
[2019.09.18-14.25.11:466][  0]LogConfig: Setting CVar [[foliage.DensityScale:1.0]]
[2019.09.18-14.25.11:466][  0]LogConfig: Setting CVar [[grass.DensityScale:1.0]]
[2019.09.18-14.25.11:466][  0]LogInit: Selected Device Profile: [Windows]
[2019.09.18-14.25.11:467][  0]LogInit: Applying CVar settings loaded from the selected device profile: [Windows]
[2019.09.18-14.25.11:472][  0]LogHAL: Display: Platform has ~ 16 GB [17015635968 / 17179869184 / 16], which maps to Larger [LargestMinGB=32, LargerMinGB=12, DefaultMinGB=8, SmallerMinGB=6, SmallestMinGB=0)
[2019.09.18-14.25.11:472][  0]LogInit: Going up to parent DeviceProfile []
[2019.09.18-14.25.11:472][  0]LogConfig: Applying CVar settings from Section [ViewDistanceQuality@3] File [C:/Users/Mawie/Documents/Unreal Projects/shootemup/shootemup/Saved/Config/Windows/Scalability.ini]
[2019.09.18-14.25.11:472][  0]LogConfig: Setting CVar [[r.SkeletalMeshLODBias:0]]
[2019.09.18-14.25.11:472][  0]LogConfig: Setting CVar [[r.ViewDistanceScale:1.0]]
[2019.09.18-14.25.11:472][  0]LogConfig: Applying CVar settings from Section [AntiAliasingQuality@3] File [C:/Users/Mawie/Documents/Unreal Projects/shootemup/shootemup/Saved/Config/Windows/Scalability.ini]
[2019.09.18-14.25.11:472][  0]LogConfig: Setting CVar [[r.PostProcessAAQuality:4]]
[2019.09.18-14.25.11:472][  0]LogConfig: Applying CVar settings from Section [ShadowQuality@3] File [C:/Users/Mawie/Documents/Unreal Projects/shootemup/shootemup/Saved/Config/Windows/Scalability.ini]
[2019.09.18-14.25.11:472][  0]LogConfig: Setting CVar [[r.LightFunctionQuality:1]]
[2019.09.18-14.25.11:472][  0]LogConfig: Setting CVar [[r.ShadowQuality:5]]
[2019.09.18-14.25.11:472][  0]LogConfig: Setting CVar [[r.Shadow.CSM.MaxCascades:10]]
[2019.09.18-14.25.11:472][  0]LogConfig: Setting CVar [[r.Shadow.MaxResolution:2048]]
[2019.09.18-14.25.11:472][  0]LogConfig: Setting CVar [[r.Shadow.MaxCSMResolution:2048]]
[2019.09.18-14.25.11:472][  0]LogConfig: Setting CVar [[r.Shadow.RadiusThreshold:0.01]]
[2019.09.18-14.25.11:472][  0]LogConfig: Setting CVar [[r.Shadow.DistanceScale:1.0]]
[2019.09.18-14.25.11:472][  0]LogConfig: Setting CVar [[r.Shadow.CSM.TransitionScale:1.0]]
[2019.09.18-14.25.11:472][  0]LogConfig: Setting CVar [[r.Shadow.PreShadowResolutionFactor:1.0]]
[2019.09.18-14.25.11:472][  0]LogConfig: Setting CVar [[r.DistanceFieldShadowing:1]]
[2019.09.18-14.25.11:472][  0]LogConfig: Setting CVar [[r.DistanceFieldAO:1]]
[2019.09.18-14.25.11:472][  0]LogConfig: Setting CVar [[r.AOQuality:2]]
[2019.09.18-14.25.11:472][  0]LogConfig: Setting CVar [[r.VolumetricFog:1]]
[2019.09.18-14.25.11:472][  0]LogConfig: Setting CVar [[r.VolumetricFog.GridPixelSize:8]]
[2019.09.18-14.25.11:472][  0]LogConfig: Setting CVar [[r.VolumetricFog.GridSizeZ:128]]
[2019.09.18-14.25.11:472][  0]LogConfig: Setting CVar [[r.VolumetricFog.HistoryMissSupersampleCount:4]]
[2019.09.18-14.25.11:472][  0]LogConfig: Setting CVar [[r.LightMaxDrawDistanceScale:1]]
[2019.09.18-14.25.11:472][  0]LogConfig: Setting CVar [[r.CapsuleShadows:1]]
[2019.09.18-14.25.11:472][  0]LogConfig: Applying CVar settings from Section [PostProcessQuality@3] File [C:/Users/Mawie/Documents/Unreal Projects/shootemup/shootemup/Saved/Config/Windows/Scalability.ini]
[2019.09.18-14.25.11:472][  0]LogConfig: Setting CVar [[r.MotionBlurQuality:4]]
[2019.09.18-14.25.11:472][  0]LogConfig: Setting CVar [[r.AmbientOcclusionMipLevelFactor:0.4]]
[2019.09.18-14.25.11:472][  0]LogConfig: Setting CVar [[r.AmbientOcclusionMaxQuality:100]]
[2019.09.18-14.25.11:472][  0]LogConfig: Setting CVar [[r.AmbientOcclusionLevels:-1]]
[2019.09.18-14.25.11:472][  0]LogConfig: Setting CVar [[r.AmbientOcclusionRadiusScale:1.0]]
[2019.09.18-14.25.11:472][  0]LogConfig: Setting CVar [[r.DepthOfFieldQuality:2]]
[2019.09.18-14.25.11:472][  0]LogConfig: Setting CVar [[r.RenderTargetPoolMin:400]]
[2019.09.18-14.25.11:472][  0]LogConfig: Setting CVar [[r.LensFlareQuality:2]]
[2019.09.18-14.25.11:472][  0]LogConfig: Setting CVar [[r.SceneColorFringeQuality:1]]
[2019.09.18-14.25.11:472][  0]LogConfig: Setting CVar [[r.EyeAdaptationQuality:2]]
[2019.09.18-14.25.11:472][  0]LogConfig: Setting CVar [[r.BloomQuality:5]]
[2019.09.18-14.25.11:472][  0]LogConfig: Setting CVar [[r.FastBlurThreshold:100]]
[2019.09.18-14.25.11:472][  0]LogConfig: Setting CVar [[r.Upscale.Quality:3]]
[2019.09.18-14.25.11:473][  0]LogConfig: Setting CVar [[r.Tonemapper.GrainQuantization:1]]
[2019.09.18-14.25.11:473][  0]LogConfig: Setting CVar [[r.LightShaftQuality:1]]
[2019.09.18-14.25.11:473][  0]LogConfig: Setting CVar [[r.Filter.SizeScale:1]]
[2019.09.18-14.25.11:473][  0]LogConfig: Setting CVar [[r.Tonemapper.Quality:5]]
[2019.09.18-14.25.11:473][  0]LogConfig: Setting CVar [[r.DOF.Gather.AccumulatorQuality:1        ; higher gathering accumulator quality]]
[2019.09.18-14.25.11:473][  0]LogConfig: Setting CVar [[r.DOF.Gather.PostfilterMethod:1          ; Median3x3 postfilering method]]
[2019.09.18-14.25.11:473][  0]LogConfig: Setting CVar [[r.DOF.Gather.EnableBokehSettings:0       ; no bokeh simulation when gathering]]
[2019.09.18-14.25.11:473][  0]LogConfig: Setting CVar [[r.DOF.Gather.RingCount:4                 ; medium number of samples when gathering]]
[2019.09.18-14.25.11:473][  0]LogConfig: Setting CVar [[r.DOF.Scatter.ForegroundCompositing:1    ; additive foreground scattering]]
[2019.09.18-14.25.11:473][  0]LogConfig: Setting CVar [[r.DOF.Scatter.BackgroundCompositing:2    ; additive background scattering]]
[2019.09.18-14.25.11:473][  0]LogConfig: Setting CVar [[r.DOF.Scatter.EnableBokehSettings:1      ; bokeh simulation when scattering]]
[2019.09.18-14.25.11:473][  0]LogConfig: Setting CVar [[r.DOF.Scatter.MaxSpriteRatio:0.1         ; only a maximum of 10% of scattered bokeh]]
[2019.09.18-14.25.11:473][  0]LogConfig: Setting CVar [[r.DOF.Recombine.Quality:1                ; cheap slight out of focus]]
[2019.09.18-14.25.11:473][  0]LogConfig: Setting CVar [[r.DOF.Recombine.EnableBokehSettings:0    ; no bokeh simulation on slight out of focus]]
[2019.09.18-14.25.11:473][  0]LogConfig: Setting CVar [[r.DOF.TemporalAAQuality:1                ; more stable temporal accumulation]]
[2019.09.18-14.25.11:473][  0]LogConfig: Setting CVar [[r.DOF.Kernel.MaxForegroundRadius:0.025]]
[2019.09.18-14.25.11:473][  0]LogConfig: Setting CVar [[r.DOF.Kernel.MaxBackgroundRadius:0.025]]
[2019.09.18-14.25.11:473][  0]LogConfig: Applying CVar settings from Section [TextureQuality@3] File [C:/Users/Mawie/Documents/Unreal Projects/shootemup/shootemup/Saved/Config/Windows/Scalability.ini]
[2019.09.18-14.25.11:473][  0]LogConfig: Setting CVar [[r.Streaming.MipBias:0]]
[2019.09.18-14.25.11:473][  0]LogConfig: Setting CVar [[r.Streaming.AmortizeCPUToGPUCopy:0]]
[2019.09.18-14.25.11:473][  0]LogConfig: Setting CVar [[r.Streaming.MaxNumTexturesToStreamPerFrame:0]]
[2019.09.18-14.25.11:473][  0]LogConfig: Setting CVar [[r.Streaming.Boost:1]]
[2019.09.18-14.25.11:473][  0]LogConfig: Setting CVar [[r.MaxAnisotropy:8]]
[2019.09.18-14.25.11:473][  0]LogConfig: Setting CVar [[r.Streaming.LimitPoolSizeToVRAM:0]]
[2019.09.18-14.25.11:473][  0]LogConfig: Setting CVar [[r.Streaming.PoolSize:1000]]
[2019.09.18-14.25.11:473][  0]LogConfig: Setting CVar [[r.Streaming.MaxEffectiveScreenSize:0]]
[2019.09.18-14.25.11:473][  0]LogConfig: Applying CVar settings from Section [EffectsQuality@3] File [C:/Users/Mawie/Documents/Unreal Projects/shootemup/shootemup/Saved/Config/Windows/Scalability.ini]
[2019.09.18-14.25.11:473][  0]LogConfig: Setting CVar [[r.TranslucencyLightingVolumeDim:64]]
[2019.09.18-14.25.11:473][  0]LogConfig: Setting CVar [[r.RefractionQuality:2]]
[2019.09.18-14.25.11:473][  0]LogConfig: Setting CVar [[r.SSR.Quality:3]]
[2019.09.18-14.25.11:473][  0]LogConfig: Setting CVar [[r.SceneColorFormat:4]]
[2019.09.18-14.25.11:473][  0]LogConfig: Setting CVar [[r.DetailMode:2]]
[2019.09.18-14.25.11:473][  0]LogConfig: Setting CVar [[r.TranslucencyVolumeBlur:1]]
[2019.09.18-14.25.11:473][  0]LogConfig: Setting CVar [[r.MaterialQualityLevel:1 ; High quality]]
[2019.09.18-14.25.11:473][  0]LogConfig: Setting CVar [[r.SSS.Scale:1]]
[2019.09.18-14.25.11:473][  0]LogConfig: Setting CVar [[r.SSS.SampleSet:2]]
[2019.09.18-14.25.11:473][  0]LogConfig: Setting CVar [[r.SSS.Quality:1]]
[2019.09.18-14.25.11:473][  0]LogConfig: Setting CVar [[r.SSS.HalfRes:1]]
[2019.09.18-14.25.11:473][  0]LogConfig: Setting CVar [[r.EmitterSpawnRateScale:1.0]]
[2019.09.18-14.25.11:473][  0]LogConfig: Setting CVar [[r.ParticleLightQuality:2]]
[2019.09.18-14.25.11:473][  0]LogConfig: Applying CVar settings from Section [FoliageQuality@3] File [C:/Users/Mawie/Documents/Unreal Projects/shootemup/shootemup/Saved/Config/Windows/Scalability.ini]
[2019.09.18-14.25.11:473][  0]LogConfig: Setting CVar [[foliage.DensityScale:1.0]]
[2019.09.18-14.25.11:473][  0]LogConfig: Setting CVar [[grass.DensityScale:1.0]]
[2019.09.18-14.25.11:473][  0]LogConfig: Applying CVar settings from Section [Startup] File [../../../Engine/Config/ConsoleVariables.ini]
[2019.09.18-14.25.11:474][  0]LogConfig: Setting CVar [[net.UseAdaptiveNetUpdateFrequency:0]]
[2019.09.18-14.25.11:474][  0]LogConfig: Setting CVar [[p.chaos.AllowCreatePhysxBodies:1]]
[2019.09.18-14.25.11:474][  0]LogConfig: Applying CVar settings from Section [ConsoleVariables] File [C:/Users/Mawie/Documents/Unreal Projects/shootemup/shootemup/Saved/Config/Windows/Engine.ini]
[2019.09.18-14.25.11:474][  0]LogInit: Computer: MAWIE
[2019.09.18-14.25.11:474][  0]LogInit: User: Mawie
[2019.09.18-14.25.11:474][  0]LogInit: CPU Page size=4096, Cores=6
[2019.09.18-14.25.11:474][  0]LogInit: High frequency timer resolution =10.000000 MHz
[2019.09.18-14.25.11:474][  0]LogMemory: Memory total: Physical=15.8GB (16GB approx)
[2019.09.18-14.25.11:474][  0]LogMemory: Platform Memory Stats for Windows
[2019.09.18-14.25.11:474][  0]LogMemory: Process Physical Memory: 103.10 MB used, 103.10 MB peak
[2019.09.18-14.25.11:474][  0]LogMemory: Process Virtual Memory: 101.86 MB used, 101.86 MB peak
[2019.09.18-14.25.11:474][  0]LogMemory: Physical Memory: 7028.93 MB used,  9198.45 MB free, 16227.38 MB total
[2019.09.18-14.25.11:474][  0]LogMemory: Virtual Memory: 4687.96 MB used,  134213040.00 MB free, 134217728.00 MB total
[2019.09.18-14.25.11:783][  0]LogWindows: WindowsPlatformFeatures enabled
[2019.09.18-14.25.11:825][  0]LogInit: Using OS detected language (en-GB).
[2019.09.18-14.25.11:825][  0]LogInit: Using OS detected locale (en-GB).
[2019.09.18-14.25.11:827][  0]LogTextLocalizationManager: No specific localization for 'en-GB' exists, so the 'en' localization will be used.
[2019.09.18-14.25.12:079][  0]LogInit: Setting process to per monitor DPI aware
[2019.09.18-14.25.12:139][  0]LogSlate: New Slate User Created.  User Index 0, Is Virtual User: 0
[2019.09.18-14.25.12:139][  0]LogSlate: Slate User Registered.  User Index 0, Is Virtual User: 0
[2019.09.18-14.25.12:447][  0]LogHMD: Failed to initialize OpenVR with code 110
[2019.09.18-14.25.12:447][  0]LogD3D11RHI: D3D11 adapters:
[2019.09.18-14.25.12:585][  0]LogD3D11RHI:    0. 'NVIDIA GeForce GTX 1060' (Feature Level 11_0)
[2019.09.18-14.25.12:586][  0]LogD3D11RHI:       6052/0/8113 MB DedicatedVideo/DedicatedSystem/SharedSystem, Outputs:1, VendorId:0x10de
[2019.09.18-14.25.12:624][  0]LogD3D11RHI:    1. 'Intel(R) UHD Graphics 630' (Feature Level 11_0)
[2019.09.18-14.25.12:624][  0]LogD3D11RHI:       128/0/8113 MB DedicatedVideo/DedicatedSystem/SharedSystem, Outputs:0, VendorId:0x8086
[2019.09.18-14.25.12:628][  0]LogD3D11RHI:    2. 'Microsoft Basic Render Driver' (Feature Level 11_0)
[2019.09.18-14.25.12:628][  0]LogD3D11RHI:       0/0/8113 MB DedicatedVideo/DedicatedSystem/SharedSystem, Outputs:0, VendorId:0x1414
[2019.09.18-14.25.12:628][  0]LogD3D11RHI: Chosen D3D11 Adapter: 0
[2019.09.18-14.25.12:688][  0]LogD3D11RHI: Creating new Direct3DDevice
[2019.09.18-14.25.12:688][  0]LogD3D11RHI:     GPU DeviceId: 0x1c20 (for the marketing name, search the web for "GPU Device Id")
[2019.09.18-14.25.12:688][  0]LogWindows: EnumDisplayDevices:
[2019.09.18-14.25.12:688][  0]LogWindows:    0. 'Intel(R) UHD Graphics 630' (P:1 D:1)
[2019.09.18-14.25.12:689][  0]LogWindows:    1. 'Intel(R) UHD Graphics 630' (P:0 D:0)
[2019.09.18-14.25.12:689][  0]LogWindows:    2. 'Intel(R) UHD Graphics 630' (P:0 D:0)
[2019.09.18-14.25.12:690][  0]LogWindows:    3. 'NVIDIA GeForce GTX 1060' (P:0 D:0)
[2019.09.18-14.25.12:690][  0]LogWindows:    4. 'NVIDIA GeForce GTX 1060' (P:0 D:0)
[2019.09.18-14.25.12:691][  0]LogWindows:    5. 'NVIDIA GeForce GTX 1060' (P:0 D:0)
[2019.09.18-14.25.12:691][  0]LogWindows:    6. 'NVIDIA GeForce GTX 1060' (P:0 D:0)
[2019.09.18-14.25.12:692][  0]LogWindows: DebugString: PrimaryIsNotTheChoosenAdapter PrimaryIsNotTheChoosenAdapter PrimaryIsNotTheChoosenAdapter FoundDriverCount:4 
[2019.09.18-14.25.12:692][  0]LogD3D11RHI:     Adapter Name: NVIDIA GeForce GTX 1060
[2019.09.18-14.25.12:692][  0]LogD3D11RHI:   Driver Version: 431.86 (internal:26.21.14.3186, unified:431.86)
[2019.09.18-14.25.12:692][  0]LogD3D11RHI:      Driver Date: 8-27-2019
[2019.09.18-14.25.12:692][  0]LogRHI: Texture pool is 4236 MB (70% of 6052 MB)
[2019.09.18-14.25.12:788][  0]LogD3D11RHI: Async texture creation enabled
[2019.09.18-14.25.12:814][  0]LogD3D11RHI: GPU Timing Frequency: 1000.000000 (Debug: 2 1)
[2019.09.18-14.25.28:291][  0]LogTemp: Display: Module 'AllDesktopTargetPlatform' loaded TargetPlatform 'AllDesktop'
[2019.09.18-14.25.28:306][  0]LogTemp: Display: Module 'MacClientTargetPlatform' loaded TargetPlatform 'MacClient'
[2019.09.18-14.25.28:320][  0]LogTemp: Display: Module 'MacNoEditorTargetPlatform' loaded TargetPlatform 'MacNoEditor'
[2019.09.18-14.25.28:335][  0]LogTemp: Display: Module 'MacServerTargetPlatform' loaded TargetPlatform 'MacServer'
[2019.09.18-14.25.28:349][  0]LogTemp: Display: Module 'MacTargetPlatform' loaded TargetPlatform 'Mac'
[2019.09.18-14.25.28:364][  0]LogTemp: Display: Module 'WindowsClientTargetPlatform' loaded TargetPlatform 'WindowsClient'
[2019.09.18-14.25.28:378][  0]LogTemp: Display: Module 'WindowsNoEditorTargetPlatform' loaded TargetPlatform 'WindowsNoEditor'
[2019.09.18-14.25.28:393][  0]LogTemp: Display: Module 'WindowsServerTargetPlatform' loaded TargetPlatform 'WindowsServer'
[2019.09.18-14.25.28:400][  0]LogTemp: Display: Module 'WindowsTargetPlatform' loaded TargetPlatform 'Windows'
[2019.09.18-14.25.28:452][  0]LogTemp: Display: Module 'AndroidTargetPlatform' loaded TargetPlatform 'Android'
[2019.09.18-14.25.28:452][  0]LogTemp: Display: Module 'AndroidTargetPlatform' loaded TargetPlatform 'Android_ASTC'
[2019.09.18-14.25.28:453][  0]LogTemp: Display: Module 'AndroidTargetPlatform' loaded TargetPlatform 'Android_ATC'
[2019.09.18-14.25.28:453][  0]LogTemp: Display: Module 'AndroidTargetPlatform' loaded TargetPlatform 'Android_DXT'
[2019.09.18-14.25.28:453][  0]LogTemp: Display: Module 'AndroidTargetPlatform' loaded TargetPlatform 'Android_ETC1'
[2019.09.18-14.25.28:453][  0]LogTemp: Display: Module 'AndroidTargetPlatform' loaded TargetPlatform 'Android_ETC1a'
[2019.09.18-14.25.28:453][  0]LogTemp: Display: Module 'AndroidTargetPlatform' loaded TargetPlatform 'Android_ETC2'
[2019.09.18-14.25.28:453][  0]LogTemp: Display: Module 'AndroidTargetPlatform' loaded TargetPlatform 'Android_PVRTC'
[2019.09.18-14.25.28:453][  0]LogTemp: Display: Module 'AndroidTargetPlatform' loaded TargetPlatform 'AndroidClient'
[2019.09.18-14.25.28:453][  0]LogTemp: Display: Module 'AndroidTargetPlatform' loaded TargetPlatform 'Android_ASTCClient'
[2019.09.18-14.25.28:453][  0]LogTemp: Display: Module 'AndroidTargetPlatform' loaded TargetPlatform 'Android_ATCClient'
[2019.09.18-14.25.28:453][  0]LogTemp: Display: Module 'AndroidTargetPlatform' loaded TargetPlatform 'Android_DXTClient'
[2019.09.18-14.25.28:453][  0]LogTemp: Display: Module 'AndroidTargetPlatform' loaded TargetPlatform 'Android_ETC1Client'
[2019.09.18-14.25.28:453][  0]LogTemp: Display: Module 'AndroidTargetPlatform' loaded TargetPlatform 'Android_ETC1aClient'
[2019.09.18-14.25.28:453][  0]LogTemp: Display: Module 'AndroidTargetPlatform' loaded TargetPlatform 'Android_ETC2Client'
[2019.09.18-14.25.28:453][  0]LogTemp: Display: Module 'AndroidTargetPlatform' loaded TargetPlatform 'Android_PVRTCClient'
[2019.09.18-14.25.28:453][  0]LogTemp: Display: Module 'AndroidTargetPlatform' loaded TargetPlatform 'Android_Multi'
[2019.09.18-14.25.28:453][  0]LogTemp: Display: Module 'AndroidTargetPlatform' loaded TargetPlatform 'Android_MultiClient'
[2019.09.18-14.25.28:456][  0]LogTemp: Display: Module 'HTML5TargetPlatform' loaded TargetPlatform 'HTML5'
[2019.09.18-14.25.28:484][  0]LogTemp: Display: Module 'IOSTargetPlatform' loaded TargetPlatform 'IOSClient'
[2019.09.18-14.25.28:484][  0]LogTemp: Display: Module 'IOSTargetPlatform' loaded TargetPlatform 'IOS'
[2019.09.18-14.25.28:507][  0]LogTemp: Display: Module 'TVOSTargetPlatform' loaded TargetPlatform 'TVOSClient'
[2019.09.18-14.25.28:507][  0]LogTemp: Display: Module 'TVOSTargetPlatform' loaded TargetPlatform 'TVOS'
[2019.09.18-14.25.28:519][  0]LogTemp: Display: Module 'LinuxClientTargetPlatform' loaded TargetPlatform 'LinuxClient'
[2019.09.18-14.25.28:530][  0]LogTemp: Display: Module 'LinuxNoEditorTargetPlatform' loaded TargetPlatform 'LinuxNoEditor'
[2019.09.18-14.25.28:542][  0]LogTemp: Display: Module 'LinuxServerTargetPlatform' loaded TargetPlatform 'LinuxServer'
[2019.09.18-14.25.28:555][  0]LogTemp: Display: Module 'LinuxTargetPlatform' loaded TargetPlatform 'Linux'
[2019.09.18-14.25.28:593][  0]LogTemp: Display: Module 'LuminTargetPlatform' loaded TargetPlatform 'Lumin'
[2019.09.18-14.25.28:593][  0]LogTemp: Display: Module 'LuminTargetPlatform' loaded TargetPlatform 'LuminClient'
[2019.09.18-14.25.28:593][  0]LogTargetPlatformManager: Display: Building Assets For Windows
[2019.09.18-14.25.28:608][  0]LogAudioDebug: Display: Lib vorbis DLL was dynamically loaded.
[2019.09.18-14.25.28:696][  0]LogShaderCompilers: Guid format shader working directory is -29 characters bigger than the processId version (../../../../../../Users/Mawie/Documents/Unreal Projects/shootemup/shootemup/Intermediate/Shaders/WorkingDirectory/8160/).
[2019.09.18-14.25.28:696][  0]LogShaderCompilers: Cleaned the shader compiler working directory 'C:/Users/Mawie/AppData/Local/Temp/UnrealShaderWorkingDir/327034E04507E8B7877FF5849440F3F9/'.
[2019.09.18-14.25.28:700][  0]LogXGEController: Cannot use XGE Controller as Incredibuild is not installed on this machine.
[2019.09.18-14.25.28:700][  0]LogShaderCompilers: Cannot use XGE Shader Compiler as Incredibuild is not installed on this machine.
[2019.09.18-14.25.28:700][  0]LogShaderCompilers: Display: Using Local Shader Compiler.
[2019.09.18-14.25.29:656][  0]LogDerivedDataCache: Display: Max Cache Size: 512 MB
[2019.09.18-14.25.29:724][  0]LogDerivedDataCache: Loaded boot cache 0.07s 73MB C:/Users/Mawie/AppData/Local/UnrealEngine/4.23/DerivedDataCache/Boot.ddc.
[2019.09.18-14.25.29:724][  0]LogDerivedDataCache: Display: Loaded Boot cache: C:/Users/Mawie/AppData/Local/UnrealEngine/4.23/DerivedDataCache/Boot.ddc
[2019.09.18-14.25.29:724][  0]LogDerivedDataCache: FDerivedDataBackendGraph:  Pak pak cache file ../../../../../../Users/Mawie/Documents/Unreal Projects/shootemup/shootemup/DerivedDataCache/DDC.ddp not found, will not use a pak cache.
[2019.09.18-14.25.29:724][  0]LogDerivedDataCache: Unable to find inner node Pak for hierarchical cache Hierarchy.
[2019.09.18-14.25.29:724][  0]LogDerivedDataCache: FDerivedDataBackendGraph:  CompressedPak pak cache file ../../../../../../Users/Mawie/Documents/Unreal Projects/shootemup/shootemup/DerivedDataCache/Compressed.ddp not found, will not use a pak cache.
[2019.09.18-14.25.29:724][  0]LogDerivedDataCache: Unable to find inner node CompressedPak for hierarchical cache Hierarchy.
[2019.09.18-14.25.29:741][  0]LogDerivedDataCache: Display: Pak cache opened for reading ../../../Engine/DerivedDataCache/Compressed.ddp.
[2019.09.18-14.25.29:742][  0]LogDerivedDataCache: FDerivedDataBackendGraph:  EnterprisePak pak cache file ../../../Enterprise/DerivedDataCache/Compressed.ddp not found, will not use a pak cache.
[2019.09.18-14.25.29:742][  0]LogDerivedDataCache: Unable to find inner node EnterprisePak for hierarchical cache Hierarchy.
[2019.09.18-14.25.29:743][  0]LogDerivedDataCache: Using Local data cache path C:/Users/Mawie/AppData/Local/UnrealEngine/Common/DerivedDataCache: Writable
[2019.09.18-14.25.29:743][  0]LogDerivedDataCache: Shared data cache path not found in *engine.ini, will not use an Shared cache.
[2019.09.18-14.25.29:743][  0]LogDerivedDataCache: Unable to find inner node Shared for hierarchical cache Hierarchy.
[2019.09.18-14.25.29:775][  0]LogMaterial: Verifying Global Shaders for PCD3D_SM5
[2019.09.18-14.25.29:779][  0]LogSlate: Using FreeType 2.6.0
[2019.09.18-14.25.29:779][  0]LogSlate: SlateFontServices - WITH_FREETYPE: 1, WITH_HARFBUZZ: 1
[2019.09.18-14.25.30:918][  0]LogAssetRegistry: FAssetRegistry took 0.0036 seconds to start up
[2019.09.18-14.25.31:314][  0]LogInit: Selected Device Profile: [Windows]
[2019.09.18-14.25.31:545][  0]LogMeshReduction: Using QuadricMeshReduction for automatic static mesh reduction
[2019.09.18-14.25.31:545][  0]LogMeshReduction: Using SimplygonMeshReduction for automatic skeletal mesh reduction
[2019.09.18-14.25.31:545][  0]LogMeshReduction: Using ProxyLODMeshReduction for automatic mesh merging
[2019.09.18-14.25.31:545][  0]LogMeshReduction: No distributed automatic mesh merging module available
[2019.09.18-14.25.31:545][  0]LogMeshMerging: No distributed automatic mesh merging module available
[2019.09.18-14.25.31:560][  0]LogNetVersion: shootemup 1.0.0, NetCL: 8386587, EngineNetVer: 11, GameNetVer: 0 (Checksum: 3219274609)
[2019.09.18-14.25.32:180][  0]LogPackageLocalizationCache: Processed 12 localized package path(s) for 1 prioritized culture(s) in 0.065930 seconds
[2019.09.18-14.25.32:189][  0]LogUObjectArray: 43444 objects as part of root set at end of initial load.
[2019.09.18-14.25.32:189][  0]LogUObjectAllocator: 7548648 out of 0 bytes used by permanent object pool.
[2019.09.18-14.25.32:189][  0]LogUObjectArray: CloseDisregardForGC: 0/0 objects in disregard for GC pool
[2019.09.18-14.25.33:498][  0]LogTcpMessaging: Initializing TcpMessaging bridge
[2019.09.18-14.25.33:502][  0]LogUdpMessaging: Initializing bridge on interface 0.0.0.0:0 to multicast group 230.0.0.1:6666.
[2019.09.18-14.25.33:580][  0]SourceControl: Source control is disabled
[2019.09.18-14.25.33:580][  0]SourceControl: Source control is disabled
[2019.09.18-14.25.33:582][  0]SourceControl: Source control is disabled
[2019.09.18-14.25.33:584][  0]SourceControl: Source control is disabled
[2019.09.18-14.25.33:595][  0]LogVSAccessor: Display: Unable to create Visual Studio setup instance: 80040154
[2019.09.18-14.25.33:596][  0]LogVSAccessor: Display: Unable to create Visual Studio setup instance: 80040154
[2019.09.18-14.25.33:717][  0]LogAndroidPermission: UAndroidPermissionCallbackProxy::GetInstance
[2019.09.18-14.25.34:317][  0]LogOcInput: OculusInput pre-init called
[2019.09.18-14.25.34:329][  0]LogWindows: Failed to load 'OVRPlugin.dll' (GetLastError=126)
[2019.09.18-14.25.34:329][  0]LogWindows: File 'OVRPlugin.dll' does not exist
[2019.09.18-14.25.34:432][  0]LogEngine: Initializing Engine...
[2019.09.18-14.25.34:433][  0]LogHMD: Failed to initialize OpenVR with code 110
[2019.09.18-14.25.34:434][  0]LogStats: UGameplayTagsManager::InitializeManager -  0.000 s
[2019.09.18-14.25.34:762][  0]LogInit: Initializing FReadOnlyCVARCache
[2019.09.18-14.25.34:784][  0]LogAIModule: Creating AISystem for world Untitled
[2019.09.18-14.25.34:800][  0]LogInit: XAudio2 using 'Speakers (Realtek(R) Audio)' : 6 channels at 48 kHz using 32 bits per sample (channel mask 0x3f)
[2019.09.18-14.25.35:027][  0]LogInit: FAudioDevice initialized.
[2019.09.18-14.25.35:027][  0]LogNetVersion: Set ProjectVersion to 1.0.0.0. Version Checksum will be recalculated on next use.
[2019.09.18-14.25.35:086][  0]LogDerivedDataCache: Saved boot cache 0.06s 73MB C:/Users/Mawie/AppData/Local/UnrealEngine/4.23/DerivedDataCache/Boot.ddc.
[2019.09.18-14.25.35:097][  0]LogInit: Texture streaming: Enabled
[2019.09.18-14.25.35:126][  0]LogEngineSessionManager: EngineSessionManager initialized
[2019.09.18-14.25.35:217][  0]LogInit: Transaction tracking system initialized
[2019.09.18-14.25.35:268][  0]BlueprintLog: New page: Editor Load
[2019.09.18-14.25.35:394][  0]LocalizationService: Localization service is disabled
[2019.09.18-14.25.35:499][  0]LogVSAccessor: Display: Unable to create Visual Studio setup instance: 80040154
[2019.09.18-14.25.35:500][  0]LogVSAccessor: Display: Unable to create Visual Studio setup instance: 80040154
[2019.09.18-14.25.35:777][  0]LogFileCache: Scanning file cache for directory 'C:/Users/Mawie/Documents/Unreal Projects/shootemup/shootemup/Content/' took 0.00s
[2019.09.18-14.25.35:777][  0]LogCook: Display: Max memory allowance for cook 16384mb min free memory 0mb
[2019.09.18-14.25.35:778][  0]LogCook: Display: Mobile HDR setting 1
[2019.09.18-14.25.36:054][  0]SourceControl: Source control is disabled
[2019.09.18-14.25.36:054][  0]Cmd: MAP LOAD FILE="../../../../../../Users/Mawie/Documents/Unreal Projects/shootemup/shootemup/Content/TopDownBP/Maps/TopDownExampleMap.umap" TEMPLATE=0 SHOWPROGRESS=1 FEATURELEVEL=3
[2019.09.18-14.25.36:054][  0]LightingResults: New page: Lighting Build
[2019.09.18-14.25.36:059][  0]LogWorld: UWorld::CleanupWorld for Untitled, bSessionEnded=true, bCleanupResources=true
[2019.09.18-14.25.36:059][  0]MapCheck: New page: Map Check
[2019.09.18-14.25.36:059][  0]LightingResults: New page: Lighting Build
[2019.09.18-14.25.36:107][  0]LogUObjectHash: Compacting FUObjectHashTables data took   2.43ms
[2019.09.18-14.25.36:550][  0]LogAIModule: Creating AISystem for world TopDownExampleMap
[2019.09.18-14.25.36:557][  0]LogEditorServer: Finished looking for orphan Actors (0.000 secs)
[2019.09.18-14.25.36:604][  0]LogUObjectHash: Compacting FUObjectHashTables data took   3.04ms
[2019.09.18-14.25.36:604][  0]Cmd: MAP CHECKDEP NOCLEARLOG
[2019.09.18-14.25.36:604][  0]MapCheck: Map check complete: 0 Error(s), 0 Warning(s), took 0.238ms to complete.
[2019.09.18-14.25.36:604][  0]LogFileHelpers: Loading map 'TopDownExampleMap' took 0.550
[2019.09.18-14.25.36:730][  0]LogSlate: Updating window title bar state: overlay mode, drag disabled, window buttons hidden, title bar hidden
[2019.09.18-14.25.36:740][  0]LogSlate: Updating window title bar state: overlay mode, drag disabled, window buttons hidden, title bar hidden
[2019.09.18-14.25.36:750][  0]LogSlate: Updating window title bar state: overlay mode, drag disabled, window buttons hidden, title bar hidden
[2019.09.18-14.25.36:761][  0]LogSlate: Updating window title bar state: overlay mode, drag disabled, window buttons hidden, title bar hidden
[2019.09.18-14.25.36:771][  0]LogCollectionManager: Loaded 0 collections in 0.003131 seconds
[2019.09.18-14.25.36:781][  0]LogFileCache: Scanning file cache for directory 'C:/Users/Mawie/Documents/Unreal Projects/shootemup/shootemup/Saved/Collections/' took 0.00s
[2019.09.18-14.25.36:781][  0]LogFileCache: Scanning file cache for directory 'C:/Users/Mawie/Documents/Unreal Projects/shootemup/shootemup/Content/Developers/Mawie/Collections/' took 0.00s
[2019.09.18-14.25.36:781][  0]LogFileCache: Scanning file cache for directory 'C:/Users/Mawie/Documents/Unreal Projects/shootemup/shootemup/Content/Collections/' took 0.00s
[2019.09.18-14.25.36:781][  0]LogCollectionManager: Rebuilt the GUID cache for 0 collections in 0.000002 seconds
[2019.09.18-14.25.36:792][  0]LogContentBrowser: Native class hierarchy populated in 0.0114 seconds. Added 2863 classes and 680 folders.
[2019.09.18-14.25.36:803][  0]LogContentBrowser: Native class hierarchy updated for 'WidgetCarousel' in 0.0003 seconds. Added 0 classes and 0 folders.
[2019.09.18-14.25.36:869][  0]LogContentBrowser: Native class hierarchy updated for 'AddContentDialog' in 0.0003 seconds. Added 0 classes and 0 folders.
[2019.09.18-14.25.36:877][  0]LogContentBrowser: Native class hierarchy updated for 'SceneOutliner' in 0.0003 seconds. Added 1 classes and 2 folders.
[2019.09.18-14.25.36:897][  0]LogSlate: Took 0.000332 seconds to synchronously load lazily loaded font '../../../Engine/Content/Slate/Fonts/Roboto-Regular.ttf' (155K)
[2019.09.18-14.25.36:901][  0]LogSlate: Took 0.000337 seconds to synchronously load lazily loaded font '../../../Engine/Content/Slate/Fonts/Roboto-Bold.ttf' (160K)
[2019.09.18-14.25.36:906][  0]LogSlate: Took 0.000234 seconds to synchronously load lazily loaded font '../../../Engine/Content/Editor/Slate/Fonts/FontAwesome.ttf' (139K)
[2019.09.18-14.25.37:010][  0]LogRenderer: Reallocating scene render targets to support 964x436 Format 10 NumSamples 1 (Frame:1).
[2019.09.18-14.25.37:180][  0]LogContentBrowser: Native class hierarchy updated for 'HierarchicalLODOutliner' in 0.0004 seconds. Added 0 classes and 0 folders.
[2019.09.18-14.25.37:180][  0]LogLoad: (Engine Initialization) Total time: 27.72 seconds
[2019.09.18-14.25.37:180][  0]LogLoad: (Engine Initialization) Total Blueprint compile time: 0.00 seconds
[2019.09.18-14.25.37:255][  0]LogContentStreaming: Texture pool size now 1000 MB
[2019.09.18-14.25.37:274][  0]LogSlate: Took 0.000203 seconds to synchronously load lazily loaded font '../../../Engine/Content/Slate/Fonts/Roboto-Light.ttf' (167K)
[2019.09.18-14.25.37:379][  1]LogAssetRegistry: Asset discovery search completed in 6.4621 seconds
[2019.09.18-14.25.37:384][  1]LogCollectionManager: Rebuilt the object cache for 0 collections in 0.000012 seconds (found 0 objects)
[2019.09.18-14.25.37:384][  1]LogCollectionManager: Fixed up redirectors for 0 collections in 0.000106 seconds (updated 0 objects)
[2019.09.18-14.25.38:224][ 48]LogSlate: Took 0.000215 seconds to synchronously load lazily loaded font '../../../Engine/Content/Slate/Fonts/Roboto-Light.ttf' (167K)
[2019.09.18-14.25.41:058][212]LogSlate: FSceneViewport::OnFocusLost() reason 0
[2019.09.18-14.25.46:847][501]LogSlate: Window 'Pick Parent Class' being destroyed
[2019.09.18-14.25.50:689][729]LogAssetEditorManager: Opening Asset editor for Blueprint /Game/TopDownBP/Character/Foe/Foe.Foe
[2019.09.18-14.25.51:073][729]LogContentBrowser: Native class hierarchy updated for 'BlueprintGraph' in 0.0007 seconds. Added 121 classes and 0 folders.
[2019.09.18-14.25.53:913][814]LogRenderer: Reallocating scene render targets to support 964x540 Format 10 NumSamples 1 (Frame:83).
[2019.09.18-14.25.54:380][842]LogSlate: Window 'Foe' being destroyed
[2019.09.18-14.25.54:665][859]LogSlate: Took 0.000236 seconds to synchronously load lazily loaded font '../../../Engine/Content/Slate/Fonts/Roboto-Italic.ttf' (157K)
[2019.09.18-14.25.59:580][145]LogRHI: Error: SyncInterval 0
[2019.09.18-14.25.59:580][145]LogRHI: Error: SwapChainDesc.BufferDesc.Width 318
[2019.09.18-14.25.59:580][145]LogRHI: Error: SwapChainDesc.BufferDesc.Height 30
[2019.09.18-14.25.59:580][145]LogRHI: Error: SwapChainDesc.BufferDesc.RefreshRate.Numerator 0
[2019.09.18-14.25.59:580][145]LogRHI: Error: SwapChainDesc.BufferDesc.RefreshRate.Denominator 0
[2019.09.18-14.25.59:580][145]LogRHI: Error: SwapChainDesc.BufferDesc.Format 24
[2019.09.18-14.25.59:580][145]LogRHI: Error: SwapChainDesc.BufferDesc.ScanlineOrdering 0
[2019.09.18-14.25.59:580][145]LogRHI: Error: SwapChainDesc.BufferDesc.Scaling 0
[2019.09.18-14.25.59:580][145]LogRHI: Error: SwapChainDesc.SampleDesc.Count 1
[2019.09.18-14.25.59:580][145]LogRHI: Error: SwapChainDesc.SampleDesc.Quality 0
[2019.09.18-14.25.59:580][145]LogRHI: Error: SwapChainDesc.BufferUsage 48
[2019.09.18-14.25.59:580][145]LogRHI: Error: SwapChainDesc.BufferCount 1
[2019.09.18-14.25.59:581][145]LogRHI: Error: SwapChainDesc.OutputWindow 0000000000160898
[2019.09.18-14.25.59:581][145]LogRHI: Error: SwapChainDesc.Windowed true
[2019.09.18-14.25.59:581][145]LogRHI: Error: SwapChainDesc.SwapEffect 0
[2019.09.18-14.25.59:581][145]LogRHI: Error: SwapChainDesc.Flags 2
[2019.09.18-14.25.59:581][145]LogD3D11RHI: Error: Result failed 
 at D:/Build/++UE4/Sync/Engine/Source/Runtime/Windows/D3D11RHI/Private/D3D11Viewport.cpp:371 
 with error E_INVALIDARG
[2019.09.18-14.25.59:581][145]LogWindows: Windows GetLastError: The operation completed successfully. (0)
[2019.09.18-14.26.01:738][145]LogThreadingWindows: Error: Runnable thread RenderThread 6 crashed.
[2019.09.18-14.26.01:738][145]LogWindows: Error: === Critical error: ===
[2019.09.18-14.26.01:738][145]LogWindows: Error: 
[2019.09.18-14.26.01:738][145]LogWindows: Error: Fatal error: [File:D:/Build/++UE4/Sync/Engine/Source/Runtime/Windows/D3D11RHI/Private/D3D11Util.cpp] [Line: 249] 
[2019.09.18-14.26.01:738][145]LogWindows: Error: Result failed 
[2019.09.18-14.26.01:738][145]LogWindows: Error:  at D:/Build/++UE4/Sync/Engine/Source/Runtime/Windows/D3D11RHI/Private/D3D11Viewport.cpp:371 
[2019.09.18-14.26.01:738][145]LogWindows: Error:  with error E_INVALIDARG
[2019.09.18-14.26.01:738][145]LogWindows: Error: 
[2019.09.18-14.26.01:738][145]LogWindows: Error: 
[2019.09.18-14.26.01:738][145]LogWindows: Error: [Callstack] 0x00007ff8deda4fb9 KERNELBASE.dll!UnknownFunction []
[2019.09.18-14.26.01:738][145]LogWindows: Error: [Callstack] 0x00007ff899959ef7 UE4Editor-Core.dll!UnknownFunction []
[2019.09.18-14.26.01:738][145]LogWindows: Error: [Callstack] 0x00007ff89995c754 UE4Editor-Core.dll!UnknownFunction []
[2019.09.18-14.26.01:738][145]LogWindows: Error: [Callstack] 0x00007ff899751afa UE4Editor-Core.dll!UnknownFunction []
[2019.09.18-14.26.01:738][145]LogWindows: Error: [Callstack] 0x00007ff8996a67c3 UE4Editor-Core.dll!UnknownFunction []
[2019.09.18-14.26.01:738][145]LogWindows: Error: [Callstack] 0x00007ff8996a66a8 UE4Editor-Core.dll!UnknownFunction []
[2019.09.18-14.26.01:738][145]LogWindows: Error: [Callstack] 0x00007ff87bc6170e UE4Editor-D3D11RHI.dll!UnknownFunction []
[2019.09.18-14.26.01:738][145]LogWindows: Error: [Callstack] 0x00007ff87bc41add UE4Editor-D3D11RHI.dll!UnknownFunction []
[2019.09.18-14.26.01:738][145]LogWindows: Error: [Callstack] 0x00007ff87bc4d12d UE4Editor-D3D11RHI.dll!UnknownFunction []
[2019.09.18-14.26.01:738][145]LogWindows: Error: [Callstack] 0x00007ff8b23a77b0 UE4Editor-RHI.dll!UnknownFunction []
[2019.09.18-14.26.01:738][145]LogWindows: Error: [Callstack] 0x00007ff8b23a72aa UE4Editor-RHI.dll!UnknownFunction []
[2019.09.18-14.26.01:738][145]LogWindows: Error: [Callstack] 0x00007ff8b23a8373 UE4Editor-RHI.dll!UnknownFunction []
[2019.09.18-14.26.01:738][145]LogWindows: Error: [Callstack] 0x00007ff8b239e7ca UE4Editor-RHI.dll!UnknownFunction []
[2019.09.18-14.26.01:738][145]LogWindows: Error: [Callstack] 0x00007ff87b6f90d6 UE4Editor-SlateRHIRenderer.dll!UnknownFunction []
[2019.09.18-14.26.01:738][145]LogWindows: Error: [Callstack] 0x00007ff87b7007f2 UE4Editor-SlateRHIRenderer.dll!UnknownFunction []
[2019.09.18-14.26.01:738][145]LogWindows: Error: [Callstack] 0x00007ff899524e4a UE4Editor-Core.dll!UnknownFunction []
[2019.09.18-14.26.01:738][145]LogWindows: Error: [Callstack] 0x00007ff8995251f3 UE4Editor-Core.dll!UnknownFunction []
[2019.09.18-14.26.01:738][145]LogWindows: Error: [Callstack] 0x00007ff8b16c0021 UE4Editor-RenderCore.dll!UnknownFunction []
[2019.09.18-14.26.01:738][145]LogWindows: Error: [Callstack] 0x00007ff8b16c85b4 UE4Editor-RenderCore.dll!UnknownFunction []
[2019.09.18-14.26.01:738][145]LogWindows: Error: [Callstack] 0x00007ff899979a8f UE4Editor-Core.dll!UnknownFunction []
[2019.09.18-14.26.01:738][145]LogWindows: Error: [Callstack] 0x00007ff89996ffe1 UE4Editor-Core.dll!UnknownFunction []
[2019.09.18-14.26.01:738][145]LogWindows: Error: [Callstack] 0x00007ff8e06c6fd4 KERNEL32.DLL!UnknownFunction []
[2019.09.18-14.26.01:738][145]LogWindows: Error: [Callstack] 0x00007ff8e161b1f1 ntdll.dll!UnknownFunction []
[2019.09.18-14.26.01:738][145]LogWindows: Error: 
[2019.09.18-14.26.01:738][145]LogWindows: Error: Crash in runnable thread RenderThread 6
[2019.09.18-14.26.01:739][145]LogOutputDevice: Warning: 

Script Stack (0 frames):

[2019.09.18-14.26.01:744][145]LogWindows: Windows GetLastError: The operation completed successfully. (0)
[2019.09.18-14.26.01:744][145]LogWindows: Error: HandleError re-entered.
[2019.09.18-14.26.01:744][145]LogWindows: FPlatformMisc::RequestExit(1)
[2019.09.18-14.26.01:756][145]Log file closed, 09/18/19 16:26:01
